[28/Apr/2018:18:51:31 +0200] 0:0:0:0:0:0:0:1 "GET /cas/login HTTP/1.1" 200 (11030 ms)
[28/Apr/2018:18:51:31 +0200] 0:0:0:0:0:0:0:1 "GET /cas/webjars/lato/0.3.0/css/lato.min.css HTTP/1.1" 200 (27 ms)
[28/Apr/2018:18:51:31 +0200] 0:0:0:0:0:0:0:1 "GET /cas/webjars/font-awesome/4.7.0/css/font-awesome.min.css HTTP/1.1" 200 (164 ms)
[28/Apr/2018:18:51:31 +0200] 0:0:0:0:0:0:0:1 "GET /cas/webjars/jquery/3.3.1/dist/jquery.min.js HTTP/1.1" 200 (58 ms)
[28/Apr/2018:18:51:31 +0200] 0:0:0:0:0:0:0:1 "GET /cas/webjars/bootstrap/3.3.7-1/css/bootstrap.min.css HTTP/1.1" 200 (177 ms)
[28/Apr/2018:18:51:31 +0200] 0:0:0:0:0:0:0:1 "GET /cas/webjars/bootstrap/3.3.7-1/js/bootstrap.min.js HTTP/1.1" 200 (29 ms)
[28/Apr/2018:18:51:31 +0200] 0:0:0:0:0:0:0:1 "GET /cas/js/cas.js HTTP/1.1" 200 (21 ms)
[28/Apr/2018:18:51:31 +0200] 0:0:0:0:0:0:0:1 "GET /cas/css/cas.css HTTP/1.1" 200 (169 ms)
[28/Apr/2018:18:51:31 +0200] 0:0:0:0:0:0:0:1 "GET /cas/webjars/jquery-cookie/1.4.1-1/jquery.cookie.js HTTP/1.1" 200 (14 ms)
[28/Apr/2018:18:51:31 +0200] 0:0:0:0:0:0:0:1 "GET /cas/webjars/jquery-ui/1.12.1/jquery-ui.min.js HTTP/1.1" 200 (201 ms)
[28/Apr/2018:18:51:31 +0200] 0:0:0:0:0:0:0:1 "GET /cas/webjars/headjs/1.0.3/head.min.js HTTP/1.1" 200 (56 ms)
[28/Apr/2018:18:51:31 +0200] 0:0:0:0:0:0:0:1 "GET /cas/webjars/zxcvbn/4.3.0/zxcvbn.js HTTP/1.1" 200 (511 ms)
[28/Apr/2018:18:51:32 +0200] 0:0:0:0:0:0:0:1 "GET /cas/images/error.png HTTP/1.1" 200 (38 ms)
[28/Apr/2018:18:51:32 +0200] 0:0:0:0:0:0:0:1 "GET /cas/images/cas-logo.png HTTP/1.1" 200 (32 ms)
[28/Apr/2018:18:51:32 +0200] 0:0:0:0:0:0:0:1 "GET /cas/images/apereo-logo.png HTTP/1.1" 200 (50 ms)
[28/Apr/2018:18:51:32 +0200] 0:0:0:0:0:0:0:1 "GET /cas/webjars/lato/0.3.0/font/lato-light/lato-light.woff2 HTTP/1.1" 200 (87 ms)
[28/Apr/2018:18:51:32 +0200] 0:0:0:0:0:0:0:1 "GET /cas/webjars/font-awesome/4.7.0/fonts/fontawesome-webfont.woff2?v=4.7.0 HTTP/1.1" 200 (114 ms)
[28/Apr/2018:18:51:39 +0200] 0:0:0:0:0:0:0:1 "POST /cas/login HTTP/1.1" 200 (503 ms)
[28/Apr/2018:18:51:39 +0200] 0:0:0:0:0:0:0:1 "GET /cas/webjars/lato/0.3.0/css/lato.min.css HTTP/1.1" 200 (51 ms)
[28/Apr/2018:18:51:39 +0200] 0:0:0:0:0:0:0:1 "GET /cas/webjars/font-awesome/4.7.0/css/font-awesome.min.css HTTP/1.1" 200 (60 ms)
[28/Apr/2018:18:51:39 +0200] 0:0:0:0:0:0:0:1 "GET /cas/css/cas.css HTTP/1.1" 200 (63 ms)
[28/Apr/2018:18:51:39 +0200] 0:0:0:0:0:0:0:1 "GET /cas/webjars/bootstrap/3.3.7-1/css/bootstrap.min.css HTTP/1.1" 200 (126 ms)
[28/Apr/2018:18:51:39 +0200] 0:0:0:0:0:0:0:1 "GET /cas/webjars/font-awesome/4.7.0/fonts/fontawesome-webfont.woff2?v=4.7.0 HTTP/1.1" 200 (58 ms)
[28/Apr/2018:18:51:43 +0200] 0:0:0:0:0:0:0:1 "GET /cas/logout HTTP/1.1" 200 (281 ms)
[28/Apr/2018:18:51:43 +0200] 0:0:0:0:0:0:0:1 "GET /cas/webjars/lato/0.3.0/css/lato.min.css HTTP/1.1" 200 (20 ms)
[28/Apr/2018:18:51:43 +0200] 0:0:0:0:0:0:0:1 "GET /cas/css/cas.css HTTP/1.1" 200 (41 ms)
[28/Apr/2018:18:51:43 +0200] 0:0:0:0:0:0:0:1 "GET /cas/webjars/font-awesome/4.7.0/css/font-awesome.min.css HTTP/1.1" 200 (86 ms)
[28/Apr/2018:18:51:44 +0200] 0:0:0:0:0:0:0:1 "GET /cas/webjars/bootstrap/3.3.7-1/css/bootstrap.min.css HTTP/1.1" 200 (133 ms)
[28/Apr/2018:18:51:57 +0200] 0:0:0:0:0:0:0:1 "GET /cas/login HTTP/1.1" 200 (4944 ms)
[28/Apr/2018:18:51:57 +0200] 0:0:0:0:0:0:0:1 "GET /cas/webjars/lato/0.3.0/css/lato.min.css HTTP/1.1" 200 (24 ms)
[28/Apr/2018:18:51:57 +0200] 0:0:0:0:0:0:0:1 "GET /cas/webjars/font-awesome/4.7.0/css/font-awesome.min.css HTTP/1.1" 200 (92 ms)
[28/Apr/2018:18:51:57 +0200] 0:0:0:0:0:0:0:1 "GET /cas/css/cas.css HTTP/1.1" 200 (121 ms)
[28/Apr/2018:18:51:57 +0200] 0:0:0:0:0:0:0:1 "GET /cas/webjars/bootstrap/3.3.7-1/css/bootstrap.min.css HTTP/1.1" 200 (188 ms)
[28/Apr/2018:18:51:58 +0200] 0:0:0:0:0:0:0:1 "GET /cas/webjars/lato/0.3.0/font/lato-light/lato-light.woff2 HTTP/1.1" 200 (38 ms)
[28/Apr/2018:18:51:58 +0200] 0:0:0:0:0:0:0:1 "GET /cas/webjars/font-awesome/4.7.0/fonts/fontawesome-webfont.woff2?v=4.7.0 HTTP/1.1" 200 (117 ms)
[28/Apr/2018:18:54:02 +0200] 0:0:0:0:0:0:0:1 "GET /cas/login?service=http%3A%2F%2Flocalhost%3A9000%2Flogin%2Fcas HTTP/1.1" 200 (4989 ms)
[28/Apr/2018:18:54:02 +0200] 0:0:0:0:0:0:0:1 "GET /cas/webjars/lato/0.3.0/css/lato.min.css HTTP/1.1" 200 (79 ms)
[28/Apr/2018:18:54:02 +0200] 0:0:0:0:0:0:0:1 "GET /cas/webjars/font-awesome/4.7.0/css/font-awesome.min.css HTTP/1.1" 200 (255 ms)
[28/Apr/2018:18:54:02 +0200] 0:0:0:0:0:0:0:1 "GET /cas/css/cas.css HTTP/1.1" 200 (100 ms)
[28/Apr/2018:18:54:02 +0200] 0:0:0:0:0:0:0:1 "GET /cas/webjars/jquery-cookie/1.4.1-1/jquery.cookie.js HTTP/1.1" 200 (31 ms)
[28/Apr/2018:18:54:02 +0200] 0:0:0:0:0:0:0:1 "GET /cas/webjars/bootstrap/3.3.7-1/js/bootstrap.min.js HTTP/1.1" 200 (56 ms)
[28/Apr/2018:18:54:02 +0200] 0:0:0:0:0:0:0:1 "GET /cas/js/cas.js HTTP/1.1" 200 (60 ms)
[28/Apr/2018:18:54:02 +0200] 0:0:0:0:0:0:0:1 "GET /cas/webjars/headjs/1.0.3/head.min.js HTTP/1.1" 200 (110 ms)
[28/Apr/2018:18:54:02 +0200] 0:0:0:0:0:0:0:1 "GET /cas/webjars/jquery-ui/1.12.1/jquery-ui.min.js HTTP/1.1" 200 (153 ms)
[28/Apr/2018:18:54:02 +0200] 0:0:0:0:0:0:0:1 "GET /cas/webjars/jquery/3.3.1/dist/jquery.min.js HTTP/1.1" 200 (77 ms)
[28/Apr/2018:18:54:02 +0200] 0:0:0:0:0:0:0:1 "GET /cas/webjars/bootstrap/3.3.7-1/css/bootstrap.min.css HTTP/1.1" 200 (260 ms)
[28/Apr/2018:18:54:02 +0200] 0:0:0:0:0:0:0:1 "GET /cas/webjars/zxcvbn/4.3.0/zxcvbn.js HTTP/1.1" 200 (366 ms)
[28/Apr/2018:18:54:03 +0200] 0:0:0:0:0:0:0:1 "GET /cas/images/cas-logo.png HTTP/1.1" 200 (23 ms)
[28/Apr/2018:18:54:03 +0200] 0:0:0:0:0:0:0:1 "GET /cas/images/apereo-logo.png HTTP/1.1" 200 (39 ms)
[28/Apr/2018:18:54:40 +0200] 0:0:0:0:0:0:0:1 "GET /cas/login?service=http%3A%2F%2Flocalhost%3A9000%2Flogin%2Fcas HTTP/1.1" 200 (72 ms)
[28/Apr/2018:18:54:41 +0200] 0:0:0:0:0:0:0:1 "GET /cas/webjars/jquery-cookie/1.4.1-1/jquery.cookie.js HTTP/1.1" 200 (25 ms)
[28/Apr/2018:18:54:41 +0200] 0:0:0:0:0:0:0:1 "GET /cas/webjars/lato/0.3.0/css/lato.min.css HTTP/1.1" 200 (41 ms)
[28/Apr/2018:18:54:41 +0200] 0:0:0:0:0:0:0:1 "GET /cas/webjars/font-awesome/4.7.0/css/font-awesome.min.css HTTP/1.1" 200 (234 ms)
[28/Apr/2018:18:54:41 +0200] 0:0:0:0:0:0:0:1 "GET /cas/js/cas.js HTTP/1.1" 200 (21 ms)
[28/Apr/2018:18:54:41 +0200] 0:0:0:0:0:0:0:1 "GET /cas/css/cas.css HTTP/1.1" 200 (87 ms)
[28/Apr/2018:18:54:41 +0200] 0:0:0:0:0:0:0:1 "GET /cas/webjars/headjs/1.0.3/head.min.js HTTP/1.1" 200 (70 ms)
[28/Apr/2018:18:54:42 +0200] 0:0:0:0:0:0:0:1 "GET /cas/webjars/bootstrap/3.3.7-1/css/bootstrap.min.css HTTP/1.1" 200 (1327 ms)
[28/Apr/2018:18:54:42 +0200] 0:0:0:0:0:0:0:1 "GET /cas/webjars/bootstrap/3.3.7-1/js/bootstrap.min.js HTTP/1.1" 200 (1187 ms)
[28/Apr/2018:18:54:42 +0200] 0:0:0:0:0:0:0:1 "GET /cas/webjars/jquery-ui/1.12.1/jquery-ui.min.js HTTP/1.1" 200 (1328 ms)
[28/Apr/2018:18:54:42 +0200] 0:0:0:0:0:0:0:1 "GET /cas/webjars/jquery/3.3.1/dist/jquery.min.js HTTP/1.1" 200 (1198 ms)
[28/Apr/2018:18:54:42 +0200] 0:0:0:0:0:0:0:1 "GET /cas/webjars/zxcvbn/4.3.0/zxcvbn.js HTTP/1.1" 200 (1481 ms)
[28/Apr/2018:18:54:42 +0200] 0:0:0:0:0:0:0:1 "GET /cas/images/cas-logo.png HTTP/1.1" 200 (27 ms)
[28/Apr/2018:18:54:42 +0200] 0:0:0:0:0:0:0:1 "GET /cas/images/apereo-logo.png HTTP/1.1" 200 (37 ms)
[28/Apr/2018:18:57:08 +0200] 0:0:0:0:0:0:0:1 "GET /cas/login?service=http%3A%2F%2Flocalhost%3A9000%2Flogin%2Fcas HTTP/1.1" 200 (183 ms)
[28/Apr/2018:18:57:08 +0200] 0:0:0:0:0:0:0:1 "GET /cas/css/cas.css HTTP/1.1" 200 (76 ms)
[28/Apr/2018:18:57:08 +0200] 0:0:0:0:0:0:0:1 "GET /cas/webjars/lato/0.3.0/css/lato.min.css HTTP/1.1" 200 (59 ms)
[28/Apr/2018:18:57:08 +0200] 0:0:0:0:0:0:0:1 "GET /cas/webjars/jquery-cookie/1.4.1-1/jquery.cookie.js HTTP/1.1" 200 (29 ms)
[28/Apr/2018:18:57:08 +0200] 0:0:0:0:0:0:0:1 "GET /cas/webjars/font-awesome/4.7.0/css/font-awesome.min.css HTTP/1.1" 200 (250 ms)
[28/Apr/2018:18:57:08 +0200] 0:0:0:0:0:0:0:1 "GET /cas/webjars/headjs/1.0.3/head.min.js HTTP/1.1" 200 (48 ms)
[28/Apr/2018:18:57:08 +0200] 0:0:0:0:0:0:0:1 "GET /cas/webjars/jquery-ui/1.12.1/jquery-ui.min.js HTTP/1.1" 200 (150 ms)
[28/Apr/2018:18:57:08 +0200] 0:0:0:0:0:0:0:1 "GET /cas/js/cas.js HTTP/1.1" 200 (23 ms)
[28/Apr/2018:18:57:08 +0200] 0:0:0:0:0:0:0:1 "GET /cas/webjars/jquery/3.3.1/dist/jquery.min.js HTTP/1.1" 200 (198 ms)
[28/Apr/2018:18:57:08 +0200] 0:0:0:0:0:0:0:1 "GET /cas/webjars/bootstrap/3.3.7-1/js/bootstrap.min.js HTTP/1.1" 200 (103 ms)
[28/Apr/2018:18:57:08 +0200] 0:0:0:0:0:0:0:1 "GET /cas/webjars/bootstrap/3.3.7-1/css/bootstrap.min.css HTTP/1.1" 200 (276 ms)
[28/Apr/2018:18:57:09 +0200] 0:0:0:0:0:0:0:1 "GET /cas/webjars/zxcvbn/4.3.0/zxcvbn.js HTTP/1.1" 200 (357 ms)
[28/Apr/2018:18:57:09 +0200] 0:0:0:0:0:0:0:1 "GET /cas/images/cas-logo.png HTTP/1.1" 200 (25 ms)
[28/Apr/2018:18:57:09 +0200] 0:0:0:0:0:0:0:1 "GET /cas/images/apereo-logo.png HTTP/1.1" 200 (51 ms)
[28/Apr/2018:18:57:15 +0200] 0:0:0:0:0:0:0:1 "GET /cas HTTP/1.1" 302 (0 ms)
[28/Apr/2018:18:57:16 +0200] 0:0:0:0:0:0:0:1 "GET /cas/ HTTP/1.1" 302 (10 ms)
[28/Apr/2018:18:57:16 +0200] 0:0:0:0:0:0:0:1 "GET /cas/login HTTP/1.1" 200 (67 ms)
[28/Apr/2018:18:57:16 +0200] 0:0:0:0:0:0:0:1 "GET /cas/webjars/jquery/3.3.1/dist/jquery.min.js HTTP/1.1" 304 (93 ms)
[28/Apr/2018:18:57:16 +0200] 0:0:0:0:0:0:0:1 "GET /cas/css/cas.css HTTP/1.1" 200 (114 ms)
[28/Apr/2018:18:57:16 +0200] 0:0:0:0:0:0:0:1 "GET /cas/webjars/jquery-ui/1.12.1/jquery-ui.min.js HTTP/1.1" 304 (5 ms)
[28/Apr/2018:18:57:16 +0200] 0:0:0:0:0:0:0:1 "GET /cas/webjars/zxcvbn/4.3.0/zxcvbn.js HTTP/1.1" 304 (107 ms)
[28/Apr/2018:18:57:16 +0200] 0:0:0:0:0:0:0:1 "GET /cas/webjars/jquery-cookie/1.4.1-1/jquery.cookie.js HTTP/1.1" 304 (7 ms)
[28/Apr/2018:18:57:16 +0200] 0:0:0:0:0:0:0:1 "GET /cas/webjars/lato/0.3.0/css/lato.min.css HTTP/1.1" 200 (124 ms)
[28/Apr/2018:18:57:16 +0200] 0:0:0:0:0:0:0:1 "GET /cas/webjars/font-awesome/4.7.0/css/font-awesome.min.css HTTP/1.1" 200 (150 ms)
[28/Apr/2018:18:57:16 +0200] 0:0:0:0:0:0:0:1 "GET /cas/webjars/bootstrap/3.3.7-1/js/bootstrap.min.js HTTP/1.1" 304 (27 ms)
[28/Apr/2018:18:57:16 +0200] 0:0:0:0:0:0:0:1 "GET /cas/webjars/headjs/1.0.3/head.min.js HTTP/1.1" 304 (41 ms)
[28/Apr/2018:18:57:16 +0200] 0:0:0:0:0:0:0:1 "GET /cas/js/cas.js HTTP/1.1" 304 (15 ms)
[28/Apr/2018:18:57:16 +0200] 0:0:0:0:0:0:0:1 "GET /cas/webjars/bootstrap/3.3.7-1/css/bootstrap.min.css HTTP/1.1" 200 (250 ms)
[28/Apr/2018:18:57:16 +0200] 0:0:0:0:0:0:0:1 "GET /cas/images/error.png HTTP/1.1" 304 (31 ms)
[28/Apr/2018:18:57:16 +0200] 0:0:0:0:0:0:0:1 "GET /cas/images/cas-logo.png HTTP/1.1" 304 (34 ms)
[28/Apr/2018:18:57:16 +0200] 0:0:0:0:0:0:0:1 "GET /cas/images/apereo-logo.png HTTP/1.1" 304 (43 ms)
[28/Apr/2018:18:57:16 +0200] 0:0:0:0:0:0:0:1 "GET /cas/webjars/lato/0.3.0/font/lato-light/lato-light.woff2 HTTP/1.1" 200 (63 ms)
[28/Apr/2018:18:57:16 +0200] 0:0:0:0:0:0:0:1 "GET /cas/webjars/font-awesome/4.7.0/fonts/fontawesome-webfont.woff2?v=4.7.0 HTTP/1.1" 200 (154 ms)
[28/Apr/2018:18:58:26 +0200] 0:0:0:0:0:0:0:1 "GET /cas HTTP/1.1" 302 (0 ms)
[28/Apr/2018:18:58:26 +0200] 0:0:0:0:0:0:0:1 "GET /cas/ HTTP/1.1" 302 (16 ms)
[28/Apr/2018:18:58:26 +0200] 0:0:0:0:0:0:0:1 "GET /cas/login HTTP/1.1" 200 (166 ms)
[28/Apr/2018:18:58:26 +0200] 0:0:0:0:0:0:0:1 "GET /cas/webjars/zxcvbn/4.3.0/zxcvbn.js HTTP/1.1" 304 (78 ms)
[28/Apr/2018:18:58:26 +0200] 0:0:0:0:0:0:0:1 "GET /cas/webjars/jquery-ui/1.12.1/jquery-ui.min.js HTTP/1.1" 304 (18 ms)
[28/Apr/2018:18:58:26 +0200] 0:0:0:0:0:0:0:1 "GET /cas/webjars/lato/0.3.0/css/lato.min.css HTTP/1.1" 200 (71 ms)
[28/Apr/2018:18:58:26 +0200] 0:0:0:0:0:0:0:1 "GET /cas/webjars/jquery/3.3.1/dist/jquery.min.js HTTP/1.1" 304 (66 ms)
[28/Apr/2018:18:58:26 +0200] 0:0:0:0:0:0:0:1 "GET /cas/css/cas.css HTTP/1.1" 200 (111 ms)
[28/Apr/2018:18:58:26 +0200] 0:0:0:0:0:0:0:1 "GET /cas/webjars/font-awesome/4.7.0/css/font-awesome.min.css HTTP/1.1" 200 (144 ms)
[28/Apr/2018:18:58:26 +0200] 0:0:0:0:0:0:0:1 "GET /cas/webjars/jquery-cookie/1.4.1-1/jquery.cookie.js HTTP/1.1" 304 (7 ms)
[28/Apr/2018:18:58:27 +0200] 0:0:0:0:0:0:0:1 "GET /cas/webjars/bootstrap/3.3.7-1/js/bootstrap.min.js HTTP/1.1" 304 (27 ms)
[28/Apr/2018:18:58:27 +0200] 0:0:0:0:0:0:0:1 "GET /cas/webjars/headjs/1.0.3/head.min.js HTTP/1.1" 304 (30 ms)
[28/Apr/2018:18:58:27 +0200] 0:0:0:0:0:0:0:1 "GET /cas/js/cas.js HTTP/1.1" 304 (29 ms)
[28/Apr/2018:18:58:27 +0200] 0:0:0:0:0:0:0:1 "GET /cas/webjars/bootstrap/3.3.7-1/css/bootstrap.min.css HTTP/1.1" 200 (227 ms)
[28/Apr/2018:18:58:27 +0200] 0:0:0:0:0:0:0:1 "GET /cas/images/apereo-logo.png HTTP/1.1" 304 (29 ms)
[28/Apr/2018:18:58:27 +0200] 0:0:0:0:0:0:0:1 "GET /cas/images/error.png HTTP/1.1" 304 (36 ms)
[28/Apr/2018:18:58:27 +0200] 0:0:0:0:0:0:0:1 "GET /cas/images/cas-logo.png HTTP/1.1" 304 (35 ms)
[28/Apr/2018:18:58:27 +0200] 0:0:0:0:0:0:0:1 "GET /cas/webjars/lato/0.3.0/font/lato-light/lato-light.woff2 HTTP/1.1" 200 (62 ms)
[28/Apr/2018:18:58:27 +0200] 0:0:0:0:0:0:0:1 "GET /cas/webjars/font-awesome/4.7.0/fonts/fontawesome-webfont.woff2?v=4.7.0 HTTP/1.1" 200 (151 ms)
[28/Apr/2018:18:58:35 +0200] 0:0:0:0:0:0:0:1 "GET /cas/login?service=http%3A%2F%2Flocalhost%3A9000%2Flogin%2Fcas HTTP/1.1" 200 (46 ms)
[28/Apr/2018:18:58:36 +0200] 0:0:0:0:0:0:0:1 "GET /cas/webjars/lato/0.3.0/css/lato.min.css HTTP/1.1" 200 (66 ms)
[28/Apr/2018:18:58:36 +0200] 0:0:0:0:0:0:0:1 "GET /cas/webjars/zxcvbn/4.3.0/zxcvbn.js HTTP/1.1" 304 (63 ms)
[28/Apr/2018:18:58:36 +0200] 0:0:0:0:0:0:0:1 "GET /cas/webjars/jquery/3.3.1/dist/jquery.min.js HTTP/1.1" 304 (82 ms)
[28/Apr/2018:18:58:36 +0200] 0:0:0:0:0:0:0:1 "GET /cas/webjars/jquery-ui/1.12.1/jquery-ui.min.js HTTP/1.1" 304 (10 ms)
[28/Apr/2018:18:58:36 +0200] 0:0:0:0:0:0:0:1 "GET /cas/webjars/jquery-cookie/1.4.1-1/jquery.cookie.js HTTP/1.1" 304 (11 ms)
[28/Apr/2018:18:58:36 +0200] 0:0:0:0:0:0:0:1 "GET /cas/webjars/bootstrap/3.3.7-1/js/bootstrap.min.js HTTP/1.1" 304 (24 ms)
[28/Apr/2018:18:58:36 +0200] 0:0:0:0:0:0:0:1 "GET /cas/webjars/font-awesome/4.7.0/css/font-awesome.min.css HTTP/1.1" 200 (130 ms)
[28/Apr/2018:18:58:36 +0200] 0:0:0:0:0:0:0:1 "GET /cas/js/cas.js HTTP/1.1" 304 (18 ms)
[28/Apr/2018:18:58:36 +0200] 0:0:0:0:0:0:0:1 "GET /cas/css/cas.css HTTP/1.1" 200 (147 ms)
[28/Apr/2018:18:58:36 +0200] 0:0:0:0:0:0:0:1 "GET /cas/webjars/headjs/1.0.3/head.min.js HTTP/1.1" 304 (50 ms)
[28/Apr/2018:18:58:36 +0200] 0:0:0:0:0:0:0:1 "GET /cas/webjars/bootstrap/3.3.7-1/css/bootstrap.min.css HTTP/1.1" 200 (189 ms)
[28/Apr/2018:18:58:36 +0200] 0:0:0:0:0:0:0:1 "GET /cas/images/cas-logo.png HTTP/1.1" 304 (21 ms)
[28/Apr/2018:18:58:36 +0200] 0:0:0:0:0:0:0:1 "GET /cas/images/apereo-logo.png HTTP/1.1" 304 (20 ms)
[28/Apr/2018:18:58:39 +0200] 0:0:0:0:0:0:0:1 "GET /cas/login?service=http%3A%2F%2Flocalhost%3A9000%2Flogin%2Fcas HTTP/1.1" 200 (43 ms)
[28/Apr/2018:18:58:39 +0200] 0:0:0:0:0:0:0:1 "GET /cas/webjars/lato/0.3.0/css/lato.min.css HTTP/1.1" 200 (129 ms)
[28/Apr/2018:18:58:39 +0200] 0:0:0:0:0:0:0:1 "GET /cas/css/cas.css HTTP/1.1" 200 (143 ms)
[28/Apr/2018:18:58:39 +0200] 0:0:0:0:0:0:0:1 "GET /cas/webjars/font-awesome/4.7.0/css/font-awesome.min.css HTTP/1.1" 200 (191 ms)
[28/Apr/2018:18:58:39 +0200] 0:0:0:0:0:0:0:1 "GET /cas/webjars/bootstrap/3.3.7-1/css/bootstrap.min.css HTTP/1.1" 200 (229 ms)
[28/Apr/2018:19:02:59 +0200] 0:0:0:0:0:0:0:1 "GET /cas/login?service=http%3A%2F%2Flocalhost%3A9000%2Flogin%2Fcas HTTP/1.1" 200 (10371 ms)
[28/Apr/2018:19:02:59 +0200] 0:0:0:0:0:0:0:1 "GET /cas/webjars/lato/0.3.0/css/lato.min.css HTTP/1.1" 200 (42 ms)
[28/Apr/2018:19:02:59 +0200] 0:0:0:0:0:0:0:1 "GET /cas/webjars/bootstrap/3.3.7-1/js/bootstrap.min.js HTTP/1.1" 200 (102 ms)
[28/Apr/2018:19:02:59 +0200] 0:0:0:0:0:0:0:1 "GET /cas/css/cas.css HTTP/1.1" 200 (223 ms)
[28/Apr/2018:19:02:59 +0200] 0:0:0:0:0:0:0:1 "GET /cas/webjars/jquery/3.3.1/dist/jquery.min.js HTTP/1.1" 200 (174 ms)
[28/Apr/2018:19:02:59 +0200] 0:0:0:0:0:0:0:1 "GET /cas/webjars/font-awesome/4.7.0/css/font-awesome.min.css HTTP/1.1" 200 (304 ms)
[28/Apr/2018:19:02:59 +0200] 0:0:0:0:0:0:0:1 "GET /cas/webjars/headjs/1.0.3/head.min.js HTTP/1.1" 200 (43 ms)
[28/Apr/2018:19:02:59 +0200] 0:0:0:0:0:0:0:1 "GET /cas/webjars/jquery-cookie/1.4.1-1/jquery.cookie.js HTTP/1.1" 200 (19 ms)
[28/Apr/2018:19:02:59 +0200] 0:0:0:0:0:0:0:1 "GET /cas/js/cas.js HTTP/1.1" 200 (56 ms)
[28/Apr/2018:19:02:59 +0200] 0:0:0:0:0:0:0:1 "GET /cas/webjars/jquery-ui/1.12.1/jquery-ui.min.js HTTP/1.1" 200 (115 ms)
[28/Apr/2018:19:02:59 +0200] 0:0:0:0:0:0:0:1 "GET /cas/webjars/bootstrap/3.3.7-1/css/bootstrap.min.css HTTP/1.1" 200 (304 ms)
[28/Apr/2018:19:03:00 +0200] 0:0:0:0:0:0:0:1 "GET /cas/webjars/zxcvbn/4.3.0/zxcvbn.js HTTP/1.1" 200 (429 ms)
[28/Apr/2018:19:03:00 +0200] 0:0:0:0:0:0:0:1 "GET /cas/images/cas-logo.png HTTP/1.1" 200 (26 ms)
[28/Apr/2018:19:03:00 +0200] 0:0:0:0:0:0:0:1 "GET /cas/images/apereo-logo.png HTTP/1.1" 200 (57 ms)
[28/Apr/2018:19:16:41 +0200] 0:0:0:0:0:0:0:1 "GET /cas/login HTTP/1.1" 200 (6264 ms)
[28/Apr/2018:19:16:41 +0200] 0:0:0:0:0:0:0:1 "GET /cas/webjars/lato/0.3.0/css/lato.min.css HTTP/1.1" 200 (31 ms)
[28/Apr/2018:19:16:41 +0200] 0:0:0:0:0:0:0:1 "GET /cas/webjars/bootstrap/3.3.7-1/js/bootstrap.min.js HTTP/1.1" 200 (53 ms)
[28/Apr/2018:19:16:41 +0200] 0:0:0:0:0:0:0:1 "GET /cas/webjars/font-awesome/4.7.0/css/font-awesome.min.css HTTP/1.1" 200 (86 ms)
[28/Apr/2018:19:16:41 +0200] 0:0:0:0:0:0:0:1 "GET /cas/webjars/headjs/1.0.3/head.min.js HTTP/1.1" 200 (65 ms)
[28/Apr/2018:19:16:41 +0200] 0:0:0:0:0:0:0:1 "GET /cas/js/cas.js HTTP/1.1" 200 (17 ms)
[28/Apr/2018:19:16:41 +0200] 0:0:0:0:0:0:0:1 "GET /cas/webjars/bootstrap/3.3.7-1/css/bootstrap.min.css HTTP/1.1" 200 (134 ms)
[28/Apr/2018:19:16:41 +0200] 0:0:0:0:0:0:0:1 "GET /cas/css/cas.css HTTP/1.1" 200 (58 ms)
[28/Apr/2018:19:16:41 +0200] 0:0:0:0:0:0:0:1 "GET /cas/webjars/jquery-cookie/1.4.1-1/jquery.cookie.js HTTP/1.1" 200 (52 ms)
[28/Apr/2018:19:16:41 +0200] 0:0:0:0:0:0:0:1 "GET /cas/webjars/jquery-ui/1.12.1/jquery-ui.min.js HTTP/1.1" 200 (114 ms)
[28/Apr/2018:19:16:41 +0200] 0:0:0:0:0:0:0:1 "GET /cas/webjars/jquery/3.3.1/dist/jquery.min.js HTTP/1.1" 200 (67 ms)
[28/Apr/2018:19:16:41 +0200] 0:0:0:0:0:0:0:1 "GET /cas/webjars/zxcvbn/4.3.0/zxcvbn.js HTTP/1.1" 200 (564 ms)
[28/Apr/2018:19:16:41 +0200] 0:0:0:0:0:0:0:1 "GET /cas/images/cas-logo.png HTTP/1.1" 200 (12 ms)
[28/Apr/2018:19:16:41 +0200] 0:0:0:0:0:0:0:1 "GET /cas/images/apereo-logo.png HTTP/1.1" 200 (30 ms)
[28/Apr/2018:19:16:42 +0200] 0:0:0:0:0:0:0:1 "GET /cas/webjars/lato/0.3.0/font/lato-light/lato-light.woff2 HTTP/1.1" 200 (508 ms)
[28/Apr/2018:19:16:42 +0200] 0:0:0:0:0:0:0:1 "GET /cas/webjars/font-awesome/4.7.0/fonts/fontawesome-webfont.woff2?v=4.7.0 HTTP/1.1" 200 (647 ms)
[28/Apr/2018:19:16:42 +0200] 0:0:0:0:0:0:0:1 "GET /cas/images/error.png HTTP/1.1" 200 (690 ms)
[28/Apr/2018:19:16:45 +0200] 0:0:0:0:0:0:0:1 "GET /cas/login?service=http%3A%2F%2Flocalhost%3A9000%2Flogin%2Fcas HTTP/1.1" 200 (54 ms)
[28/Apr/2018:19:16:45 +0200] 0:0:0:0:0:0:0:1 "GET /cas/webjars/jquery/3.3.1/dist/jquery.min.js HTTP/1.1" 304 (13 ms)
[28/Apr/2018:19:16:45 +0200] 0:0:0:0:0:0:0:1 "GET /cas/webjars/lato/0.3.0/css/lato.min.css HTTP/1.1" 200 (47 ms)
[28/Apr/2018:19:16:45 +0200] 0:0:0:0:0:0:0:1 "GET /cas/webjars/font-awesome/4.7.0/css/font-awesome.min.css HTTP/1.1" 200 (71 ms)
[28/Apr/2018:19:16:45 +0200] 0:0:0:0:0:0:0:1 "GET /cas/webjars/jquery-ui/1.12.1/jquery-ui.min.js HTTP/1.1" 304 (5 ms)
[28/Apr/2018:19:16:45 +0200] 0:0:0:0:0:0:0:1 "GET /cas/webjars/jquery-cookie/1.4.1-1/jquery.cookie.js HTTP/1.1" 304 (5 ms)
[28/Apr/2018:19:16:45 +0200] 0:0:0:0:0:0:0:1 "GET /cas/webjars/zxcvbn/4.3.0/zxcvbn.js HTTP/1.1" 304 (51 ms)
[28/Apr/2018:19:16:45 +0200] 0:0:0:0:0:0:0:1 "GET /cas/css/cas.css HTTP/1.1" 200 (59 ms)
[28/Apr/2018:19:16:45 +0200] 0:0:0:0:0:0:0:1 "GET /cas/webjars/bootstrap/3.3.7-1/js/bootstrap.min.js HTTP/1.1" 304 (8 ms)
[28/Apr/2018:19:16:45 +0200] 0:0:0:0:0:0:0:1 "GET /cas/js/cas.js HTTP/1.1" 304 (7 ms)
[28/Apr/2018:19:16:45 +0200] 0:0:0:0:0:0:0:1 "GET /cas/webjars/headjs/1.0.3/head.min.js HTTP/1.1" 304 (11 ms)
[28/Apr/2018:19:16:45 +0200] 0:0:0:0:0:0:0:1 "GET /cas/webjars/bootstrap/3.3.7-1/css/bootstrap.min.css HTTP/1.1" 200 (165 ms)
[28/Apr/2018:19:16:45 +0200] 0:0:0:0:0:0:0:1 "GET /cas/images/apereo-logo.png HTTP/1.1" 304 (114 ms)
[28/Apr/2018:19:16:45 +0200] 0:0:0:0:0:0:0:1 "GET /cas/images/cas-logo.png HTTP/1.1" 304 (115 ms)
[28/Apr/2018:19:16:52 +0200] 0:0:0:0:0:0:0:1 "GET /cas/login?service=http%3A%2F%2Flocalhost%3A9000%2Flogin%2Fcas HTTP/1.1" 200 (43 ms)
[28/Apr/2018:19:16:52 +0200] 0:0:0:0:0:0:0:1 "GET /cas/webjars/lato/0.3.0/css/lato.min.css HTTP/1.1" 200 (27 ms)
[28/Apr/2018:19:16:52 +0200] 0:0:0:0:0:0:0:1 "GET /cas/webjars/font-awesome/4.7.0/css/font-awesome.min.css HTTP/1.1" 200 (108 ms)
[28/Apr/2018:19:16:52 +0200] 0:0:0:0:0:0:0:1 "GET /cas/webjars/jquery-cookie/1.4.1-1/jquery.cookie.js HTTP/1.1" 200 (7 ms)
[28/Apr/2018:19:16:52 +0200] 0:0:0:0:0:0:0:1 "GET /cas/css/cas.css HTTP/1.1" 200 (112 ms)
[28/Apr/2018:19:16:52 +0200] 0:0:0:0:0:0:0:1 "GET /cas/webjars/bootstrap/3.3.7-1/js/bootstrap.min.js HTTP/1.1" 200 (21 ms)
[28/Apr/2018:19:16:52 +0200] 0:0:0:0:0:0:0:1 "GET /cas/webjars/jquery-ui/1.12.1/jquery-ui.min.js HTTP/1.1" 200 (92 ms)
[28/Apr/2018:19:16:52 +0200] 0:0:0:0:0:0:0:1 "GET /cas/js/cas.js HTTP/1.1" 200 (9 ms)
[28/Apr/2018:19:16:52 +0200] 0:0:0:0:0:0:0:1 "GET /cas/webjars/headjs/1.0.3/head.min.js HTTP/1.1" 200 (19 ms)
[28/Apr/2018:19:16:52 +0200] 0:0:0:0:0:0:0:1 "GET /cas/webjars/jquery/3.3.1/dist/jquery.min.js HTTP/1.1" 200 (138 ms)
[28/Apr/2018:19:16:52 +0200] 0:0:0:0:0:0:0:1 "GET /cas/webjars/bootstrap/3.3.7-1/css/bootstrap.min.css HTTP/1.1" 200 (198 ms)
[28/Apr/2018:19:16:52 +0200] 0:0:0:0:0:0:0:1 "GET /cas/webjars/zxcvbn/4.3.0/zxcvbn.js HTTP/1.1" 200 (406 ms)
[28/Apr/2018:19:16:52 +0200] 0:0:0:0:0:0:0:1 "GET /cas/images/cas-logo.png HTTP/1.1" 200 (12 ms)
[28/Apr/2018:19:16:52 +0200] 0:0:0:0:0:0:0:1 "GET /cas/images/apereo-logo.png HTTP/1.1" 200 (22 ms)
[28/Apr/2018:19:19:25 +0200] 0:0:0:0:0:0:0:1 "GET /cas/login?service=http%3A%2F%2Flocalhost%3A9000%2Flogin%2Fcas HTTP/1.1" 200 (154 ms)
[28/Apr/2018:19:19:25 +0200] 0:0:0:0:0:0:0:1 "GET /cas/webjars/font-awesome/4.7.0/css/font-awesome.min.css HTTP/1.1" 200 (156 ms)
[28/Apr/2018:19:19:25 +0200] 0:0:0:0:0:0:0:1 "GET /cas/webjars/lato/0.3.0/css/lato.min.css HTTP/1.1" 200 (63 ms)
[28/Apr/2018:19:19:25 +0200] 0:0:0:0:0:0:0:1 "GET /cas/webjars/jquery-cookie/1.4.1-1/jquery.cookie.js HTTP/1.1" 200 (11 ms)
[28/Apr/2018:19:19:25 +0200] 0:0:0:0:0:0:0:1 "GET /cas/css/cas.css HTTP/1.1" 200 (88 ms)
[28/Apr/2018:19:19:25 +0200] 0:0:0:0:0:0:0:1 "GET /cas/webjars/bootstrap/3.3.7-1/js/bootstrap.min.js HTTP/1.1" 200 (39 ms)
[28/Apr/2018:19:19:25 +0200] 0:0:0:0:0:0:0:1 "GET /cas/js/cas.js HTTP/1.1" 200 (33 ms)
[28/Apr/2018:19:19:25 +0200] 0:0:0:0:0:0:0:1 "GET /cas/webjars/jquery/3.3.1/dist/jquery.min.js HTTP/1.1" 200 (207 ms)
[28/Apr/2018:19:19:25 +0200] 0:0:0:0:0:0:0:1 "GET /cas/webjars/headjs/1.0.3/head.min.js HTTP/1.1" 200 (106 ms)
[28/Apr/2018:19:19:26 +0200] 0:0:0:0:0:0:0:1 "GET /cas/webjars/jquery-ui/1.12.1/jquery-ui.min.js HTTP/1.1" 200 (194 ms)
[28/Apr/2018:19:19:26 +0200] 0:0:0:0:0:0:0:1 "GET /cas/webjars/bootstrap/3.3.7-1/css/bootstrap.min.css HTTP/1.1" 200 (239 ms)
[28/Apr/2018:19:19:26 +0200] 0:0:0:0:0:0:0:1 "GET /cas/webjars/zxcvbn/4.3.0/zxcvbn.js HTTP/1.1" 200 (443 ms)
[28/Apr/2018:19:19:26 +0200] 0:0:0:0:0:0:0:1 "GET /cas/images/cas-logo.png HTTP/1.1" 200 (34 ms)
[28/Apr/2018:19:19:26 +0200] 0:0:0:0:0:0:0:1 "GET /cas/images/apereo-logo.png HTTP/1.1" 200 (42 ms)
[28/Apr/2018:19:19:34 +0200] 0:0:0:0:0:0:0:1 "GET /cas/login?service=http%3A%2F%2Flocalhost%3A9000%2Flogin%2Fcas HTTP/1.1" 200 (37 ms)
[28/Apr/2018:19:19:34 +0200] 0:0:0:0:0:0:0:1 "GET /cas/webjars/lato/0.3.0/css/lato.min.css HTTP/1.1" 200 (38 ms)
[28/Apr/2018:19:19:34 +0200] 0:0:0:0:0:0:0:1 "GET /cas/webjars/font-awesome/4.7.0/css/font-awesome.min.css HTTP/1.1" 200 (53 ms)
[28/Apr/2018:19:19:34 +0200] 0:0:0:0:0:0:0:1 "GET /cas/css/cas.css HTTP/1.1" 200 (58 ms)
[28/Apr/2018:19:19:34 +0200] 0:0:0:0:0:0:0:1 "GET /cas/webjars/bootstrap/3.3.7-1/css/bootstrap.min.css HTTP/1.1" 200 (89 ms)
[28/Apr/2018:19:19:39 +0200] 0:0:0:0:0:0:0:1 "GET /cas/favicon.ico HTTP/1.1" 200 (4880 ms)
[28/Apr/2018:19:24:11 +0200] 0:0:0:0:0:0:0:1 "GET /cas/login HTTP/1.1" 200 (15478 ms)
[28/Apr/2018:19:24:12 +0200] 0:0:0:0:0:0:0:1 "GET /cas/webjars/lato/0.3.0/css/lato.min.css HTTP/1.1" 200 (515 ms)
[28/Apr/2018:19:24:12 +0200] 0:0:0:0:0:0:0:1 "GET /cas/webjars/jquery-ui/1.12.1/jquery-ui.min.js HTTP/1.1" 200 (344 ms)
[28/Apr/2018:19:24:12 +0200] 0:0:0:0:0:0:0:1 "GET /cas/webjars/jquery-cookie/1.4.1-1/jquery.cookie.js HTTP/1.1" 200 (19 ms)
[28/Apr/2018:19:24:12 +0200] 0:0:0:0:0:0:0:1 "GET /cas/webjars/jquery/3.3.1/dist/jquery.min.js HTTP/1.1" 200 (845 ms)
[28/Apr/2018:19:24:12 +0200] 0:0:0:0:0:0:0:1 "GET /cas/webjars/bootstrap/3.3.7-1/js/bootstrap.min.js HTTP/1.1" 200 (31 ms)
[28/Apr/2018:19:24:12 +0200] 0:0:0:0:0:0:0:1 "GET /cas/webjars/headjs/1.0.3/head.min.js HTTP/1.1" 200 (40 ms)
[28/Apr/2018:19:24:12 +0200] 0:0:0:0:0:0:0:1 "GET /cas/webjars/bootstrap/3.3.7-1/css/bootstrap.min.css HTTP/1.1" 200 (1074 ms)
[28/Apr/2018:19:24:12 +0200] 0:0:0:0:0:0:0:1 "GET /cas/js/cas.js HTTP/1.1" 200 (157 ms)
[28/Apr/2018:19:24:12 +0200] 0:0:0:0:0:0:0:1 "GET /cas/webjars/font-awesome/4.7.0/css/font-awesome.min.css HTTP/1.1" 200 (1164 ms)
[28/Apr/2018:19:24:12 +0200] 0:0:0:0:0:0:0:1 "GET /cas/css/cas.css HTTP/1.1" 200 (1195 ms)
[28/Apr/2018:19:24:13 +0200] 0:0:0:0:0:0:0:1 "GET /cas/webjars/zxcvbn/4.3.0/zxcvbn.js HTTP/1.1" 200 (1799 ms)
[28/Apr/2018:19:24:13 +0200] 0:0:0:0:0:0:0:1 "GET /cas/images/error.png HTTP/1.1" 200 (40 ms)
[28/Apr/2018:19:24:13 +0200] 0:0:0:0:0:0:0:1 "GET /cas/images/cas-logo.png HTTP/1.1" 200 (61 ms)
[28/Apr/2018:19:24:14 +0200] 0:0:0:0:0:0:0:1 "GET /cas/images/apereo-logo.png HTTP/1.1" 200 (441 ms)
[28/Apr/2018:19:24:14 +0200] 0:0:0:0:0:0:0:1 "GET /cas/webjars/lato/0.3.0/font/lato-light/lato-light.woff2 HTTP/1.1" 200 (466 ms)
[28/Apr/2018:19:24:14 +0200] 0:0:0:0:0:0:0:1 "GET /cas/webjars/font-awesome/4.7.0/fonts/fontawesome-webfont.woff2?v=4.7.0 HTTP/1.1" 200 (517 ms)
[28/Apr/2018:19:25:08 +0200] 0:0:0:0:0:0:0:1 "GET /cas/login?service=http%3A%2F%2Flocalhost%3A9000%2Flogin%2Fcas HTTP/1.1" 200 (5029 ms)
[28/Apr/2018:19:25:08 +0200] 0:0:0:0:0:0:0:1 "GET /cas/css/cas.css HTTP/1.1" 200 (72 ms)
[28/Apr/2018:19:25:08 +0200] 0:0:0:0:0:0:0:1 "GET /cas/webjars/jquery-cookie/1.4.1-1/jquery.cookie.js HTTP/1.1" 200 (38 ms)
[28/Apr/2018:19:25:08 +0200] 0:0:0:0:0:0:0:1 "GET /cas/webjars/font-awesome/4.7.0/css/font-awesome.min.css HTTP/1.1" 200 (171 ms)
[28/Apr/2018:19:25:08 +0200] 0:0:0:0:0:0:0:1 "GET /cas/webjars/lato/0.3.0/css/lato.min.css HTTP/1.1" 200 (35 ms)
[28/Apr/2018:19:25:08 +0200] 0:0:0:0:0:0:0:1 "GET /cas/webjars/bootstrap/3.3.7-1/js/bootstrap.min.js HTTP/1.1" 200 (43 ms)
[28/Apr/2018:19:25:08 +0200] 0:0:0:0:0:0:0:1 "GET /cas/webjars/jquery-ui/1.12.1/jquery-ui.min.js HTTP/1.1" 200 (66 ms)
[28/Apr/2018:19:25:08 +0200] 0:0:0:0:0:0:0:1 "GET /cas/webjars/jquery/3.3.1/dist/jquery.min.js HTTP/1.1" 200 (135 ms)
[28/Apr/2018:19:25:08 +0200] 0:0:0:0:0:0:0:1 "GET /cas/webjars/bootstrap/3.3.7-1/css/bootstrap.min.css HTTP/1.1" 200 (221 ms)
[28/Apr/2018:19:25:08 +0200] 0:0:0:0:0:0:0:1 "GET /cas/webjars/headjs/1.0.3/head.min.js HTTP/1.1" 200 (44 ms)
[28/Apr/2018:19:25:08 +0200] 0:0:0:0:0:0:0:1 "GET /cas/js/cas.js HTTP/1.1" 200 (17 ms)
[28/Apr/2018:19:25:09 +0200] 0:0:0:0:0:0:0:1 "GET /cas/webjars/zxcvbn/4.3.0/zxcvbn.js HTTP/1.1" 200 (484 ms)
[28/Apr/2018:19:25:09 +0200] 0:0:0:0:0:0:0:1 "GET /cas/images/cas-logo.png HTTP/1.1" 200 (25 ms)
[28/Apr/2018:19:25:09 +0200] 0:0:0:0:0:0:0:1 "GET /cas/images/error.png HTTP/1.1" 200 (41 ms)
[28/Apr/2018:19:25:09 +0200] 0:0:0:0:0:0:0:1 "GET /cas/images/apereo-logo.png HTTP/1.1" 200 (56 ms)
[28/Apr/2018:19:25:09 +0200] 0:0:0:0:0:0:0:1 "GET /cas/webjars/lato/0.3.0/font/lato-light/lato-light.woff2 HTTP/1.1" 200 (57 ms)
[28/Apr/2018:19:25:09 +0200] 0:0:0:0:0:0:0:1 "GET /cas/webjars/font-awesome/4.7.0/fonts/fontawesome-webfont.woff2?v=4.7.0 HTTP/1.1" 200 (131 ms)
[28/Apr/2018:19:25:09 +0200] 0:0:0:0:0:0:0:1 "GET /cas/images/webapp.png HTTP/1.1" 200 (703 ms)
[28/Apr/2018:19:25:20 +0200] 0:0:0:0:0:0:0:1 "POST /cas/login?service=http%3A%2F%2Flocalhost%3A9000%2Flogin%2Fcas HTTP/1.1" 401 (1933 ms)
[28/Apr/2018:19:25:20 +0200] 0:0:0:0:0:0:0:1 "GET /cas/webjars/lato/0.3.0/css/lato.min.css HTTP/1.1" 200 (265 ms)
[28/Apr/2018:19:25:20 +0200] 0:0:0:0:0:0:0:1 "GET /cas/css/cas.css HTTP/1.1" 200 (290 ms)
[28/Apr/2018:19:25:20 +0200] 0:0:0:0:0:0:0:1 "GET /cas/webjars/font-awesome/4.7.0/css/font-awesome.min.css HTTP/1.1" 200 (295 ms)
[28/Apr/2018:19:25:20 +0200] 0:0:0:0:0:0:0:1 "GET /cas/webjars/bootstrap/3.3.7-1/css/bootstrap.min.css HTTP/1.1" 200 (327 ms)
[28/Apr/2018:19:25:21 +0200] 0:0:0:0:0:0:0:1 "GET /cas/webjars/lato/0.3.0/font/lato-light/lato-light.woff2 HTTP/1.1" 200 (25 ms)
[28/Apr/2018:19:25:21 +0200] 0:0:0:0:0:0:0:1 "GET /cas/webjars/font-awesome/4.7.0/fonts/fontawesome-webfont.woff2?v=4.7.0 HTTP/1.1" 200 (53 ms)
[28/Apr/2018:19:25:30 +0200] 0:0:0:0:0:0:0:1 "POST /cas/login?service=http%3A%2F%2Flocalhost%3A9000%2Flogin%2Fcas HTTP/1.1" 302 (358 ms)
[28/Apr/2018:19:30:42 +0200] 0:0:0:0:0:0:0:1 "GET /cas/login?service=http%3A%2F%2Flocalhost%3A9000%2Flogin%2Fcas HTTP/1.1" 302 (136 ms)
[28/Apr/2018:19:30:48 +0200] 127.0.0.1 "GET /cas/p3/serviceValidate?ticket=ST-2-2FQ8XtKtaia53514XGXuLHkwFTs-MacBook-Air-de-Rodrigo&service=http%3A%2F%2Flocalhost%3A9000%2Flogin%2Fcas HTTP/1.1" 200 (5661 ms)
[28/Apr/2018:19:30:54 +0200] 0:0:0:0:0:0:0:1 "GET /cas/logout HTTP/1.1" 200 (662 ms)
[28/Apr/2018:19:30:54 +0200] 0:0:0:0:0:0:0:1 "GET /cas/webjars/jquery-cookie/1.4.1-1/jquery.cookie.js HTTP/1.1" 304 (15 ms)
[28/Apr/2018:19:30:54 +0200] 0:0:0:0:0:0:0:1 "GET /cas/webjars/lato/0.3.0/css/lato.min.css HTTP/1.1" 200 (21 ms)
[28/Apr/2018:19:30:54 +0200] 0:0:0:0:0:0:0:1 "GET /cas/webjars/headjs/1.0.3/head.min.js HTTP/1.1" 304 (10 ms)
[28/Apr/2018:19:30:54 +0200] 0:0:0:0:0:0:0:1 "GET /cas/webjars/bootstrap/3.3.7-1/js/bootstrap.min.js HTTP/1.1" 304 (26 ms)
[28/Apr/2018:19:30:54 +0200] 0:0:0:0:0:0:0:1 "GET /cas/css/cas.css HTTP/1.1" 200 (52 ms)
[28/Apr/2018:19:30:54 +0200] 0:0:0:0:0:0:0:1 "GET /cas/webjars/font-awesome/4.7.0/css/font-awesome.min.css HTTP/1.1" 200 (138 ms)
[28/Apr/2018:19:30:54 +0200] 0:0:0:0:0:0:0:1 "GET /cas/webjars/zxcvbn/4.3.0/zxcvbn.js HTTP/1.1" 304 (10 ms)
[28/Apr/2018:19:30:54 +0200] 0:0:0:0:0:0:0:1 "GET /cas/webjars/jquery/3.3.1/dist/jquery.min.js HTTP/1.1" 304 (11 ms)
[28/Apr/2018:19:30:54 +0200] 0:0:0:0:0:0:0:1 "GET /cas/webjars/jquery-ui/1.12.1/jquery-ui.min.js HTTP/1.1" 304 (5 ms)
[28/Apr/2018:19:30:54 +0200] 0:0:0:0:0:0:0:1 "GET /cas/js/cas.js HTTP/1.1" 304 (9 ms)
[28/Apr/2018:19:30:54 +0200] 0:0:0:0:0:0:0:1 "GET /cas/webjars/bootstrap/3.3.7-1/css/bootstrap.min.css HTTP/1.1" 200 (82 ms)
[28/Apr/2018:19:30:54 +0200] 0:0:0:0:0:0:0:1 "GET /cas/images/cas-logo.png HTTP/1.1" 304 (8 ms)
[28/Apr/2018:19:30:54 +0200] 0:0:0:0:0:0:0:1 "GET /cas/images/apereo-logo.png HTTP/1.1" 304 (7 ms)
[28/Apr/2018:19:30:59 +0200] 0:0:0:0:0:0:0:1 "GET /cas/login HTTP/1.1" 200 (88 ms)
[28/Apr/2018:19:30:59 +0200] 0:0:0:0:0:0:0:1 "GET /cas/webjars/lato/0.3.0/css/lato.min.css HTTP/1.1" 200 (18 ms)
[28/Apr/2018:19:30:59 +0200] 0:0:0:0:0:0:0:1 "GET /cas/css/cas.css HTTP/1.1" 200 (40 ms)
[28/Apr/2018:19:30:59 +0200] 0:0:0:0:0:0:0:1 "GET /cas/webjars/font-awesome/4.7.0/css/font-awesome.min.css HTTP/1.1" 200 (40 ms)
[28/Apr/2018:19:30:59 +0200] 0:0:0:0:0:0:0:1 "GET /cas/webjars/bootstrap/3.3.7-1/css/bootstrap.min.css HTTP/1.1" 200 (91 ms)
[28/Apr/2018:19:30:59 +0200] 0:0:0:0:0:0:0:1 "GET /cas/images/error.png HTTP/1.1" 304 (10 ms)
[28/Apr/2018:19:30:59 +0200] 0:0:0:0:0:0:0:1 "GET /cas/webjars/lato/0.3.0/font/lato-light/lato-light.woff2 HTTP/1.1" 200 (34 ms)
[28/Apr/2018:19:30:59 +0200] 0:0:0:0:0:0:0:1 "GET /cas/webjars/font-awesome/4.7.0/fonts/fontawesome-webfont.woff2?v=4.7.0 HTTP/1.1" 200 (99 ms)
[28/Apr/2018:19:31:03 +0200] 0:0:0:0:0:0:0:1 "POST /cas/login HTTP/1.1" 200 (87 ms)
[28/Apr/2018:19:31:03 +0200] 0:0:0:0:0:0:0:1 "GET /cas/webjars/lato/0.3.0/css/lato.min.css HTTP/1.1" 200 (33 ms)
[28/Apr/2018:19:31:03 +0200] 0:0:0:0:0:0:0:1 "GET /cas/webjars/font-awesome/4.7.0/css/font-awesome.min.css HTTP/1.1" 200 (56 ms)
[28/Apr/2018:19:31:03 +0200] 0:0:0:0:0:0:0:1 "GET /cas/css/cas.css HTTP/1.1" 200 (63 ms)
[28/Apr/2018:19:31:03 +0200] 0:0:0:0:0:0:0:1 "GET /cas/webjars/bootstrap/3.3.7-1/css/bootstrap.min.css HTTP/1.1" 200 (86 ms)
[28/Apr/2018:19:31:03 +0200] 0:0:0:0:0:0:0:1 "GET /cas/webjars/font-awesome/4.7.0/fonts/fontawesome-webfont.woff2?v=4.7.0 HTTP/1.1" 200 (122 ms)
[28/Apr/2018:19:31:07 +0200] 0:0:0:0:0:0:0:1 "GET /cas/login HTTP/1.1" 200 (35 ms)
[28/Apr/2018:19:31:07 +0200] 0:0:0:0:0:0:0:1 "GET /cas/webjars/lato/0.3.0/css/lato.min.css HTTP/1.1" 200 (48 ms)
[28/Apr/2018:19:31:07 +0200] 0:0:0:0:0:0:0:1 "GET /cas/css/cas.css HTTP/1.1" 200 (55 ms)
[28/Apr/2018:19:31:07 +0200] 0:0:0:0:0:0:0:1 "GET /cas/webjars/font-awesome/4.7.0/css/font-awesome.min.css HTTP/1.1" 200 (81 ms)
[28/Apr/2018:19:31:07 +0200] 0:0:0:0:0:0:0:1 "GET /cas/webjars/bootstrap/3.3.7-1/css/bootstrap.min.css HTTP/1.1" 200 (103 ms)
[28/Apr/2018:19:31:09 +0200] 0:0:0:0:0:0:0:1 "GET /cas/logout HTTP/1.1" 200 (54 ms)
[28/Apr/2018:19:31:21 +0200] 0:0:0:0:0:0:0:1 "GET /cas/login?service=http%3A%2F%2Flocalhost%3A9000%2Flogin%2Fcas HTTP/1.1" 200 (65 ms)
[28/Apr/2018:19:31:21 +0200] 0:0:0:0:0:0:0:1 "GET /cas/webjars/font-awesome/4.7.0/css/font-awesome.min.css HTTP/1.1" 200 (114 ms)
[28/Apr/2018:19:31:21 +0200] 0:0:0:0:0:0:0:1 "GET /cas/webjars/lato/0.3.0/css/lato.min.css HTTP/1.1" 200 (56 ms)
[28/Apr/2018:19:31:21 +0200] 0:0:0:0:0:0:0:1 "GET /cas/css/cas.css HTTP/1.1" 200 (123 ms)
[28/Apr/2018:19:31:21 +0200] 0:0:0:0:0:0:0:1 "GET /cas/images/webapp.png HTTP/1.1" 304 (15 ms)
[28/Apr/2018:19:31:21 +0200] 0:0:0:0:0:0:0:1 "GET /cas/webjars/bootstrap/3.3.7-1/css/bootstrap.min.css HTTP/1.1" 200 (196 ms)
[28/Apr/2018:19:31:21 +0200] 0:0:0:0:0:0:0:1 "GET /cas/webjars/lato/0.3.0/font/lato-light/lato-light.woff2 HTTP/1.1" 200 (30 ms)
[28/Apr/2018:19:31:21 +0200] 0:0:0:0:0:0:0:1 "GET /cas/webjars/font-awesome/4.7.0/fonts/fontawesome-webfont.woff2?v=4.7.0 HTTP/1.1" 200 (54 ms)
[28/Apr/2018:19:41:10 +0200] 0:0:0:0:0:0:0:1 "GET /cas HTTP/1.1" 302 (0 ms)
[28/Apr/2018:19:41:16 +0200] 0:0:0:0:0:0:0:1 "GET /cas/ HTTP/1.1" 302 (6030 ms)
[28/Apr/2018:19:41:20 +0200] 0:0:0:0:0:0:0:1 "GET /cas/login HTTP/1.1" 200 (4145 ms)
[28/Apr/2018:19:41:20 +0200] 0:0:0:0:0:0:0:1 "GET /cas/webjars/lato/0.3.0/css/lato.min.css HTTP/1.1" 200 (25 ms)
[28/Apr/2018:19:41:20 +0200] 0:0:0:0:0:0:0:1 "GET /cas/webjars/font-awesome/4.7.0/css/font-awesome.min.css HTTP/1.1" 200 (184 ms)
[28/Apr/2018:19:41:20 +0200] 0:0:0:0:0:0:0:1 "GET /cas/webjars/jquery/3.3.1/dist/jquery.min.js HTTP/1.1" 200 (69 ms)
[28/Apr/2018:19:41:20 +0200] 0:0:0:0:0:0:0:1 "GET /cas/webjars/jquery-cookie/1.4.1-1/jquery.cookie.js HTTP/1.1" 200 (17 ms)
[28/Apr/2018:19:41:20 +0200] 0:0:0:0:0:0:0:1 "GET /cas/css/cas.css HTTP/1.1" 200 (113 ms)
[28/Apr/2018:19:41:20 +0200] 0:0:0:0:0:0:0:1 "GET /cas/js/cas.js HTTP/1.1" 200 (13 ms)
[28/Apr/2018:19:41:20 +0200] 0:0:0:0:0:0:0:1 "GET /cas/webjars/bootstrap/3.3.7-1/js/bootstrap.min.js HTTP/1.1" 200 (45 ms)
[28/Apr/2018:19:41:20 +0200] 0:0:0:0:0:0:0:1 "GET /cas/webjars/headjs/1.0.3/head.min.js HTTP/1.1" 200 (38 ms)
[28/Apr/2018:19:41:20 +0200] 0:0:0:0:0:0:0:1 "GET /cas/webjars/jquery-ui/1.12.1/jquery-ui.min.js HTTP/1.1" 200 (122 ms)
[28/Apr/2018:19:41:20 +0200] 0:0:0:0:0:0:0:1 "GET /cas/webjars/bootstrap/3.3.7-1/css/bootstrap.min.css HTTP/1.1" 200 (217 ms)
[28/Apr/2018:19:41:21 +0200] 0:0:0:0:0:0:0:1 "GET /cas/webjars/zxcvbn/4.3.0/zxcvbn.js HTTP/1.1" 200 (494 ms)
[28/Apr/2018:19:41:21 +0200] 0:0:0:0:0:0:0:1 "GET /cas/images/error.png HTTP/1.1" 200 (17 ms)
[28/Apr/2018:19:41:21 +0200] 0:0:0:0:0:0:0:1 "GET /cas/images/apereo-logo.png HTTP/1.1" 200 (34 ms)
[28/Apr/2018:19:41:21 +0200] 0:0:0:0:0:0:0:1 "GET /cas/images/cas-logo.png HTTP/1.1" 200 (35 ms)
[28/Apr/2018:19:41:21 +0200] 0:0:0:0:0:0:0:1 "GET /cas/webjars/lato/0.3.0/font/lato-light/lato-light.woff2 HTTP/1.1" 200 (71 ms)
[28/Apr/2018:19:41:21 +0200] 0:0:0:0:0:0:0:1 "GET /cas/webjars/font-awesome/4.7.0/fonts/fontawesome-webfont.woff2?v=4.7.0 HTTP/1.1" 200 (92 ms)
[28/Apr/2018:19:42:00 +0200] 0:0:0:0:0:0:0:1 "GET /cas/login?service=http%3A%2F%2Flocalhost%3A9000%2Flogin%2Fcas HTTP/1.1" 200 (5123 ms)
[28/Apr/2018:19:42:00 +0200] 0:0:0:0:0:0:0:1 "GET /cas/webjars/font-awesome/4.7.0/css/font-awesome.min.css HTTP/1.1" 200 (104 ms)
[28/Apr/2018:19:42:00 +0200] 0:0:0:0:0:0:0:1 "GET /cas/webjars/lato/0.3.0/css/lato.min.css HTTP/1.1" 200 (44 ms)
[28/Apr/2018:19:42:00 +0200] 0:0:0:0:0:0:0:1 "GET /cas/css/cas.css HTTP/1.1" 200 (87 ms)
[28/Apr/2018:19:42:00 +0200] 0:0:0:0:0:0:0:1 "GET /cas/webjars/jquery/3.3.1/dist/jquery.min.js HTTP/1.1" 200 (115 ms)
[28/Apr/2018:19:42:00 +0200] 0:0:0:0:0:0:0:1 "GET /cas/webjars/jquery-cookie/1.4.1-1/jquery.cookie.js HTTP/1.1" 200 (42 ms)
[28/Apr/2018:19:42:00 +0200] 0:0:0:0:0:0:0:1 "GET /cas/webjars/bootstrap/3.3.7-1/js/bootstrap.min.js HTTP/1.1" 200 (77 ms)
[28/Apr/2018:19:42:00 +0200] 0:0:0:0:0:0:0:1 "GET /cas/webjars/bootstrap/3.3.7-1/css/bootstrap.min.css HTTP/1.1" 200 (223 ms)
[28/Apr/2018:19:42:00 +0200] 0:0:0:0:0:0:0:1 "GET /cas/webjars/jquery-ui/1.12.1/jquery-ui.min.js HTTP/1.1" 200 (72 ms)
[28/Apr/2018:19:42:00 +0200] 0:0:0:0:0:0:0:1 "GET /cas/webjars/headjs/1.0.3/head.min.js HTTP/1.1" 200 (38 ms)
[28/Apr/2018:19:42:00 +0200] 0:0:0:0:0:0:0:1 "GET /cas/js/cas.js HTTP/1.1" 200 (17 ms)
[28/Apr/2018:19:42:00 +0200] 0:0:0:0:0:0:0:1 "GET /cas/webjars/zxcvbn/4.3.0/zxcvbn.js HTTP/1.1" 200 (530 ms)
[28/Apr/2018:19:42:01 +0200] 0:0:0:0:0:0:0:1 "GET /cas/images/error.png HTTP/1.1" 200 (22 ms)
[28/Apr/2018:19:42:01 +0200] 0:0:0:0:0:0:0:1 "GET /cas/images/cas-logo.png HTTP/1.1" 200 (27 ms)
[28/Apr/2018:19:42:01 +0200] 0:0:0:0:0:0:0:1 "GET /cas/webjars/lato/0.3.0/font/lato-light/lato-light.woff2 HTTP/1.1" 200 (52 ms)
[28/Apr/2018:19:42:01 +0200] 0:0:0:0:0:0:0:1 "GET /cas/images/apereo-logo.png HTTP/1.1" 200 (67 ms)
[28/Apr/2018:19:42:01 +0200] 0:0:0:0:0:0:0:1 "GET /cas/webjars/font-awesome/4.7.0/fonts/fontawesome-webfont.woff2?v=4.7.0 HTTP/1.1" 200 (136 ms)
[28/Apr/2018:19:42:01 +0200] 0:0:0:0:0:0:0:1 "GET /cas/images/webapp.png HTTP/1.1" 200 (725 ms)
[28/Apr/2018:19:42:10 +0200] 0:0:0:0:0:0:0:1 "POST /cas/login?service=http%3A%2F%2Flocalhost%3A9000%2Flogin%2Fcas HTTP/1.1" 401 (3975 ms)
[28/Apr/2018:19:42:10 +0200] 0:0:0:0:0:0:0:1 "GET /cas/webjars/lato/0.3.0/css/lato.min.css HTTP/1.1" 200 (33 ms)
[28/Apr/2018:19:42:10 +0200] 0:0:0:0:0:0:0:1 "GET /cas/webjars/font-awesome/4.7.0/css/font-awesome.min.css HTTP/1.1" 200 (45 ms)
[28/Apr/2018:19:42:10 +0200] 0:0:0:0:0:0:0:1 "GET /cas/css/cas.css HTTP/1.1" 200 (49 ms)
[28/Apr/2018:19:42:10 +0200] 0:0:0:0:0:0:0:1 "GET /cas/webjars/bootstrap/3.3.7-1/css/bootstrap.min.css HTTP/1.1" 200 (93 ms)
[28/Apr/2018:19:42:10 +0200] 0:0:0:0:0:0:0:1 "GET /cas/webjars/lato/0.3.0/font/lato-light/lato-light.woff2 HTTP/1.1" 200 (35 ms)
[28/Apr/2018:19:42:10 +0200] 0:0:0:0:0:0:0:1 "GET /cas/webjars/font-awesome/4.7.0/fonts/fontawesome-webfont.woff2?v=4.7.0 HTTP/1.1" 200 (57 ms)
[28/Apr/2018:19:42:16 +0200] 0:0:0:0:0:0:0:1 "POST /cas/login?service=http%3A%2F%2Flocalhost%3A9000%2Flogin%2Fcas HTTP/1.1" 302 (336 ms)
[28/Apr/2018:19:42:17 +0200] 127.0.0.1 "GET /cas/p3/serviceValidate?ticket=ST-1-RyzpVQJlRGRBpfMViFUCmF9HqMU-MacBook-Air-de-Rodrigo&service=http%3A%2F%2Flocalhost%3A9000%2Flogin%2Fcas HTTP/1.1" 200 (204 ms)
[28/Apr/2018:19:42:23 +0200] 0:0:0:0:0:0:0:1 "GET /cas/logout HTTP/1.1" 200 (283 ms)
[28/Apr/2018:19:42:23 +0200] 0:0:0:0:0:0:0:1 "GET /cas/webjars/zxcvbn/4.3.0/zxcvbn.js HTTP/1.1" 304 (11 ms)
[28/Apr/2018:19:42:23 +0200] 0:0:0:0:0:0:0:1 "GET /cas/webjars/jquery/3.3.1/dist/jquery.min.js HTTP/1.1" 304 (13 ms)
[28/Apr/2018:19:42:23 +0200] 0:0:0:0:0:0:0:1 "GET /cas/webjars/lato/0.3.0/css/lato.min.css HTTP/1.1" 200 (16 ms)
[28/Apr/2018:19:42:23 +0200] 0:0:0:0:0:0:0:1 "GET /cas/webjars/font-awesome/4.7.0/css/font-awesome.min.css HTTP/1.1" 200 (68 ms)
[28/Apr/2018:19:42:23 +0200] 0:0:0:0:0:0:0:1 "GET /cas/css/cas.css HTTP/1.1" 200 (42 ms)
[28/Apr/2018:19:42:23 +0200] 0:0:0:0:0:0:0:1 "GET /cas/webjars/bootstrap/3.3.7-1/js/bootstrap.min.js HTTP/1.1" 304 (12 ms)
[28/Apr/2018:19:42:23 +0200] 0:0:0:0:0:0:0:1 "GET /cas/webjars/jquery-cookie/1.4.1-1/jquery.cookie.js HTTP/1.1" 304 (14 ms)
[28/Apr/2018:19:42:23 +0200] 0:0:0:0:0:0:0:1 "GET /cas/js/cas.js HTTP/1.1" 304 (13 ms)
[28/Apr/2018:19:42:23 +0200] 0:0:0:0:0:0:0:1 "GET /cas/webjars/headjs/1.0.3/head.min.js HTTP/1.1" 304 (27 ms)
[28/Apr/2018:19:42:23 +0200] 0:0:0:0:0:0:0:1 "GET /cas/webjars/jquery-ui/1.12.1/jquery-ui.min.js HTTP/1.1" 304 (7 ms)
[28/Apr/2018:19:42:23 +0200] 0:0:0:0:0:0:0:1 "GET /cas/webjars/bootstrap/3.3.7-1/css/bootstrap.min.css HTTP/1.1" 200 (155 ms)
[28/Apr/2018:19:42:23 +0200] 0:0:0:0:0:0:0:1 "GET /cas/images/cas-logo.png HTTP/1.1" 304 (8 ms)
[28/Apr/2018:19:42:23 +0200] 0:0:0:0:0:0:0:1 "GET /cas/images/apereo-logo.png HTTP/1.1" 304 (8 ms)
