[32m2018-04-28 18:46:43,206 INFO [org.apereo.cas.configuration.config.CasCoreBootstrapStandaloneConfiguration] - <Configuration files found at [/etc/cas/config] are [[/etc/cas/config/application.yml, /etc/cas/config/cas.properties]]>[m
[32m2018-04-28 18:46:43,265 INFO [org.apereo.cas.configuration.config.CasCoreBootstrapStandaloneConfiguration] - <Found and loaded [2] setting(s) from [/etc/cas/config]>[m
[32m2018-04-28 18:46:43,269 INFO [org.springframework.cloud.bootstrap.config.PropertySourceBootstrapConfiguration] - <Located property source: PropertiesPropertySource {name='standaloneCasConfigService'}>[m
[32m2018-04-28 18:46:43,290 INFO [org.apereo.cas.web.CasWebApplication] - <The following profiles are active: standalone>[m
[32m2018-04-28 18:46:43,399 INFO [org.apereo.cas.web.CasWebApplicationContext] - <Refreshing CasWebApplicationContext>[m
[33m2018-04-28 18:46:50,317 WARN [org.apereo.cas.config.CasCoreTicketsConfiguration] - <Runtime memory is used as the persistence storage for retrieving and managing tickets. Tickets that are issued during runtime will be LOST upon container restarts. This MAY impact SSO functionality.>[m
[32m2018-04-28 18:46:50,321 INFO [org.apereo.cas.configuration.support.Beans] - <Ticket registry encryption/signing is turned off. This MAY NOT be safe in a clustered production environment. Consider using other choices to handle encryption, signing and verification of ticket registry tickets, and verify the chosen ticket registry does support this behavior.>[m
[33m2018-04-28 18:47:17,938 WARN [org.apereo.cas.config.support.authentication.AcceptUsersAuthenticationEventExecutionPlanConfiguration] - <[36m>[m
[33m2018-04-28 18:47:17,948 WARN [org.apereo.cas.config.support.authentication.AcceptUsersAuthenticationEventExecutionPlanConfiguration] - <

  ____    _____    ___    ____    _ 
 / ___|  |_   _|  / _ \  |  _ \  | |
 \___ \    | |   | | | | | |_) | | |
  ___) |   | |   | |_| | |  __/  |_|
 |____/    |_|    \___/  |_|     (_)
                                    

CAS is configured to accept a static list of credentials for authentication. While this is generally useful for demo purposes, it is STRONGLY recommended that you DISABLE this authentication method (by setting 'cas.authn.accept.users' to a blank value) and switch to a mode that is more suitable for production.>[m
[33m2018-04-28 18:47:17,949 WARN [org.apereo.cas.config.support.authentication.AcceptUsersAuthenticationEventExecutionPlanConfiguration] - <[0m>[m
[32m2018-04-28 18:47:31,535 INFO [org.apereo.cas.services.AbstractResourceBasedServiceRegistryDao] - <Setting up a watch for service registry directory at [/private/var/folders/1k/mqksf9kd6qq5bm8_714fr6c80000gn/T/cas/services]>[m
[32m2018-04-28 18:47:56,082 INFO [org.apereo.cas.support.events.listener.CasConfigurationEventListener] - <Refreshing CAS configuration. Stand by...>[m
[32m2018-04-28 18:47:58,785 INFO [org.apereo.cas.services.AbstractServicesManager] - <Loaded [2] service(s) from [JsonServiceRegistryDao].>[m
[33m2018-04-28 18:48:00,319 WARN [org.apereo.cas.util.cipher.BaseStringCipherExecutor] - <Secret key for encryption is not defined for [Ticket-granting Cookie]; CAS will attempt to auto-generate the encryption key>[m
[33m2018-04-28 18:48:00,377 WARN [org.apereo.cas.util.cipher.BaseStringCipherExecutor] - <Generated encryption key [U4jIXRY-F1YRjEVotr2x04UOvaXhXWrwpTllVSIzRWU] of size [256] for [Ticket-granting Cookie]. The generated key MUST be added to CAS settings under setting [cas.tgc.crypto.encryption.key].>[m
[33m2018-04-28 18:48:00,405 WARN [org.apereo.cas.util.cipher.BaseStringCipherExecutor] - <Secret key for signing is not defined for [Ticket-granting Cookie]. CAS will attempt to auto-generate the signing key>[m
[33m2018-04-28 18:48:00,406 WARN [org.apereo.cas.util.cipher.BaseStringCipherExecutor] - <Generated signing key [2xeWvfO29tWlzpl2xBvh76_YD9F9b3AhP7KhCME41GbiAqW2VlY3EVCJVvuKywdRc92RKiKXmZv7SP7Y-_aZow] of size [512] for [Ticket-granting Cookie]. The generated key MUST be added to CAS settings under setting [cas.tgc.crypto.signing.key].>[m
[33m2018-04-28 18:48:02,200 WARN [org.apereo.cas.util.cipher.BaseBinaryCipherExecutor] - <Secret key for signing is not defined under [cas.webflow.crypto.signing.key]. CAS will attempt to auto-generate the signing key>[m
[33m2018-04-28 18:48:02,202 WARN [org.apereo.cas.util.cipher.BaseBinaryCipherExecutor] - <Generated signing key [czPAm7f1k_wSpL7sHKZ-eO1l5UKYktAtdDLl_difj98mttL4t2Tpo-nPsuqBcDPYbTa3Sag7RkxNeHUbJfHsNQ] of size [512]. The generated key MUST be added to CAS settings under setting [cas.webflow.crypto.signing.key].>[m
[33m2018-04-28 18:48:02,203 WARN [org.apereo.cas.util.cipher.BaseBinaryCipherExecutor] - <Secret key for encryption is not defined under [cas.webflow.crypto.encryption.key]. CAS will attempt to auto-generate the encryption key>[m
[33m2018-04-28 18:48:02,232 WARN [org.apereo.cas.util.cipher.BaseBinaryCipherExecutor] - <Generated encryption key [a8mPD2Czz1clFAV4UztRZA] of size [16]. The generated key MUST be added to CAS settings under setting [cas.webflow.crypto.encryption.key].>[m
[32m2018-04-28 18:48:03,243 INFO [org.apereo.cas.support.events.listener.DefaultCasEventListener] - <[36m>[m
[32m2018-04-28 18:48:03,256 INFO [org.apereo.cas.support.events.listener.DefaultCasEventListener] - <

  ____    _____      _      ____   __   __
 |  _ \  | ____|    / \    |  _ \  \ \ / /
 | |_) | |  _|     / _ \   | | | |  \ V / 
 |  _ <  | |___   / ___ \  | |_| |   | |  
 |_| \_\ |_____| /_/   \_\ |____/    |_|  
                                          
>[m
[32m2018-04-28 18:48:03,257 INFO [org.apereo.cas.support.events.listener.DefaultCasEventListener] - <[0m>[m
[32m2018-04-28 18:48:03,258 INFO [org.apereo.cas.support.events.listener.DefaultCasEventListener] - <Ready to process requests @ [2018-04-28T16:48:03.243Z]>[m
[32m2018-04-28 18:48:03,263 INFO [org.apereo.cas.web.CasWebApplication] - <Started CasWebApplication in 86.202 seconds (JVM running for 94.878)>[m
[32m2018-04-28 18:48:22,543 INFO [org.apereo.cas.services.AbstractServicesManager] - <Loaded [2] service(s) from [JsonServiceRegistryDao].>[m
[32m2018-04-28 18:48:32,551 INFO [org.apereo.cas.ticket.registry.DefaultTicketRegistryCleaner] - <[0] expired tickets removed.>[m
[32m2018-04-28 18:49:06,209 INFO [org.apereo.cas.support.events.listener.CasConfigurationEventListener] - <Received event [org.apereo.cas.support.events.config.CasConfigurationModifiedEvent@7c352915[],/etc/cas/config/cas.properties,false]. Refreshing CAS configuration...>[m
[32m2018-04-28 18:49:09,681 INFO [org.apereo.cas.configuration.config.CasCoreBootstrapStandaloneConfiguration] - <Configuration files found at [/etc/cas/config] are [[/etc/cas/config/application.yml, /etc/cas/config/cas.properties]]>[m
[32m2018-04-28 18:49:09,683 INFO [org.apereo.cas.configuration.config.CasCoreBootstrapStandaloneConfiguration] - <Found and loaded [2] setting(s) from [/etc/cas/config]>[m
[32m2018-04-28 18:49:09,684 INFO [org.springframework.cloud.bootstrap.config.PropertySourceBootstrapConfiguration] - <Located property source: PropertiesPropertySource {name='standaloneCasConfigService'}>[m
[32m2018-04-28 18:49:09,880 INFO [org.apereo.cas.support.events.listener.CasConfigurationEventListener] - <Refreshing CAS configuration. Stand by...>[m
[32m2018-04-28 18:49:10,701 INFO [org.apereo.cas.support.events.listener.CasConfigurationEventListener] - <Refreshing CAS configuration. Stand by...>[m
[32m2018-04-28 18:49:10,746 INFO [org.apereo.cas.support.events.listener.CasConfigurationEventListener] - <CAS finished rebinding configuration with new settings [[]]>[m
[32m2018-04-28 18:49:22,553 INFO [org.apereo.cas.services.AbstractServicesManager] - <Loaded [2] service(s) from [JsonServiceRegistryDao].>[m
[32m2018-04-28 18:50:22,561 INFO [org.apereo.cas.services.AbstractServicesManager] - <Loaded [2] service(s) from [JsonServiceRegistryDao].>[m
[32m2018-04-28 18:51:22,573 INFO [org.apereo.cas.services.AbstractServicesManager] - <Loaded [2] service(s) from [JsonServiceRegistryDao].>[m
[32m2018-04-28 18:51:27,591 INFO [org.apereo.cas.web.flow.InitialFlowSetupAction] - <Setting path for cookies for warn cookie generator to: [/cas/] >[m
[32m2018-04-28 18:51:27,591 INFO [org.apereo.cas.web.flow.InitialFlowSetupAction] - <Setting path for cookies for warn cookie generator to: [/cas/] >[m
[32m2018-04-28 18:51:27,698 INFO [org.apereo.inspektr.audit.support.Slf4jLoggingAuditTrailManager] - <Audit trail record BEGIN
=============================================================
WHO: audit:unknown
WHAT: [event=success,timestamp=Sat Apr 28 18:51:27 CEST 2018,source=RankedAuthenticationProviderWebflowEventResolver]
ACTION: AUTHENTICATION_EVENT_TRIGGERED
APPLICATION: CAS
WHEN: Sat Apr 28 18:51:27 CEST 2018
CLIENT IP ADDRESS: 0:0:0:0:0:0:0:1
SERVER IP ADDRESS: 0:0:0:0:0:0:0:1
=============================================================

>[m
[32m2018-04-28 18:51:27,698 INFO [org.apereo.inspektr.audit.support.Slf4jLoggingAuditTrailManager] - <Audit trail record BEGIN
=============================================================
WHO: audit:unknown
WHAT: [event=success,timestamp=Sat Apr 28 18:51:27 CEST 2018,source=RankedAuthenticationProviderWebflowEventResolver]
ACTION: AUTHENTICATION_EVENT_TRIGGERED
APPLICATION: CAS
WHEN: Sat Apr 28 18:51:27 CEST 2018
CLIENT IP ADDRESS: 0:0:0:0:0:0:0:1
SERVER IP ADDRESS: 0:0:0:0:0:0:0:1
=============================================================

>[m
[33m2018-04-28 18:51:27,822 WARN [org.apereo.cas.util.cipher.BaseBinaryCipherExecutor] - <Secret key for signing is not defined under [cas.webflow.crypto.signing.key]. CAS will attempt to auto-generate the signing key>[m
[33m2018-04-28 18:51:27,823 WARN [org.apereo.cas.util.cipher.BaseBinaryCipherExecutor] - <Generated signing key [u8UES95dNi7Y_AAT3zHNY7G5yTFGj5X7Ng4Di7F1Lc0ldVxC8JF1-Z-03Pkq85GJlLAP0wsCpQviUZwLzKW-MA] of size [512]. The generated key MUST be added to CAS settings under setting [cas.webflow.crypto.signing.key].>[m
[33m2018-04-28 18:51:27,823 WARN [org.apereo.cas.util.cipher.BaseBinaryCipherExecutor] - <Secret key for encryption is not defined under [cas.webflow.crypto.encryption.key]. CAS will attempt to auto-generate the encryption key>[m
[33m2018-04-28 18:51:27,824 WARN [org.apereo.cas.util.cipher.BaseBinaryCipherExecutor] - <Generated encryption key [6zSWidj-mQmkvlCzPmlHVw] of size [16]. The generated key MUST be added to CAS settings under setting [cas.webflow.crypto.encryption.key].>[m
[32m2018-04-28 18:51:39,024 INFO [org.apereo.cas.authentication.PolicyBasedAuthenticationManager] - <Authenticated principal [casuser] with attributes [{}] via credentials [[casuser]].>[m
[32m2018-04-28 18:51:39,027 INFO [org.apereo.inspektr.audit.support.Slf4jLoggingAuditTrailManager] - <Audit trail record BEGIN
=============================================================
WHO: casuser
WHAT: Supplied credentials: [casuser]
ACTION: AUTHENTICATION_SUCCESS
APPLICATION: CAS
WHEN: Sat Apr 28 18:51:39 CEST 2018
CLIENT IP ADDRESS: 0:0:0:0:0:0:0:1
SERVER IP ADDRESS: 0:0:0:0:0:0:0:1
=============================================================

>[m
[32m2018-04-28 18:51:39,027 INFO [org.apereo.inspektr.audit.support.Slf4jLoggingAuditTrailManager] - <Audit trail record BEGIN
=============================================================
WHO: casuser
WHAT: Supplied credentials: [casuser]
ACTION: AUTHENTICATION_SUCCESS
APPLICATION: CAS
WHEN: Sat Apr 28 18:51:39 CEST 2018
CLIENT IP ADDRESS: 0:0:0:0:0:0:0:1
SERVER IP ADDRESS: 0:0:0:0:0:0:0:1
=============================================================

>[m
[32m2018-04-28 18:51:39,283 INFO [org.apereo.inspektr.audit.support.Slf4jLoggingAuditTrailManager] - <Audit trail record BEGIN
=============================================================
WHO: casuser
WHAT: TGT-************cNM1McDWQd-OT-LwkFiiWWdp65ytmpHqGxdhi9d7zxIrjLG9Hk4iDDOz6DSOg-MacBook-Air-de-Rodrigo
ACTION: TICKET_GRANTING_TICKET_CREATED
APPLICATION: CAS
WHEN: Sat Apr 28 18:51:39 CEST 2018
CLIENT IP ADDRESS: 0:0:0:0:0:0:0:1
SERVER IP ADDRESS: 0:0:0:0:0:0:0:1
=============================================================

>[m
[32m2018-04-28 18:51:39,283 INFO [org.apereo.inspektr.audit.support.Slf4jLoggingAuditTrailManager] - <Audit trail record BEGIN
=============================================================
WHO: casuser
WHAT: TGT-************cNM1McDWQd-OT-LwkFiiWWdp65ytmpHqGxdhi9d7zxIrjLG9Hk4iDDOz6DSOg-MacBook-Air-de-Rodrigo
ACTION: TICKET_GRANTING_TICKET_CREATED
APPLICATION: CAS
WHEN: Sat Apr 28 18:51:39 CEST 2018
CLIENT IP ADDRESS: 0:0:0:0:0:0:0:1
SERVER IP ADDRESS: 0:0:0:0:0:0:0:1
=============================================================

>[m
[33m2018-04-28 18:51:39,288 WARN [org.apereo.cas.util.cipher.BaseStringCipherExecutor] - <Secret key for encryption is not defined for [Ticket-granting Cookie]; CAS will attempt to auto-generate the encryption key>[m
[33m2018-04-28 18:51:39,289 WARN [org.apereo.cas.util.cipher.BaseStringCipherExecutor] - <Generated encryption key [3FU7SGpPpqC37d_6td8CKN2u_r2YvPc2Lqbfa5Gg1L0] of size [256] for [Ticket-granting Cookie]. The generated key MUST be added to CAS settings under setting [cas.tgc.crypto.encryption.key].>[m
[33m2018-04-28 18:51:39,290 WARN [org.apereo.cas.util.cipher.BaseStringCipherExecutor] - <Secret key for signing is not defined for [Ticket-granting Cookie]. CAS will attempt to auto-generate the signing key>[m
[33m2018-04-28 18:51:39,291 WARN [org.apereo.cas.util.cipher.BaseStringCipherExecutor] - <Generated signing key [rFttonOJai-VfqhifsTfCTH4TeFIKMan4M5plW4JsiUHtmXviQccI2gz6olWmsFQGzM6cg7Akvn2mSFvLWtceg] of size [512] for [Ticket-granting Cookie]. The generated key MUST be added to CAS settings under setting [cas.tgc.crypto.signing.key].>[m
[32m2018-04-28 18:51:43,718 INFO [org.apereo.cas.logout.DefaultLogoutManager] - <Performing logout operations for [TGT-************cNM1McDWQd-OT-LwkFiiWWdp65ytmpHqGxdhi9d7zxIrjLG9Hk4iDDOz6DSOg-MacBook-Air-de-Rodrigo]>[m
[32m2018-04-28 18:51:43,726 INFO [org.apereo.cas.logout.DefaultLogoutManager] - <[0] logout requests were processed>[m
[32m2018-04-28 18:51:43,729 INFO [org.apereo.inspektr.audit.support.Slf4jLoggingAuditTrailManager] - <Audit trail record BEGIN
=============================================================
WHO: casuser
WHAT: TGT-************cNM1McDWQd-OT-LwkFiiWWdp65ytmpHqGxdhi9d7zxIrjLG9Hk4iDDOz6DSOg-MacBook-Air-de-Rodrigo
ACTION: TICKET_GRANTING_TICKET_DESTROYED
APPLICATION: CAS
WHEN: Sat Apr 28 18:51:43 CEST 2018
CLIENT IP ADDRESS: 0:0:0:0:0:0:0:1
SERVER IP ADDRESS: 0:0:0:0:0:0:0:1
=============================================================

>[m
[32m2018-04-28 18:51:43,729 INFO [org.apereo.inspektr.audit.support.Slf4jLoggingAuditTrailManager] - <Audit trail record BEGIN
=============================================================
WHO: casuser
WHAT: TGT-************cNM1McDWQd-OT-LwkFiiWWdp65ytmpHqGxdhi9d7zxIrjLG9Hk4iDDOz6DSOg-MacBook-Air-de-Rodrigo
ACTION: TICKET_GRANTING_TICKET_DESTROYED
APPLICATION: CAS
WHEN: Sat Apr 28 18:51:43 CEST 2018
CLIENT IP ADDRESS: 0:0:0:0:0:0:0:1
SERVER IP ADDRESS: 0:0:0:0:0:0:0:1
=============================================================

>[m
[32m2018-04-28 18:51:52,533 INFO [org.apereo.inspektr.audit.support.Slf4jLoggingAuditTrailManager] - <Audit trail record BEGIN
=============================================================
WHO: audit:unknown
WHAT: [event=success,timestamp=Sat Apr 28 18:51:52 CEST 2018,source=RankedAuthenticationProviderWebflowEventResolver]
ACTION: AUTHENTICATION_EVENT_TRIGGERED
APPLICATION: CAS
WHEN: Sat Apr 28 18:51:52 CEST 2018
CLIENT IP ADDRESS: 0:0:0:0:0:0:0:1
SERVER IP ADDRESS: 0:0:0:0:0:0:0:1
=============================================================

>[m
[32m2018-04-28 18:51:52,533 INFO [org.apereo.inspektr.audit.support.Slf4jLoggingAuditTrailManager] - <Audit trail record BEGIN
=============================================================
WHO: audit:unknown
WHAT: [event=success,timestamp=Sat Apr 28 18:51:52 CEST 2018,source=RankedAuthenticationProviderWebflowEventResolver]
ACTION: AUTHENTICATION_EVENT_TRIGGERED
APPLICATION: CAS
WHEN: Sat Apr 28 18:51:52 CEST 2018
CLIENT IP ADDRESS: 0:0:0:0:0:0:0:1
SERVER IP ADDRESS: 0:0:0:0:0:0:0:1
=============================================================

>[m
[32m2018-04-28 18:52:22,604 INFO [org.apereo.cas.services.AbstractServicesManager] - <Loaded [2] service(s) from [JsonServiceRegistryDao].>[m
[32m2018-04-28 18:53:22,632 INFO [org.apereo.cas.services.AbstractServicesManager] - <Loaded [2] service(s) from [JsonServiceRegistryDao].>[m
[32m2018-04-28 18:54:01,859 INFO [org.apereo.cas.services.AbstractServicesManager] - <Loaded [2] service(s) from [JsonServiceRegistryDao].>[m
[32m2018-04-28 18:54:01,886 INFO [org.apereo.inspektr.audit.support.Slf4jLoggingAuditTrailManager] - <Audit trail record BEGIN
=============================================================
WHO: audit:unknown
WHAT: [event=success,timestamp=Sat Apr 28 18:54:01 CEST 2018,source=RankedAuthenticationProviderWebflowEventResolver]
ACTION: AUTHENTICATION_EVENT_TRIGGERED
APPLICATION: CAS
WHEN: Sat Apr 28 18:54:01 CEST 2018
CLIENT IP ADDRESS: 0:0:0:0:0:0:0:1
SERVER IP ADDRESS: 0:0:0:0:0:0:0:1
=============================================================

>[m
[32m2018-04-28 18:54:01,886 INFO [org.apereo.inspektr.audit.support.Slf4jLoggingAuditTrailManager] - <Audit trail record BEGIN
=============================================================
WHO: audit:unknown
WHAT: [event=success,timestamp=Sat Apr 28 18:54:01 CEST 2018,source=RankedAuthenticationProviderWebflowEventResolver]
ACTION: AUTHENTICATION_EVENT_TRIGGERED
APPLICATION: CAS
WHEN: Sat Apr 28 18:54:01 CEST 2018
CLIENT IP ADDRESS: 0:0:0:0:0:0:0:1
SERVER IP ADDRESS: 0:0:0:0:0:0:0:1
=============================================================

>[m
[33m2018-04-28 18:54:01,893 WARN [org.apereo.cas.web.flow.ServiceAuthorizationCheck] - <Service Management: missing service. Service [http://localhost:9000/login/cas] is not found in service registry.>[m
[33m2018-04-28 18:54:01,893 WARN [org.apereo.cas.web.flow.ServiceAuthorizationCheck] - <Service Management: missing service. Service [http://localhost:9000/login/cas] is not found in service registry.>[m
[33m2018-04-28 18:54:01,915 WARN [org.apereo.cas.services.web.ServiceThemeResolver] - <No registered service is found to match [org.apereo.cas.authentication.principal.SimpleWebApplicationServiceImpl@40f24219[id=http://localhost:9000/login/cas,originalUrl=http://localhost:9000/login/cas,artifactId=<null>,principal=<null>,loggedOutAlready=false,format=XML]] or service access is disallowed. Using default theme [cas-theme-default]>[m
[33m2018-04-28 18:54:01,996 WARN [org.apereo.cas.services.web.ServiceThemeResolver] - <No registered service is found to match [org.apereo.cas.authentication.principal.SimpleWebApplicationServiceImpl@40f24219[id=http://localhost:9000/login/cas,originalUrl=http://localhost:9000/login/cas,artifactId=<null>,principal=<null>,loggedOutAlready=false,format=XML]] or service access is disallowed. Using default theme [cas-theme-default]>[m
[32m2018-04-28 18:54:21,881 INFO [org.apereo.cas.services.AbstractServicesManager] - <Loaded [2] service(s) from [JsonServiceRegistryDao].>[m
[32m2018-04-28 18:54:22,643 INFO [org.apereo.cas.services.AbstractServicesManager] - <Loaded [2] service(s) from [JsonServiceRegistryDao].>[m
[32m2018-04-28 18:54:40,771 INFO [org.apereo.inspektr.audit.support.Slf4jLoggingAuditTrailManager] - <Audit trail record BEGIN
=============================================================
WHO: audit:unknown
WHAT: [event=success,timestamp=Sat Apr 28 18:54:40 CEST 2018,source=RankedAuthenticationProviderWebflowEventResolver]
ACTION: AUTHENTICATION_EVENT_TRIGGERED
APPLICATION: CAS
WHEN: Sat Apr 28 18:54:40 CEST 2018
CLIENT IP ADDRESS: 0:0:0:0:0:0:0:1
SERVER IP ADDRESS: 0:0:0:0:0:0:0:1
=============================================================

>[m
[32m2018-04-28 18:54:40,771 INFO [org.apereo.inspektr.audit.support.Slf4jLoggingAuditTrailManager] - <Audit trail record BEGIN
=============================================================
WHO: audit:unknown
WHAT: [event=success,timestamp=Sat Apr 28 18:54:40 CEST 2018,source=RankedAuthenticationProviderWebflowEventResolver]
ACTION: AUTHENTICATION_EVENT_TRIGGERED
APPLICATION: CAS
WHEN: Sat Apr 28 18:54:40 CEST 2018
CLIENT IP ADDRESS: 0:0:0:0:0:0:0:1
SERVER IP ADDRESS: 0:0:0:0:0:0:0:1
=============================================================

>[m
[33m2018-04-28 18:54:40,773 WARN [org.apereo.cas.web.flow.ServiceAuthorizationCheck] - <Service Management: missing service. Service [http://localhost:9000/login/cas] is not found in service registry.>[m
[33m2018-04-28 18:54:40,773 WARN [org.apereo.cas.web.flow.ServiceAuthorizationCheck] - <Service Management: missing service. Service [http://localhost:9000/login/cas] is not found in service registry.>[m
[33m2018-04-28 18:54:40,775 WARN [org.apereo.cas.services.web.ServiceThemeResolver] - <No registered service is found to match [org.apereo.cas.authentication.principal.SimpleWebApplicationServiceImpl@3e53076b[id=http://localhost:9000/login/cas,originalUrl=http://localhost:9000/login/cas,artifactId=<null>,principal=<null>,loggedOutAlready=false,format=XML]] or service access is disallowed. Using default theme [cas-theme-default]>[m
[33m2018-04-28 18:54:40,824 WARN [org.apereo.cas.services.web.ServiceThemeResolver] - <No registered service is found to match [org.apereo.cas.authentication.principal.SimpleWebApplicationServiceImpl@3e53076b[id=http://localhost:9000/login/cas,originalUrl=http://localhost:9000/login/cas,artifactId=<null>,principal=<null>,loggedOutAlready=false,format=XML]] or service access is disallowed. Using default theme [cas-theme-default]>[m
[32m2018-04-28 18:55:21,896 INFO [org.apereo.cas.services.AbstractServicesManager] - <Loaded [2] service(s) from [JsonServiceRegistryDao].>[m
[32m2018-04-28 18:55:22,646 INFO [org.apereo.cas.services.AbstractServicesManager] - <Loaded [2] service(s) from [JsonServiceRegistryDao].>[m
[32m2018-04-28 18:56:21,916 INFO [org.apereo.cas.services.AbstractServicesManager] - <Loaded [2] service(s) from [JsonServiceRegistryDao].>[m
[32m2018-04-28 18:56:22,654 INFO [org.apereo.cas.services.AbstractServicesManager] - <Loaded [2] service(s) from [JsonServiceRegistryDao].>[m
[32m2018-04-28 18:57:08,362 INFO [org.apereo.inspektr.audit.support.Slf4jLoggingAuditTrailManager] - <Audit trail record BEGIN
=============================================================
WHO: audit:unknown
WHAT: [event=success,timestamp=Sat Apr 28 18:57:08 CEST 2018,source=RankedAuthenticationProviderWebflowEventResolver]
ACTION: AUTHENTICATION_EVENT_TRIGGERED
APPLICATION: CAS
WHEN: Sat Apr 28 18:57:08 CEST 2018
CLIENT IP ADDRESS: 0:0:0:0:0:0:0:1
SERVER IP ADDRESS: 0:0:0:0:0:0:0:1
=============================================================

>[m
[32m2018-04-28 18:57:08,362 INFO [org.apereo.inspektr.audit.support.Slf4jLoggingAuditTrailManager] - <Audit trail record BEGIN
=============================================================
WHO: audit:unknown
WHAT: [event=success,timestamp=Sat Apr 28 18:57:08 CEST 2018,source=RankedAuthenticationProviderWebflowEventResolver]
ACTION: AUTHENTICATION_EVENT_TRIGGERED
APPLICATION: CAS
WHEN: Sat Apr 28 18:57:08 CEST 2018
CLIENT IP ADDRESS: 0:0:0:0:0:0:0:1
SERVER IP ADDRESS: 0:0:0:0:0:0:0:1
=============================================================

>[m
[33m2018-04-28 18:57:08,376 WARN [org.apereo.cas.web.flow.ServiceAuthorizationCheck] - <Service Management: missing service. Service [http://localhost:9000/login/cas] is not found in service registry.>[m
[33m2018-04-28 18:57:08,376 WARN [org.apereo.cas.web.flow.ServiceAuthorizationCheck] - <Service Management: missing service. Service [http://localhost:9000/login/cas] is not found in service registry.>[m
[33m2018-04-28 18:57:08,380 WARN [org.apereo.cas.services.web.ServiceThemeResolver] - <No registered service is found to match [org.apereo.cas.authentication.principal.SimpleWebApplicationServiceImpl@4d73d906[id=http://localhost:9000/login/cas,originalUrl=http://localhost:9000/login/cas,artifactId=<null>,principal=<null>,loggedOutAlready=false,format=XML]] or service access is disallowed. Using default theme [cas-theme-default]>[m
[33m2018-04-28 18:57:08,461 WARN [org.apereo.cas.services.web.ServiceThemeResolver] - <No registered service is found to match [org.apereo.cas.authentication.principal.SimpleWebApplicationServiceImpl@4d73d906[id=http://localhost:9000/login/cas,originalUrl=http://localhost:9000/login/cas,artifactId=<null>,principal=<null>,loggedOutAlready=false,format=XML]] or service access is disallowed. Using default theme [cas-theme-default]>[m
[32m2018-04-28 18:57:16,030 INFO [org.apereo.inspektr.audit.support.Slf4jLoggingAuditTrailManager] - <Audit trail record BEGIN
=============================================================
WHO: audit:unknown
WHAT: [event=success,timestamp=Sat Apr 28 18:57:16 CEST 2018,source=RankedAuthenticationProviderWebflowEventResolver]
ACTION: AUTHENTICATION_EVENT_TRIGGERED
APPLICATION: CAS
WHEN: Sat Apr 28 18:57:16 CEST 2018
CLIENT IP ADDRESS: 0:0:0:0:0:0:0:1
SERVER IP ADDRESS: 0:0:0:0:0:0:0:1
=============================================================

>[m
[32m2018-04-28 18:57:16,030 INFO [org.apereo.inspektr.audit.support.Slf4jLoggingAuditTrailManager] - <Audit trail record BEGIN
=============================================================
WHO: audit:unknown
WHAT: [event=success,timestamp=Sat Apr 28 18:57:16 CEST 2018,source=RankedAuthenticationProviderWebflowEventResolver]
ACTION: AUTHENTICATION_EVENT_TRIGGERED
APPLICATION: CAS
WHEN: Sat Apr 28 18:57:16 CEST 2018
CLIENT IP ADDRESS: 0:0:0:0:0:0:0:1
SERVER IP ADDRESS: 0:0:0:0:0:0:0:1
=============================================================

>[m
[32m2018-04-28 18:57:21,933 INFO [org.apereo.cas.services.AbstractServicesManager] - <Loaded [2] service(s) from [JsonServiceRegistryDao].>[m
[32m2018-04-28 18:57:22,659 INFO [org.apereo.cas.services.AbstractServicesManager] - <Loaded [2] service(s) from [JsonServiceRegistryDao].>[m
[32m2018-04-28 18:58:21,959 INFO [org.apereo.cas.services.AbstractServicesManager] - <Loaded [2] service(s) from [JsonServiceRegistryDao].>[m
[32m2018-04-28 18:58:22,670 INFO [org.apereo.cas.services.AbstractServicesManager] - <Loaded [2] service(s) from [JsonServiceRegistryDao].>[m
[32m2018-04-28 18:58:26,420 INFO [org.apereo.inspektr.audit.support.Slf4jLoggingAuditTrailManager] - <Audit trail record BEGIN
=============================================================
WHO: audit:unknown
WHAT: [event=success,timestamp=Sat Apr 28 18:58:26 CEST 2018,source=RankedAuthenticationProviderWebflowEventResolver]
ACTION: AUTHENTICATION_EVENT_TRIGGERED
APPLICATION: CAS
WHEN: Sat Apr 28 18:58:26 CEST 2018
CLIENT IP ADDRESS: 0:0:0:0:0:0:0:1
SERVER IP ADDRESS: 0:0:0:0:0:0:0:1
=============================================================

>[m
[32m2018-04-28 18:58:26,420 INFO [org.apereo.inspektr.audit.support.Slf4jLoggingAuditTrailManager] - <Audit trail record BEGIN
=============================================================
WHO: audit:unknown
WHAT: [event=success,timestamp=Sat Apr 28 18:58:26 CEST 2018,source=RankedAuthenticationProviderWebflowEventResolver]
ACTION: AUTHENTICATION_EVENT_TRIGGERED
APPLICATION: CAS
WHEN: Sat Apr 28 18:58:26 CEST 2018
CLIENT IP ADDRESS: 0:0:0:0:0:0:0:1
SERVER IP ADDRESS: 0:0:0:0:0:0:0:1
=============================================================

>[m
[32m2018-04-28 18:58:35,937 INFO [org.apereo.inspektr.audit.support.Slf4jLoggingAuditTrailManager] - <Audit trail record BEGIN
=============================================================
WHO: audit:unknown
WHAT: [event=success,timestamp=Sat Apr 28 18:58:35 CEST 2018,source=RankedAuthenticationProviderWebflowEventResolver]
ACTION: AUTHENTICATION_EVENT_TRIGGERED
APPLICATION: CAS
WHEN: Sat Apr 28 18:58:35 CEST 2018
CLIENT IP ADDRESS: 0:0:0:0:0:0:0:1
SERVER IP ADDRESS: 0:0:0:0:0:0:0:1
=============================================================

>[m
[32m2018-04-28 18:58:35,937 INFO [org.apereo.inspektr.audit.support.Slf4jLoggingAuditTrailManager] - <Audit trail record BEGIN
=============================================================
WHO: audit:unknown
WHAT: [event=success,timestamp=Sat Apr 28 18:58:35 CEST 2018,source=RankedAuthenticationProviderWebflowEventResolver]
ACTION: AUTHENTICATION_EVENT_TRIGGERED
APPLICATION: CAS
WHEN: Sat Apr 28 18:58:35 CEST 2018
CLIENT IP ADDRESS: 0:0:0:0:0:0:0:1
SERVER IP ADDRESS: 0:0:0:0:0:0:0:1
=============================================================

>[m
[33m2018-04-28 18:58:35,940 WARN [org.apereo.cas.web.flow.ServiceAuthorizationCheck] - <Service Management: missing service. Service [http://localhost:9000/login/cas] is not found in service registry.>[m
[33m2018-04-28 18:58:35,940 WARN [org.apereo.cas.web.flow.ServiceAuthorizationCheck] - <Service Management: missing service. Service [http://localhost:9000/login/cas] is not found in service registry.>[m
[33m2018-04-28 18:58:35,943 WARN [org.apereo.cas.services.web.ServiceThemeResolver] - <No registered service is found to match [org.apereo.cas.authentication.principal.SimpleWebApplicationServiceImpl@571f51a3[id=http://localhost:9000/login/cas,originalUrl=http://localhost:9000/login/cas,artifactId=<null>,principal=<null>,loggedOutAlready=false,format=XML]] or service access is disallowed. Using default theme [cas-theme-default]>[m
[33m2018-04-28 18:58:35,959 WARN [org.apereo.cas.services.web.ServiceThemeResolver] - <No registered service is found to match [org.apereo.cas.authentication.principal.SimpleWebApplicationServiceImpl@571f51a3[id=http://localhost:9000/login/cas,originalUrl=http://localhost:9000/login/cas,artifactId=<null>,principal=<null>,loggedOutAlready=false,format=XML]] or service access is disallowed. Using default theme [cas-theme-default]>[m
[32m2018-04-28 18:58:39,647 INFO [org.apereo.inspektr.audit.support.Slf4jLoggingAuditTrailManager] - <Audit trail record BEGIN
=============================================================
WHO: audit:unknown
WHAT: [event=success,timestamp=Sat Apr 28 18:58:39 CEST 2018,source=RankedAuthenticationProviderWebflowEventResolver]
ACTION: AUTHENTICATION_EVENT_TRIGGERED
APPLICATION: CAS
WHEN: Sat Apr 28 18:58:39 CEST 2018
CLIENT IP ADDRESS: 0:0:0:0:0:0:0:1
SERVER IP ADDRESS: 0:0:0:0:0:0:0:1
=============================================================

>[m
[32m2018-04-28 18:58:39,647 INFO [org.apereo.inspektr.audit.support.Slf4jLoggingAuditTrailManager] - <Audit trail record BEGIN
=============================================================
WHO: audit:unknown
WHAT: [event=success,timestamp=Sat Apr 28 18:58:39 CEST 2018,source=RankedAuthenticationProviderWebflowEventResolver]
ACTION: AUTHENTICATION_EVENT_TRIGGERED
APPLICATION: CAS
WHEN: Sat Apr 28 18:58:39 CEST 2018
CLIENT IP ADDRESS: 0:0:0:0:0:0:0:1
SERVER IP ADDRESS: 0:0:0:0:0:0:0:1
=============================================================

>[m
[33m2018-04-28 18:58:39,650 WARN [org.apereo.cas.web.flow.ServiceAuthorizationCheck] - <Service Management: missing service. Service [http://localhost:9000/login/cas] is not found in service registry.>[m
[33m2018-04-28 18:58:39,650 WARN [org.apereo.cas.web.flow.ServiceAuthorizationCheck] - <Service Management: missing service. Service [http://localhost:9000/login/cas] is not found in service registry.>[m
[33m2018-04-28 18:58:39,651 WARN [org.apereo.cas.services.web.ServiceThemeResolver] - <No registered service is found to match [org.apereo.cas.authentication.principal.SimpleWebApplicationServiceImpl@3bf6755a[id=http://localhost:9000/login/cas,originalUrl=http://localhost:9000/login/cas,artifactId=<null>,principal=<null>,loggedOutAlready=false,format=XML]] or service access is disallowed. Using default theme [cas-theme-default]>[m
[33m2018-04-28 18:58:39,665 WARN [org.apereo.cas.services.web.ServiceThemeResolver] - <No registered service is found to match [org.apereo.cas.authentication.principal.SimpleWebApplicationServiceImpl@3bf6755a[id=http://localhost:9000/login/cas,originalUrl=http://localhost:9000/login/cas,artifactId=<null>,principal=<null>,loggedOutAlready=false,format=XML]] or service access is disallowed. Using default theme [cas-theme-default]>[m
[32m2018-04-28 18:59:06,184 INFO [org.apereo.cas.support.events.listener.CasConfigurationEventListener] - <Received event [org.apereo.cas.support.events.config.CasConfigurationModifiedEvent@f3f37f[],/etc/cas/config/cas.properties,false]. Refreshing CAS configuration...>[m
[32m2018-04-28 18:59:08,655 INFO [org.apereo.cas.configuration.config.CasCoreBootstrapStandaloneConfiguration] - <Configuration files found at [/etc/cas/config] are [[/etc/cas/config/application.yml, /etc/cas/config/cas.properties]]>[m
[32m2018-04-28 18:59:08,658 INFO [org.apereo.cas.configuration.config.CasCoreBootstrapStandaloneConfiguration] - <Found and loaded [5] setting(s) from [/etc/cas/config]>[m
[32m2018-04-28 18:59:08,659 INFO [org.springframework.cloud.bootstrap.config.PropertySourceBootstrapConfiguration] - <Located property source: PropertiesPropertySource {name='standaloneCasConfigService'}>[m
[32m2018-04-28 18:59:08,807 INFO [org.apereo.cas.support.events.listener.CasConfigurationEventListener] - <Refreshing CAS configuration. Stand by...>[m
[32m2018-04-28 18:59:09,377 INFO [org.apereo.cas.support.events.listener.CasConfigurationEventListener] - <Refreshing CAS configuration. Stand by...>[m
[32m2018-04-28 18:59:09,387 INFO [org.apereo.cas.support.events.listener.CasConfigurationEventListener] - <CAS finished rebinding configuration with new settings [[cas.server.name, cas.adminPagesSecurity.ip, cas.server.prefix]]>[m
[32m2018-04-28 18:59:21,979 INFO [org.apereo.cas.services.AbstractServicesManager] - <Loaded [2] service(s) from [JsonServiceRegistryDao].>[m
[32m2018-04-28 18:59:22,675 INFO [org.apereo.cas.services.AbstractServicesManager] - <Loaded [2] service(s) from [JsonServiceRegistryDao].>[m
[32m2018-04-28 18:59:28,807 INFO [org.apereo.cas.web.CasWebApplicationContext] - <Closing CasWebApplicationContext>[m
[33m2018-04-28 18:59:28,856 WARN [org.apereo.cas.util.io.PathWatcherService] - <Directory key is no longer valid. Quitting watcher service>[m
