[32m2018-04-28 19:22:34,280 INFO [org.apereo.cas.configuration.config.CasCoreBootstrapStandaloneConfiguration] - <Configuration files found at [/etc/cas/config] are [[/etc/cas/config/application.yml, /etc/cas/config/cas.properties]]>[m
[32m2018-04-28 19:22:34,334 INFO [org.apereo.cas.configuration.config.CasCoreBootstrapStandaloneConfiguration] - <Found and loaded [2] setting(s) from [/etc/cas/config]>[m
[32m2018-04-28 19:22:34,335 INFO [org.springframework.cloud.bootstrap.config.PropertySourceBootstrapConfiguration] - <Located property source: PropertiesPropertySource {name='standaloneCasConfigService'}>[m
[32m2018-04-28 19:22:34,351 INFO [org.apereo.cas.web.CasWebApplication] - <The following profiles are active: standalone>[m
[32m2018-04-28 19:22:34,414 INFO [org.apereo.cas.web.CasWebApplicationContext] - <Refreshing CasWebApplicationContext>[m
[33m2018-04-28 19:22:41,979 WARN [org.apereo.cas.config.CasCoreTicketsConfiguration] - <Runtime memory is used as the persistence storage for retrieving and managing tickets. Tickets that are issued during runtime will be LOST upon container restarts. This MAY impact SSO functionality.>[m
[32m2018-04-28 19:22:41,985 INFO [org.apereo.cas.configuration.support.Beans] - <Ticket registry encryption/signing is turned off. This MAY NOT be safe in a clustered production environment. Consider using other choices to handle encryption, signing and verification of ticket registry tickets, and verify the chosen ticket registry does support this behavior.>[m
[33m2018-04-28 19:23:06,327 WARN [org.apereo.cas.config.support.authentication.AcceptUsersAuthenticationEventExecutionPlanConfiguration] - <[36m>[m
[33m2018-04-28 19:23:06,334 WARN [org.apereo.cas.config.support.authentication.AcceptUsersAuthenticationEventExecutionPlanConfiguration] - <

  ____    _____    ___    ____    _ 
 / ___|  |_   _|  / _ \  |  _ \  | |
 \___ \    | |   | | | | | |_) | | |
  ___) |   | |   | |_| | |  __/  |_|
 |____/    |_|    \___/  |_|     (_)
                                    

CAS is configured to accept a static list of credentials for authentication. While this is generally useful for demo purposes, it is STRONGLY recommended that you DISABLE this authentication method (by setting 'cas.authn.accept.users' to a blank value) and switch to a mode that is more suitable for production.>[m
[33m2018-04-28 19:23:06,334 WARN [org.apereo.cas.config.support.authentication.AcceptUsersAuthenticationEventExecutionPlanConfiguration] - <[0m>[m
[32m2018-04-28 19:23:19,384 INFO [org.apereo.cas.services.AbstractResourceBasedServiceRegistryDao] - <Setting up a watch for service registry directory at [/Users/Rodrigo/Desarrollos/SandBox/SSO/cas/cas-server/cas-overlay-server/etc/cas/services]>[m
[32m2018-04-28 19:23:36,520 INFO [org.apereo.cas.support.events.listener.CasConfigurationEventListener] - <Refreshing CAS configuration. Stand by...>[m
[33m2018-04-28 19:23:37,804 WARN [org.apereo.cas.services.AbstractResourceBasedServiceRegistryDao] - <[casSecuredApp.json] does not match the recommended pattern [\w+-\d+\.json]. While CAS tries to be forgiving as much as possible, it's recommended that you rename the file to match the request pattern to avoid issues with duplicate service loading. Future CAS versions may try to strictly force the naming syntax, refusing to load the file.>[m
[32m2018-04-28 19:23:38,293 INFO [org.apereo.cas.services.AbstractServicesManager] - <Loaded [1] service(s) from [JsonServiceRegistryDao].>[m
[33m2018-04-28 19:23:39,048 WARN [org.apereo.cas.util.cipher.BaseStringCipherExecutor] - <Secret key for encryption is not defined for [Ticket-granting Cookie]; CAS will attempt to auto-generate the encryption key>[m
[33m2018-04-28 19:23:39,070 WARN [org.apereo.cas.util.cipher.BaseStringCipherExecutor] - <Generated encryption key [Etw5TahAR8jM6qi0Ay8pabygaeU-TWvPbtF_wJH7rpA] of size [256] for [Ticket-granting Cookie]. The generated key MUST be added to CAS settings under setting [cas.tgc.crypto.encryption.key].>[m
[33m2018-04-28 19:23:39,078 WARN [org.apereo.cas.util.cipher.BaseStringCipherExecutor] - <Secret key for signing is not defined for [Ticket-granting Cookie]. CAS will attempt to auto-generate the signing key>[m
[33m2018-04-28 19:23:39,078 WARN [org.apereo.cas.util.cipher.BaseStringCipherExecutor] - <Generated signing key [6D_f8lkglIIqiVSUXCFgA6wSkb615mmT1L2SXoLpQZaOnpjysj1wegEoUE74GYfL50uS6OGNRnbcVba5B3swMQ] of size [512] for [Ticket-granting Cookie]. The generated key MUST be added to CAS settings under setting [cas.tgc.crypto.signing.key].>[m
[33m2018-04-28 19:23:40,249 WARN [org.apereo.cas.util.cipher.BaseBinaryCipherExecutor] - <Secret key for signing is not defined under [cas.webflow.crypto.signing.key]. CAS will attempt to auto-generate the signing key>[m
[33m2018-04-28 19:23:40,249 WARN [org.apereo.cas.util.cipher.BaseBinaryCipherExecutor] - <Generated signing key [pH6ngE94OfVrjPYiFm0Dd5F999c8yh5360d7IQB63Pdaz7JWgOpcQGryAzheIgQJQ32M2lQxeVOl-sKDkvZ7NQ] of size [512]. The generated key MUST be added to CAS settings under setting [cas.webflow.crypto.signing.key].>[m
[33m2018-04-28 19:23:40,250 WARN [org.apereo.cas.util.cipher.BaseBinaryCipherExecutor] - <Secret key for encryption is not defined under [cas.webflow.crypto.encryption.key]. CAS will attempt to auto-generate the encryption key>[m
[33m2018-04-28 19:23:40,264 WARN [org.apereo.cas.util.cipher.BaseBinaryCipherExecutor] - <Generated encryption key [ccGFIj9tJJ0f1k2dExn1bA] of size [16]. The generated key MUST be added to CAS settings under setting [cas.webflow.crypto.encryption.key].>[m
[32m2018-04-28 19:23:40,977 INFO [org.apereo.cas.support.events.listener.DefaultCasEventListener] - <[36m>[m
[32m2018-04-28 19:23:40,984 INFO [org.apereo.cas.support.events.listener.DefaultCasEventListener] - <

  ____    _____      _      ____   __   __
 |  _ \  | ____|    / \    |  _ \  \ \ / /
 | |_) | |  _|     / _ \   | | | |  \ V / 
 |  _ <  | |___   / ___ \  | |_| |   | |  
 |_| \_\ |_____| /_/   \_\ |____/    |_|  
                                          
>[m
[32m2018-04-28 19:23:40,984 INFO [org.apereo.cas.support.events.listener.DefaultCasEventListener] - <[0m>[m
[32m2018-04-28 19:23:40,985 INFO [org.apereo.cas.support.events.listener.DefaultCasEventListener] - <Ready to process requests @ [2018-04-28T17:23:40.976Z]>[m
[32m2018-04-28 19:23:40,991 INFO [org.apereo.cas.web.CasWebApplication] - <Started CasWebApplication in 72.279 seconds (JVM running for 78.906)>[m
[33m2018-04-28 19:24:00,527 WARN [org.apereo.cas.services.AbstractResourceBasedServiceRegistryDao] - <[casSecuredApp.json] does not match the recommended pattern [\w+-\d+\.json]. While CAS tries to be forgiving as much as possible, it's recommended that you rename the file to match the request pattern to avoid issues with duplicate service loading. Future CAS versions may try to strictly force the naming syntax, refusing to load the file.>[m
[32m2018-04-28 19:24:00,550 INFO [org.apereo.cas.services.AbstractServicesManager] - <Loaded [1] service(s) from [JsonServiceRegistryDao].>[m
[32m2018-04-28 19:24:02,491 INFO [org.apereo.cas.web.flow.InitialFlowSetupAction] - <Setting path for cookies for warn cookie generator to: [/cas/] >[m
[32m2018-04-28 19:24:02,491 INFO [org.apereo.cas.web.flow.InitialFlowSetupAction] - <Setting path for cookies for warn cookie generator to: [/cas/] >[m
[32m2018-04-28 19:24:02,598 INFO [org.apereo.inspektr.audit.support.Slf4jLoggingAuditTrailManager] - <Audit trail record BEGIN
=============================================================
WHO: audit:unknown
WHAT: [event=success,timestamp=Sat Apr 28 19:24:02 CEST 2018,source=RankedAuthenticationProviderWebflowEventResolver]
ACTION: AUTHENTICATION_EVENT_TRIGGERED
APPLICATION: CAS
WHEN: Sat Apr 28 19:24:02 CEST 2018
CLIENT IP ADDRESS: 0:0:0:0:0:0:0:1
SERVER IP ADDRESS: 0:0:0:0:0:0:0:1
=============================================================

>[m
[32m2018-04-28 19:24:02,598 INFO [org.apereo.inspektr.audit.support.Slf4jLoggingAuditTrailManager] - <Audit trail record BEGIN
=============================================================
WHO: audit:unknown
WHAT: [event=success,timestamp=Sat Apr 28 19:24:02 CEST 2018,source=RankedAuthenticationProviderWebflowEventResolver]
ACTION: AUTHENTICATION_EVENT_TRIGGERED
APPLICATION: CAS
WHEN: Sat Apr 28 19:24:02 CEST 2018
CLIENT IP ADDRESS: 0:0:0:0:0:0:0:1
SERVER IP ADDRESS: 0:0:0:0:0:0:0:1
=============================================================

>[m
[32m2018-04-28 19:24:10,551 INFO [org.apereo.cas.ticket.registry.DefaultTicketRegistryCleaner] - <[0] expired tickets removed.>[m
[33m2018-04-28 19:25:00,555 WARN [org.apereo.cas.services.AbstractResourceBasedServiceRegistryDao] - <[casSecuredApp.json] does not match the recommended pattern [\w+-\d+\.json]. While CAS tries to be forgiving as much as possible, it's recommended that you rename the file to match the request pattern to avoid issues with duplicate service loading. Future CAS versions may try to strictly force the naming syntax, refusing to load the file.>[m
[32m2018-04-28 19:25:00,578 INFO [org.apereo.cas.services.AbstractServicesManager] - <Loaded [1] service(s) from [JsonServiceRegistryDao].>[m
[32m2018-04-28 19:25:08,373 INFO [org.apereo.inspektr.audit.support.Slf4jLoggingAuditTrailManager] - <Audit trail record BEGIN
=============================================================
WHO: audit:unknown
WHAT: [event=success,timestamp=Sat Apr 28 19:25:08 CEST 2018,source=RankedAuthenticationProviderWebflowEventResolver]
ACTION: AUTHENTICATION_EVENT_TRIGGERED
APPLICATION: CAS
WHEN: Sat Apr 28 19:25:08 CEST 2018
CLIENT IP ADDRESS: 0:0:0:0:0:0:0:1
SERVER IP ADDRESS: 0:0:0:0:0:0:0:1
=============================================================

>[m
[32m2018-04-28 19:25:08,373 INFO [org.apereo.inspektr.audit.support.Slf4jLoggingAuditTrailManager] - <Audit trail record BEGIN
=============================================================
WHO: audit:unknown
WHAT: [event=success,timestamp=Sat Apr 28 19:25:08 CEST 2018,source=RankedAuthenticationProviderWebflowEventResolver]
ACTION: AUTHENTICATION_EVENT_TRIGGERED
APPLICATION: CAS
WHEN: Sat Apr 28 19:25:08 CEST 2018
CLIENT IP ADDRESS: 0:0:0:0:0:0:0:1
SERVER IP ADDRESS: 0:0:0:0:0:0:0:1
=============================================================

>[m
[1;31m2018-04-28 19:25:20,447 ERROR [org.apereo.cas.authentication.PolicyBasedAuthenticationManager] - <Authentication has failed. Credentials may be incorrect or CAS cannot find authentication handler that supports [causer] of type [UsernamePasswordCredential]. Examine the configuration to ensure a method of authentication is defined and analyze CAS logs at DEBUG level to trace the authentication event.>[m
[32m2018-04-28 19:25:20,452 INFO [org.apereo.inspektr.audit.support.Slf4jLoggingAuditTrailManager] - <Audit trail record BEGIN
=============================================================
WHO: causer
WHAT: Supplied credentials: [causer]
ACTION: AUTHENTICATION_SUCCESS
APPLICATION: CAS
WHEN: Sat Apr 28 19:25:20 CEST 2018
CLIENT IP ADDRESS: 0:0:0:0:0:0:0:1
SERVER IP ADDRESS: 0:0:0:0:0:0:0:1
=============================================================

>[m
[32m2018-04-28 19:25:20,452 INFO [org.apereo.inspektr.audit.support.Slf4jLoggingAuditTrailManager] - <Audit trail record BEGIN
=============================================================
WHO: causer
WHAT: Supplied credentials: [causer]
ACTION: AUTHENTICATION_SUCCESS
APPLICATION: CAS
WHEN: Sat Apr 28 19:25:20 CEST 2018
CLIENT IP ADDRESS: 0:0:0:0:0:0:0:1
SERVER IP ADDRESS: 0:0:0:0:0:0:0:1
=============================================================

>[m
[32m2018-04-28 19:25:29,866 INFO [org.apereo.cas.authentication.PolicyBasedAuthenticationManager] - <Authenticated principal [casuser] with attributes [{}] via credentials [[casuser]].>[m
[32m2018-04-28 19:25:29,868 INFO [org.apereo.inspektr.audit.support.Slf4jLoggingAuditTrailManager] - <Audit trail record BEGIN
=============================================================
WHO: casuser
WHAT: Supplied credentials: [casuser]
ACTION: AUTHENTICATION_SUCCESS
APPLICATION: CAS
WHEN: Sat Apr 28 19:25:29 CEST 2018
CLIENT IP ADDRESS: 0:0:0:0:0:0:0:1
SERVER IP ADDRESS: 0:0:0:0:0:0:0:1
=============================================================

>[m
[32m2018-04-28 19:25:29,868 INFO [org.apereo.inspektr.audit.support.Slf4jLoggingAuditTrailManager] - <Audit trail record BEGIN
=============================================================
WHO: casuser
WHAT: Supplied credentials: [casuser]
ACTION: AUTHENTICATION_SUCCESS
APPLICATION: CAS
WHEN: Sat Apr 28 19:25:29 CEST 2018
CLIENT IP ADDRESS: 0:0:0:0:0:0:0:1
SERVER IP ADDRESS: 0:0:0:0:0:0:0:1
=============================================================

>[m
[32m2018-04-28 19:25:30,091 INFO [org.apereo.inspektr.audit.support.Slf4jLoggingAuditTrailManager] - <Audit trail record BEGIN
=============================================================
WHO: casuser
WHAT: TGT-*********************************************15x1NR6KE3-06KwWH1gcW3Os4PjA-MacBook-Air-de-Rodrigo
ACTION: TICKET_GRANTING_TICKET_CREATED
APPLICATION: CAS
WHEN: Sat Apr 28 19:25:30 CEST 2018
CLIENT IP ADDRESS: 0:0:0:0:0:0:0:1
SERVER IP ADDRESS: 0:0:0:0:0:0:0:1
=============================================================

>[m
[32m2018-04-28 19:25:30,091 INFO [org.apereo.inspektr.audit.support.Slf4jLoggingAuditTrailManager] - <Audit trail record BEGIN
=============================================================
WHO: casuser
WHAT: TGT-*********************************************15x1NR6KE3-06KwWH1gcW3Os4PjA-MacBook-Air-de-Rodrigo
ACTION: TICKET_GRANTING_TICKET_CREATED
APPLICATION: CAS
WHEN: Sat Apr 28 19:25:30 CEST 2018
CLIENT IP ADDRESS: 0:0:0:0:0:0:0:1
SERVER IP ADDRESS: 0:0:0:0:0:0:0:1
=============================================================

>[m
[32m2018-04-28 19:25:30,154 INFO [org.apereo.cas.DefaultCentralAuthenticationService] - <Granted ticket [ST-1-I-hgLae6hJ4vHZeO3eU7QsDBK-E-MacBook-Air-de-Rodrigo] for service [http://localhost:9000/login/cas] and principal [casuser]>[m
[32m2018-04-28 19:25:30,157 INFO [org.apereo.inspektr.audit.support.Slf4jLoggingAuditTrailManager] - <Audit trail record BEGIN
=============================================================
WHO: casuser
WHAT: ST-1-I-hgLae6hJ4vHZeO3eU7QsDBK-E-MacBook-Air-de-Rodrigo for http://localhost:9000/login/cas
ACTION: SERVICE_TICKET_CREATED
APPLICATION: CAS
WHEN: Sat Apr 28 19:25:30 CEST 2018
CLIENT IP ADDRESS: 0:0:0:0:0:0:0:1
SERVER IP ADDRESS: 0:0:0:0:0:0:0:1
=============================================================

>[m
[32m2018-04-28 19:25:30,157 INFO [org.apereo.inspektr.audit.support.Slf4jLoggingAuditTrailManager] - <Audit trail record BEGIN
=============================================================
WHO: casuser
WHAT: ST-1-I-hgLae6hJ4vHZeO3eU7QsDBK-E-MacBook-Air-de-Rodrigo for http://localhost:9000/login/cas
ACTION: SERVICE_TICKET_CREATED
APPLICATION: CAS
WHEN: Sat Apr 28 19:25:30 CEST 2018
CLIENT IP ADDRESS: 0:0:0:0:0:0:0:1
SERVER IP ADDRESS: 0:0:0:0:0:0:0:1
=============================================================

>[m
[33m2018-04-28 19:26:00,583 WARN [org.apereo.cas.services.AbstractResourceBasedServiceRegistryDao] - <[casSecuredApp.json] does not match the recommended pattern [\w+-\d+\.json]. While CAS tries to be forgiving as much as possible, it's recommended that you rename the file to match the request pattern to avoid issues with duplicate service loading. Future CAS versions may try to strictly force the naming syntax, refusing to load the file.>[m
[32m2018-04-28 19:26:00,590 INFO [org.apereo.cas.services.AbstractServicesManager] - <Loaded [1] service(s) from [JsonServiceRegistryDao].>[m
[32m2018-04-28 19:26:10,561 INFO [org.apereo.cas.ticket.registry.DefaultTicketRegistryCleaner] - <[0] expired tickets removed.>[m
[33m2018-04-28 19:27:00,597 WARN [org.apereo.cas.services.AbstractResourceBasedServiceRegistryDao] - <[casSecuredApp.json] does not match the recommended pattern [\w+-\d+\.json]. While CAS tries to be forgiving as much as possible, it's recommended that you rename the file to match the request pattern to avoid issues with duplicate service loading. Future CAS versions may try to strictly force the naming syntax, refusing to load the file.>[m
[32m2018-04-28 19:27:00,610 INFO [org.apereo.cas.services.AbstractServicesManager] - <Loaded [1] service(s) from [JsonServiceRegistryDao].>[m
[33m2018-04-28 19:28:00,610 WARN [org.apereo.cas.services.AbstractResourceBasedServiceRegistryDao] - <[casSecuredApp.json] does not match the recommended pattern [\w+-\d+\.json]. While CAS tries to be forgiving as much as possible, it's recommended that you rename the file to match the request pattern to avoid issues with duplicate service loading. Future CAS versions may try to strictly force the naming syntax, refusing to load the file.>[m
[32m2018-04-28 19:28:00,616 INFO [org.apereo.cas.services.AbstractServicesManager] - <Loaded [1] service(s) from [JsonServiceRegistryDao].>[m
[32m2018-04-28 19:28:10,565 INFO [org.apereo.cas.ticket.registry.DefaultTicketRegistryCleaner] - <[0] expired tickets removed.>[m
[33m2018-04-28 19:29:00,616 WARN [org.apereo.cas.services.AbstractResourceBasedServiceRegistryDao] - <[casSecuredApp.json] does not match the recommended pattern [\w+-\d+\.json]. While CAS tries to be forgiving as much as possible, it's recommended that you rename the file to match the request pattern to avoid issues with duplicate service loading. Future CAS versions may try to strictly force the naming syntax, refusing to load the file.>[m
[32m2018-04-28 19:29:00,622 INFO [org.apereo.cas.services.AbstractServicesManager] - <Loaded [1] service(s) from [JsonServiceRegistryDao].>[m
[33m2018-04-28 19:30:00,623 WARN [org.apereo.cas.services.AbstractResourceBasedServiceRegistryDao] - <[casSecuredApp.json] does not match the recommended pattern [\w+-\d+\.json]. While CAS tries to be forgiving as much as possible, it's recommended that you rename the file to match the request pattern to avoid issues with duplicate service loading. Future CAS versions may try to strictly force the naming syntax, refusing to load the file.>[m
[32m2018-04-28 19:30:00,627 INFO [org.apereo.cas.services.AbstractServicesManager] - <Loaded [1] service(s) from [JsonServiceRegistryDao].>[m
[32m2018-04-28 19:30:10,567 INFO [org.apereo.cas.ticket.registry.DefaultTicketRegistryCleaner] - <[0] expired tickets removed.>[m
[32m2018-04-28 19:30:42,823 INFO [org.apereo.inspektr.audit.support.Slf4jLoggingAuditTrailManager] - <Audit trail record BEGIN
=============================================================
WHO: audit:unknown
WHAT: [event=success,timestamp=Sat Apr 28 19:30:42 CEST 2018,source=InitialAuthenticationAttemptWebflowEventResolver]
ACTION: AUTHENTICATION_EVENT_TRIGGERED
APPLICATION: CAS
WHEN: Sat Apr 28 19:30:42 CEST 2018
CLIENT IP ADDRESS: 0:0:0:0:0:0:0:1
SERVER IP ADDRESS: 0:0:0:0:0:0:0:1
=============================================================

>[m
[32m2018-04-28 19:30:42,823 INFO [org.apereo.inspektr.audit.support.Slf4jLoggingAuditTrailManager] - <Audit trail record BEGIN
=============================================================
WHO: audit:unknown
WHAT: [event=success,timestamp=Sat Apr 28 19:30:42 CEST 2018,source=InitialAuthenticationAttemptWebflowEventResolver]
ACTION: AUTHENTICATION_EVENT_TRIGGERED
APPLICATION: CAS
WHEN: Sat Apr 28 19:30:42 CEST 2018
CLIENT IP ADDRESS: 0:0:0:0:0:0:0:1
SERVER IP ADDRESS: 0:0:0:0:0:0:0:1
=============================================================

>[m
[32m2018-04-28 19:30:42,841 INFO [org.apereo.cas.DefaultCentralAuthenticationService] - <Granted ticket [ST-2-2FQ8XtKtaia53514XGXuLHkwFTs-MacBook-Air-de-Rodrigo] for service [http://localhost:9000/login/cas] and principal [casuser]>[m
[32m2018-04-28 19:30:42,843 INFO [org.apereo.inspektr.audit.support.Slf4jLoggingAuditTrailManager] - <Audit trail record BEGIN
=============================================================
WHO: casuser
WHAT: ST-2-2FQ8XtKtaia53514XGXuLHkwFTs-MacBook-Air-de-Rodrigo for http://localhost:9000/login/cas
ACTION: SERVICE_TICKET_CREATED
APPLICATION: CAS
WHEN: Sat Apr 28 19:30:42 CEST 2018
CLIENT IP ADDRESS: 0:0:0:0:0:0:0:1
SERVER IP ADDRESS: 0:0:0:0:0:0:0:1
=============================================================

>[m
[32m2018-04-28 19:30:42,843 INFO [org.apereo.inspektr.audit.support.Slf4jLoggingAuditTrailManager] - <Audit trail record BEGIN
=============================================================
WHO: casuser
WHAT: ST-2-2FQ8XtKtaia53514XGXuLHkwFTs-MacBook-Air-de-Rodrigo for http://localhost:9000/login/cas
ACTION: SERVICE_TICKET_CREATED
APPLICATION: CAS
WHEN: Sat Apr 28 19:30:42 CEST 2018
CLIENT IP ADDRESS: 0:0:0:0:0:0:0:1
SERVER IP ADDRESS: 0:0:0:0:0:0:0:1
=============================================================

>[m
[32m2018-04-28 19:30:43,933 INFO [org.apereo.inspektr.audit.support.Slf4jLoggingAuditTrailManager] - <Audit trail record BEGIN
=============================================================
WHO: casuser
WHAT: ST-2-2FQ8XtKtaia53514XGXuLHkwFTs-MacBook-Air-de-Rodrigo
ACTION: SERVICE_TICKET_VALIDATED
APPLICATION: CAS
WHEN: Sat Apr 28 19:30:43 CEST 2018
CLIENT IP ADDRESS: 127.0.0.1
SERVER IP ADDRESS: 127.0.0.1
=============================================================

>[m
[32m2018-04-28 19:30:43,933 INFO [org.apereo.inspektr.audit.support.Slf4jLoggingAuditTrailManager] - <Audit trail record BEGIN
=============================================================
WHO: casuser
WHAT: ST-2-2FQ8XtKtaia53514XGXuLHkwFTs-MacBook-Air-de-Rodrigo
ACTION: SERVICE_TICKET_VALIDATED
APPLICATION: CAS
WHEN: Sat Apr 28 19:30:43 CEST 2018
CLIENT IP ADDRESS: 127.0.0.1
SERVER IP ADDRESS: 127.0.0.1
=============================================================

>[m
[32m2018-04-28 19:30:54,229 INFO [org.apereo.cas.logout.DefaultLogoutManager] - <Performing logout operations for [TGT-*********************************************15x1NR6KE3-06KwWH1gcW3Os4PjA-MacBook-Air-de-Rodrigo]>[m
[32m2018-04-28 19:30:54,243 INFO [org.apereo.cas.logout.DefaultLogoutManager] - <[0] logout requests were processed>[m
[32m2018-04-28 19:30:54,247 INFO [org.apereo.inspektr.audit.support.Slf4jLoggingAuditTrailManager] - <Audit trail record BEGIN
=============================================================
WHO: casuser
WHAT: TGT-*********************************************15x1NR6KE3-06KwWH1gcW3Os4PjA-MacBook-Air-de-Rodrigo
ACTION: TICKET_GRANTING_TICKET_DESTROYED
APPLICATION: CAS
WHEN: Sat Apr 28 19:30:54 CEST 2018
CLIENT IP ADDRESS: 0:0:0:0:0:0:0:1
SERVER IP ADDRESS: 0:0:0:0:0:0:0:1
=============================================================

>[m
[32m2018-04-28 19:30:54,247 INFO [org.apereo.inspektr.audit.support.Slf4jLoggingAuditTrailManager] - <Audit trail record BEGIN
=============================================================
WHO: casuser
WHAT: TGT-*********************************************15x1NR6KE3-06KwWH1gcW3Os4PjA-MacBook-Air-de-Rodrigo
ACTION: TICKET_GRANTING_TICKET_DESTROYED
APPLICATION: CAS
WHEN: Sat Apr 28 19:30:54 CEST 2018
CLIENT IP ADDRESS: 0:0:0:0:0:0:0:1
SERVER IP ADDRESS: 0:0:0:0:0:0:0:1
=============================================================

>[m
[32m2018-04-28 19:30:59,123 INFO [org.apereo.inspektr.audit.support.Slf4jLoggingAuditTrailManager] - <Audit trail record BEGIN
=============================================================
WHO: audit:unknown
WHAT: [event=success,timestamp=Sat Apr 28 19:30:59 CEST 2018,source=RankedAuthenticationProviderWebflowEventResolver]
ACTION: AUTHENTICATION_EVENT_TRIGGERED
APPLICATION: CAS
WHEN: Sat Apr 28 19:30:59 CEST 2018
CLIENT IP ADDRESS: 0:0:0:0:0:0:0:1
SERVER IP ADDRESS: 0:0:0:0:0:0:0:1
=============================================================

>[m
[32m2018-04-28 19:30:59,123 INFO [org.apereo.inspektr.audit.support.Slf4jLoggingAuditTrailManager] - <Audit trail record BEGIN
=============================================================
WHO: audit:unknown
WHAT: [event=success,timestamp=Sat Apr 28 19:30:59 CEST 2018,source=RankedAuthenticationProviderWebflowEventResolver]
ACTION: AUTHENTICATION_EVENT_TRIGGERED
APPLICATION: CAS
WHEN: Sat Apr 28 19:30:59 CEST 2018
CLIENT IP ADDRESS: 0:0:0:0:0:0:0:1
SERVER IP ADDRESS: 0:0:0:0:0:0:0:1
=============================================================

>[m
[33m2018-04-28 19:31:00,632 WARN [org.apereo.cas.services.AbstractResourceBasedServiceRegistryDao] - <[casSecuredApp.json] does not match the recommended pattern [\w+-\d+\.json]. While CAS tries to be forgiving as much as possible, it's recommended that you rename the file to match the request pattern to avoid issues with duplicate service loading. Future CAS versions may try to strictly force the naming syntax, refusing to load the file.>[m
[32m2018-04-28 19:31:00,639 INFO [org.apereo.cas.services.AbstractServicesManager] - <Loaded [1] service(s) from [JsonServiceRegistryDao].>[m
[32m2018-04-28 19:31:03,349 INFO [org.apereo.cas.authentication.PolicyBasedAuthenticationManager] - <Authenticated principal [casuser] with attributes [{}] via credentials [[casuser]].>[m
[32m2018-04-28 19:31:03,350 INFO [org.apereo.inspektr.audit.support.Slf4jLoggingAuditTrailManager] - <Audit trail record BEGIN
=============================================================
WHO: casuser
WHAT: Supplied credentials: [casuser]
ACTION: AUTHENTICATION_SUCCESS
APPLICATION: CAS
WHEN: Sat Apr 28 19:31:03 CEST 2018
CLIENT IP ADDRESS: 0:0:0:0:0:0:0:1
SERVER IP ADDRESS: 0:0:0:0:0:0:0:1
=============================================================

>[m
[32m2018-04-28 19:31:03,350 INFO [org.apereo.inspektr.audit.support.Slf4jLoggingAuditTrailManager] - <Audit trail record BEGIN
=============================================================
WHO: casuser
WHAT: Supplied credentials: [casuser]
ACTION: AUTHENTICATION_SUCCESS
APPLICATION: CAS
WHEN: Sat Apr 28 19:31:03 CEST 2018
CLIENT IP ADDRESS: 0:0:0:0:0:0:0:1
SERVER IP ADDRESS: 0:0:0:0:0:0:0:1
=============================================================

>[m
[32m2018-04-28 19:31:03,359 INFO [org.apereo.inspektr.audit.support.Slf4jLoggingAuditTrailManager] - <Audit trail record BEGIN
=============================================================
WHO: casuser
WHAT: TGT-*********OiBR57G6Md-ZqZ-pyoD6vIYlSTv3t0g7sSgwziYFo2mWw-L7XhZC3JjXgz6KXwok-MacBook-Air-de-Rodrigo
ACTION: TICKET_GRANTING_TICKET_CREATED
APPLICATION: CAS
WHEN: Sat Apr 28 19:31:03 CEST 2018
CLIENT IP ADDRESS: 0:0:0:0:0:0:0:1
SERVER IP ADDRESS: 0:0:0:0:0:0:0:1
=============================================================

>[m
[32m2018-04-28 19:31:03,359 INFO [org.apereo.inspektr.audit.support.Slf4jLoggingAuditTrailManager] - <Audit trail record BEGIN
=============================================================
WHO: casuser
WHAT: TGT-*********OiBR57G6Md-ZqZ-pyoD6vIYlSTv3t0g7sSgwziYFo2mWw-L7XhZC3JjXgz6KXwok-MacBook-Air-de-Rodrigo
ACTION: TICKET_GRANTING_TICKET_CREATED
APPLICATION: CAS
WHEN: Sat Apr 28 19:31:03 CEST 2018
CLIENT IP ADDRESS: 0:0:0:0:0:0:0:1
SERVER IP ADDRESS: 0:0:0:0:0:0:0:1
=============================================================

>[m
[32m2018-04-28 19:31:07,425 INFO [org.apereo.inspektr.audit.support.Slf4jLoggingAuditTrailManager] - <Audit trail record BEGIN
=============================================================
WHO: audit:unknown
WHAT: [event=success,timestamp=Sat Apr 28 19:31:07 CEST 2018,source=RankedAuthenticationProviderWebflowEventResolver]
ACTION: AUTHENTICATION_EVENT_TRIGGERED
APPLICATION: CAS
WHEN: Sat Apr 28 19:31:07 CEST 2018
CLIENT IP ADDRESS: 0:0:0:0:0:0:0:1
SERVER IP ADDRESS: 0:0:0:0:0:0:0:1
=============================================================

>[m
[32m2018-04-28 19:31:07,425 INFO [org.apereo.inspektr.audit.support.Slf4jLoggingAuditTrailManager] - <Audit trail record BEGIN
=============================================================
WHO: audit:unknown
WHAT: [event=success,timestamp=Sat Apr 28 19:31:07 CEST 2018,source=RankedAuthenticationProviderWebflowEventResolver]
ACTION: AUTHENTICATION_EVENT_TRIGGERED
APPLICATION: CAS
WHEN: Sat Apr 28 19:31:07 CEST 2018
CLIENT IP ADDRESS: 0:0:0:0:0:0:0:1
SERVER IP ADDRESS: 0:0:0:0:0:0:0:1
=============================================================

>[m
[32m2018-04-28 19:31:09,130 INFO [org.apereo.cas.logout.DefaultLogoutManager] - <Performing logout operations for [TGT-*********OiBR57G6Md-ZqZ-pyoD6vIYlSTv3t0g7sSgwziYFo2mWw-L7XhZC3JjXgz6KXwok-MacBook-Air-de-Rodrigo]>[m
[32m2018-04-28 19:31:09,130 INFO [org.apereo.cas.logout.DefaultLogoutManager] - <[0] logout requests were processed>[m
[32m2018-04-28 19:31:09,131 INFO [org.apereo.inspektr.audit.support.Slf4jLoggingAuditTrailManager] - <Audit trail record BEGIN
=============================================================
WHO: casuser
WHAT: TGT-*********OiBR57G6Md-ZqZ-pyoD6vIYlSTv3t0g7sSgwziYFo2mWw-L7XhZC3JjXgz6KXwok-MacBook-Air-de-Rodrigo
ACTION: TICKET_GRANTING_TICKET_DESTROYED
APPLICATION: CAS
WHEN: Sat Apr 28 19:31:09 CEST 2018
CLIENT IP ADDRESS: 0:0:0:0:0:0:0:1
SERVER IP ADDRESS: 0:0:0:0:0:0:0:1
=============================================================

>[m
[32m2018-04-28 19:31:09,131 INFO [org.apereo.inspektr.audit.support.Slf4jLoggingAuditTrailManager] - <Audit trail record BEGIN
=============================================================
WHO: casuser
WHAT: TGT-*********OiBR57G6Md-ZqZ-pyoD6vIYlSTv3t0g7sSgwziYFo2mWw-L7XhZC3JjXgz6KXwok-MacBook-Air-de-Rodrigo
ACTION: TICKET_GRANTING_TICKET_DESTROYED
APPLICATION: CAS
WHEN: Sat Apr 28 19:31:09 CEST 2018
CLIENT IP ADDRESS: 0:0:0:0:0:0:0:1
SERVER IP ADDRESS: 0:0:0:0:0:0:0:1
=============================================================

>[m
[32m2018-04-28 19:31:21,258 INFO [org.apereo.inspektr.audit.support.Slf4jLoggingAuditTrailManager] - <Audit trail record BEGIN
=============================================================
WHO: audit:unknown
WHAT: [event=success,timestamp=Sat Apr 28 19:31:21 CEST 2018,source=RankedAuthenticationProviderWebflowEventResolver]
ACTION: AUTHENTICATION_EVENT_TRIGGERED
APPLICATION: CAS
WHEN: Sat Apr 28 19:31:21 CEST 2018
CLIENT IP ADDRESS: 0:0:0:0:0:0:0:1
SERVER IP ADDRESS: 0:0:0:0:0:0:0:1
=============================================================

>[m
[32m2018-04-28 19:31:21,258 INFO [org.apereo.inspektr.audit.support.Slf4jLoggingAuditTrailManager] - <Audit trail record BEGIN
=============================================================
WHO: audit:unknown
WHAT: [event=success,timestamp=Sat Apr 28 19:31:21 CEST 2018,source=RankedAuthenticationProviderWebflowEventResolver]
ACTION: AUTHENTICATION_EVENT_TRIGGERED
APPLICATION: CAS
WHEN: Sat Apr 28 19:31:21 CEST 2018
CLIENT IP ADDRESS: 0:0:0:0:0:0:0:1
SERVER IP ADDRESS: 0:0:0:0:0:0:0:1
=============================================================

>[m
[33m2018-04-28 19:32:00,645 WARN [org.apereo.cas.services.AbstractResourceBasedServiceRegistryDao] - <[casSecuredApp.json] does not match the recommended pattern [\w+-\d+\.json]. While CAS tries to be forgiving as much as possible, it's recommended that you rename the file to match the request pattern to avoid issues with duplicate service loading. Future CAS versions may try to strictly force the naming syntax, refusing to load the file.>[m
[32m2018-04-28 19:32:00,650 INFO [org.apereo.cas.services.AbstractServicesManager] - <Loaded [1] service(s) from [JsonServiceRegistryDao].>[m
[32m2018-04-28 19:32:10,568 INFO [org.apereo.cas.ticket.registry.DefaultTicketRegistryCleaner] - <[0] expired tickets removed.>[m
[33m2018-04-28 19:33:00,652 WARN [org.apereo.cas.services.AbstractResourceBasedServiceRegistryDao] - <[casSecuredApp.json] does not match the recommended pattern [\w+-\d+\.json]. While CAS tries to be forgiving as much as possible, it's recommended that you rename the file to match the request pattern to avoid issues with duplicate service loading. Future CAS versions may try to strictly force the naming syntax, refusing to load the file.>[m
[32m2018-04-28 19:33:00,664 INFO [org.apereo.cas.services.AbstractServicesManager] - <Loaded [1] service(s) from [JsonServiceRegistryDao].>[m
[33m2018-04-28 19:34:00,665 WARN [org.apereo.cas.services.AbstractResourceBasedServiceRegistryDao] - <[casSecuredApp.json] does not match the recommended pattern [\w+-\d+\.json]. While CAS tries to be forgiving as much as possible, it's recommended that you rename the file to match the request pattern to avoid issues with duplicate service loading. Future CAS versions may try to strictly force the naming syntax, refusing to load the file.>[m
[32m2018-04-28 19:34:00,671 INFO [org.apereo.cas.services.AbstractServicesManager] - <Loaded [1] service(s) from [JsonServiceRegistryDao].>[m
[32m2018-04-28 19:34:10,570 INFO [org.apereo.cas.ticket.registry.DefaultTicketRegistryCleaner] - <[0] expired tickets removed.>[m
[33m2018-04-28 19:35:00,673 WARN [org.apereo.cas.services.AbstractResourceBasedServiceRegistryDao] - <[casSecuredApp.json] does not match the recommended pattern [\w+-\d+\.json]. While CAS tries to be forgiving as much as possible, it's recommended that you rename the file to match the request pattern to avoid issues with duplicate service loading. Future CAS versions may try to strictly force the naming syntax, refusing to load the file.>[m
[32m2018-04-28 19:35:00,678 INFO [org.apereo.cas.services.AbstractServicesManager] - <Loaded [1] service(s) from [JsonServiceRegistryDao].>[m
[33m2018-04-28 19:36:00,681 WARN [org.apereo.cas.services.AbstractResourceBasedServiceRegistryDao] - <[casSecuredApp.json] does not match the recommended pattern [\w+-\d+\.json]. While CAS tries to be forgiving as much as possible, it's recommended that you rename the file to match the request pattern to avoid issues with duplicate service loading. Future CAS versions may try to strictly force the naming syntax, refusing to load the file.>[m
[32m2018-04-28 19:36:00,692 INFO [org.apereo.cas.services.AbstractServicesManager] - <Loaded [1] service(s) from [JsonServiceRegistryDao].>[m
[32m2018-04-28 19:36:10,571 INFO [org.apereo.cas.ticket.registry.DefaultTicketRegistryCleaner] - <[0] expired tickets removed.>[m
[33m2018-04-28 19:37:00,694 WARN [org.apereo.cas.services.AbstractResourceBasedServiceRegistryDao] - <[casSecuredApp.json] does not match the recommended pattern [\w+-\d+\.json]. While CAS tries to be forgiving as much as possible, it's recommended that you rename the file to match the request pattern to avoid issues with duplicate service loading. Future CAS versions may try to strictly force the naming syntax, refusing to load the file.>[m
[32m2018-04-28 19:37:00,702 INFO [org.apereo.cas.services.AbstractServicesManager] - <Loaded [1] service(s) from [JsonServiceRegistryDao].>[m
[32m2018-04-28 19:37:43,764 INFO [org.apereo.cas.support.events.listener.CasConfigurationEventListener] - <Received event [org.apereo.cas.support.events.config.CasConfigurationModifiedEvent@23590bfe[],/etc/cas/config/cas.properties,false]. Refreshing CAS configuration...>[m
[32m2018-04-28 19:37:45,513 INFO [org.apereo.cas.configuration.config.CasCoreBootstrapStandaloneConfiguration] - <Configuration files found at [/etc/cas/config] are [[/etc/cas/config/application.yml, /etc/cas/config/cas.properties]]>[m
[32m2018-04-28 19:37:45,522 INFO [org.apereo.cas.configuration.config.CasCoreBootstrapStandaloneConfiguration] - <Found and loaded [2] setting(s) from [/etc/cas/config]>[m
[32m2018-04-28 19:37:45,522 INFO [org.springframework.cloud.bootstrap.config.PropertySourceBootstrapConfiguration] - <Located property source: PropertiesPropertySource {name='standaloneCasConfigService'}>[m
[32m2018-04-28 19:37:45,672 INFO [org.apereo.cas.support.events.listener.CasConfigurationEventListener] - <Refreshing CAS configuration. Stand by...>[m
[32m2018-04-28 19:37:46,334 INFO [org.apereo.cas.support.events.listener.CasConfigurationEventListener] - <Refreshing CAS configuration. Stand by...>[m
[32m2018-04-28 19:37:46,351 INFO [org.apereo.cas.support.events.listener.CasConfigurationEventListener] - <CAS finished rebinding configuration with new settings [[]]>[m
[32m2018-04-28 19:37:53,750 INFO [org.apereo.cas.support.events.listener.CasConfigurationEventListener] - <Received event [org.apereo.cas.support.events.config.CasConfigurationModifiedEvent@164ac586[],/etc/cas/config/cas.properties,false]. Refreshing CAS configuration...>[m
[32m2018-04-28 19:37:54,660 INFO [org.apereo.cas.configuration.config.CasCoreBootstrapStandaloneConfiguration] - <Configuration files found at [/etc/cas/config] are [[/etc/cas/config/application.yml, /etc/cas/config/cas.properties]]>[m
[32m2018-04-28 19:37:54,663 INFO [org.apereo.cas.configuration.config.CasCoreBootstrapStandaloneConfiguration] - <Found and loaded [2] setting(s) from [/etc/cas/config]>[m
[32m2018-04-28 19:37:54,663 INFO [org.springframework.cloud.bootstrap.config.PropertySourceBootstrapConfiguration] - <Located property source: PropertiesPropertySource {name='standaloneCasConfigService'}>[m
[32m2018-04-28 19:37:54,771 INFO [org.apereo.cas.support.events.listener.CasConfigurationEventListener] - <Refreshing CAS configuration. Stand by...>[m
[32m2018-04-28 19:37:55,486 INFO [org.apereo.cas.support.events.listener.CasConfigurationEventListener] - <Refreshing CAS configuration. Stand by...>[m
[32m2018-04-28 19:37:55,501 INFO [org.apereo.cas.support.events.listener.CasConfigurationEventListener] - <CAS finished rebinding configuration with new settings [[]]>[m
[33m2018-04-28 19:38:00,707 WARN [org.apereo.cas.services.AbstractResourceBasedServiceRegistryDao] - <[casSecuredApp.json] does not match the recommended pattern [\w+-\d+\.json]. While CAS tries to be forgiving as much as possible, it's recommended that you rename the file to match the request pattern to avoid issues with duplicate service loading. Future CAS versions may try to strictly force the naming syntax, refusing to load the file.>[m
[32m2018-04-28 19:38:00,716 INFO [org.apereo.cas.services.AbstractServicesManager] - <Loaded [1] service(s) from [JsonServiceRegistryDao].>[m
[32m2018-04-28 19:38:05,767 INFO [org.apereo.cas.web.CasWebApplicationContext] - <Closing CasWebApplicationContext>[m
[33m2018-04-28 19:38:05,805 WARN [org.apereo.cas.util.io.PathWatcherService] - <Directory key is no longer valid. Quitting watcher service>[m
[33m2018-04-28 19:38:05,808 WARN [com.ryantenney.metrics.spring.config.annotation.MetricsConfigurerAdapter] - <Problem stopping reporter>[m
org.springframework.beans.factory.BeanCreationNotAllowedException: Error creating bean with name 'casMetricsConfiguration': Singleton bean creation not allowed while singletons of this factory are in destruction (Do not request a bean from a BeanFactory in a destroy method implementation!)
	at org.springframework.beans.factory.support.DefaultSingletonBeanRegistry.getSingleton(DefaultSingletonBeanRegistry.java:216) ~[spring-beans-4.3.14.RELEASE.jar!/:4.3.14.RELEASE]
	at org.springframework.beans.factory.support.AbstractBeanFactory.doGetBean(AbstractBeanFactory.java:302) ~[spring-beans-4.3.14.RELEASE.jar!/:4.3.14.RELEASE]
	at org.springframework.beans.factory.support.AbstractBeanFactory.getBean(AbstractBeanFactory.java:197) ~[spring-beans-4.3.14.RELEASE.jar!/:4.3.14.RELEASE]
	at org.springframework.beans.factory.support.ConstructorResolver.instantiateUsingFactoryMethod(ConstructorResolver.java:372) ~[spring-beans-4.3.14.RELEASE.jar!/:4.3.14.RELEASE]
	at org.springframework.beans.factory.support.AbstractAutowireCapableBeanFactory.instantiateUsingFactoryMethod(AbstractAutowireCapableBeanFactory.java:1173) ~[spring-beans-4.3.14.RELEASE.jar!/:4.3.14.RELEASE]
	at org.springframework.beans.factory.support.AbstractAutowireCapableBeanFactory.createBeanInstance(AbstractAutowireCapableBeanFactory.java:1067) ~[spring-beans-4.3.14.RELEASE.jar!/:4.3.14.RELEASE]
	at org.springframework.beans.factory.support.AbstractAutowireCapableBeanFactory.doCreateBean(AbstractAutowireCapableBeanFactory.java:513) ~[spring-beans-4.3.14.RELEASE.jar!/:4.3.14.RELEASE]
	at org.springframework.beans.factory.support.AbstractAutowireCapableBeanFactory.createBean(AbstractAutowireCapableBeanFactory.java:483) ~[spring-beans-4.3.14.RELEASE.jar!/:4.3.14.RELEASE]
	at org.springframework.beans.factory.support.AbstractBeanFactory$2.getObject(AbstractBeanFactory.java:345) ~[spring-beans-4.3.14.RELEASE.jar!/:4.3.14.RELEASE]
	at org.springframework.cloud.context.scope.GenericScope$BeanLifecycleWrapper.getBean(GenericScope.java:359) ~[spring-cloud-context-1.2.4.RELEASE.jar!/:1.2.4.RELEASE]
	at org.springframework.cloud.context.scope.GenericScope.get(GenericScope.java:176) ~[spring-cloud-context-1.2.4.RELEASE.jar!/:1.2.4.RELEASE]
	at org.springframework.beans.factory.support.AbstractBeanFactory.doGetBean(AbstractBeanFactory.java:340) ~[spring-beans-4.3.14.RELEASE.jar!/:4.3.14.RELEASE]
	at org.springframework.beans.factory.support.AbstractBeanFactory.getBean(AbstractBeanFactory.java:197) ~[spring-beans-4.3.14.RELEASE.jar!/:4.3.14.RELEASE]
	at org.springframework.aop.target.SimpleBeanTargetSource.getTarget(SimpleBeanTargetSource.java:35) ~[spring-aop-4.3.14.RELEASE.jar!/:4.3.14.RELEASE]
	at org.springframework.aop.framework.CglibAopProxy$DynamicAdvisedInterceptor.getTarget(CglibAopProxy.java:705) ~[spring-aop-4.3.14.RELEASE.jar!/:4.3.14.RELEASE]
	at org.springframework.aop.framework.CglibAopProxy$DynamicAdvisedInterceptor.intercept(CglibAopProxy.java:655) ~[spring-aop-4.3.14.RELEASE.jar!/:4.3.14.RELEASE]
	at com.codahale.metrics.MetricRegistry$$EnhancerBySpringCGLIB$$1fd978dc.removeListener(<generated>) ~[metrics-core-3.2.5.jar!/:3.2.5]
	at com.codahale.metrics.JmxReporter.stop(JmxReporter.java:727) ~[metrics-core-3.2.5.jar!/:3.2.5]
	at com.codahale.metrics.JmxReporter.close(JmxReporter.java:736) ~[metrics-core-3.2.5.jar!/:3.2.5]
	at com.ryantenney.metrics.spring.config.annotation.MetricsConfigurerAdapter.destroy(MetricsConfigurerAdapter.java:77) ~[metrics-spring-3.1.3.jar!/:?]
	at org.springframework.beans.factory.support.DisposableBeanAdapter.destroy(DisposableBeanAdapter.java:272) ~[spring-beans-4.3.14.RELEASE.jar!/:4.3.14.RELEASE]
	at org.springframework.beans.factory.support.DefaultSingletonBeanRegistry.destroyBean(DefaultSingletonBeanRegistry.java:578) ~[spring-beans-4.3.14.RELEASE.jar!/:4.3.14.RELEASE]
	at org.springframework.beans.factory.support.DefaultSingletonBeanRegistry.destroySingleton(DefaultSingletonBeanRegistry.java:554) ~[spring-beans-4.3.14.RELEASE.jar!/:4.3.14.RELEASE]
	at org.springframework.beans.factory.support.DefaultListableBeanFactory.destroySingleton(DefaultListableBeanFactory.java:961) ~[spring-beans-4.3.14.RELEASE.jar!/:4.3.14.RELEASE]
	at org.springframework.beans.factory.support.DefaultSingletonBeanRegistry.destroySingletons(DefaultSingletonBeanRegistry.java:523) ~[spring-beans-4.3.14.RELEASE.jar!/:4.3.14.RELEASE]
	at org.springframework.beans.factory.support.FactoryBeanRegistrySupport.destroySingletons(FactoryBeanRegistrySupport.java:230) ~[spring-beans-4.3.14.RELEASE.jar!/:4.3.14.RELEASE]
	at org.springframework.beans.factory.support.DefaultListableBeanFactory.destroySingletons(DefaultListableBeanFactory.java:968) ~[spring-beans-4.3.14.RELEASE.jar!/:4.3.14.RELEASE]
	at org.springframework.context.support.AbstractApplicationContext.destroyBeans(AbstractApplicationContext.java:1032) ~[spring-context-4.3.14.RELEASE.jar!/:4.3.14.RELEASE]
	at org.springframework.context.support.AbstractApplicationContext.doClose(AbstractApplicationContext.java:1008) ~[spring-context-4.3.14.RELEASE.jar!/:4.3.14.RELEASE]
	at org.springframework.context.support.AbstractApplicationContext$2.run(AbstractApplicationContext.java:929) ~[spring-context-4.3.14.RELEASE.jar!/:4.3.14.RELEASE]
