[32m2018-04-28 19:00:49,113 INFO [org.apereo.cas.configuration.config.CasCoreBootstrapStandaloneConfiguration] - <Configuration files found at [/etc/cas/config] are [[/etc/cas/config/application.yml, /etc/cas/config/cas.properties]]>[m
[32m2018-04-28 19:00:49,151 INFO [org.apereo.cas.configuration.config.CasCoreBootstrapStandaloneConfiguration] - <Found and loaded [5] setting(s) from [/etc/cas/config]>[m
[32m2018-04-28 19:00:49,154 INFO [org.springframework.cloud.bootstrap.config.PropertySourceBootstrapConfiguration] - <Located property source: PropertiesPropertySource {name='standaloneCasConfigService'}>[m
[32m2018-04-28 19:00:49,175 INFO [org.apereo.cas.web.CasWebApplication] - <The following profiles are active: standalone>[m
[32m2018-04-28 19:00:49,251 INFO [org.apereo.cas.web.CasWebApplicationContext] - <Refreshing CasWebApplicationContext>[m
[33m2018-04-28 19:00:55,998 WARN [org.apereo.cas.config.CasCoreTicketsConfiguration] - <Runtime memory is used as the persistence storage for retrieving and managing tickets. Tickets that are issued during runtime will be LOST upon container restarts. This MAY impact SSO functionality.>[m
[32m2018-04-28 19:00:56,004 INFO [org.apereo.cas.configuration.support.Beans] - <Ticket registry encryption/signing is turned off. This MAY NOT be safe in a clustered production environment. Consider using other choices to handle encryption, signing and verification of ticket registry tickets, and verify the chosen ticket registry does support this behavior.>[m
[33m2018-04-28 19:01:19,520 WARN [org.apereo.cas.config.support.authentication.AcceptUsersAuthenticationEventExecutionPlanConfiguration] - <[36m>[m
[33m2018-04-28 19:01:19,529 WARN [org.apereo.cas.config.support.authentication.AcceptUsersAuthenticationEventExecutionPlanConfiguration] - <

  ____    _____    ___    ____    _ 
 / ___|  |_   _|  / _ \  |  _ \  | |
 \___ \    | |   | | | | | |_) | | |
  ___) |   | |   | |_| | |  __/  |_|
 |____/    |_|    \___/  |_|     (_)
                                    

CAS is configured to accept a static list of credentials for authentication. While this is generally useful for demo purposes, it is STRONGLY recommended that you DISABLE this authentication method (by setting 'cas.authn.accept.users' to a blank value) and switch to a mode that is more suitable for production.>[m
[33m2018-04-28 19:01:19,529 WARN [org.apereo.cas.config.support.authentication.AcceptUsersAuthenticationEventExecutionPlanConfiguration] - <[0m>[m
[32m2018-04-28 19:01:30,511 INFO [org.apereo.cas.services.AbstractResourceBasedServiceRegistryDao] - <Setting up a watch for service registry directory at [/private/var/folders/1k/mqksf9kd6qq5bm8_714fr6c80000gn/T/cas/services]>[m
[32m2018-04-28 19:01:49,231 INFO [org.apereo.cas.support.events.listener.CasConfigurationEventListener] - <Refreshing CAS configuration. Stand by...>[m
[32m2018-04-28 19:01:52,755 INFO [org.apereo.cas.services.AbstractServicesManager] - <Loaded [2] service(s) from [JsonServiceRegistryDao].>[m
[33m2018-04-28 19:01:54,217 WARN [org.apereo.cas.util.cipher.BaseStringCipherExecutor] - <Secret key for encryption is not defined for [Ticket-granting Cookie]; CAS will attempt to auto-generate the encryption key>[m
[33m2018-04-28 19:01:54,282 WARN [org.apereo.cas.util.cipher.BaseStringCipherExecutor] - <Generated encryption key [sL_8LDjJYFPTNXPlMJ6NNJWwT0Io4o2W6DUulXvDrJw] of size [256] for [Ticket-granting Cookie]. The generated key MUST be added to CAS settings under setting [cas.tgc.crypto.encryption.key].>[m
[33m2018-04-28 19:01:54,292 WARN [org.apereo.cas.util.cipher.BaseStringCipherExecutor] - <Secret key for signing is not defined for [Ticket-granting Cookie]. CAS will attempt to auto-generate the signing key>[m
[33m2018-04-28 19:01:54,292 WARN [org.apereo.cas.util.cipher.BaseStringCipherExecutor] - <Generated signing key [4ugz3qTPRWXu8vlv3661y0IZt9FkFj2nYC5fqQNQXDtSRa76riNkpPOYVD1Tb8e90N4tLYeIw-a3c6btCVcfdg] of size [512] for [Ticket-granting Cookie]. The generated key MUST be added to CAS settings under setting [cas.tgc.crypto.signing.key].>[m
[33m2018-04-28 19:01:56,663 WARN [org.apereo.cas.util.cipher.BaseBinaryCipherExecutor] - <Secret key for signing is not defined under [cas.webflow.crypto.signing.key]. CAS will attempt to auto-generate the signing key>[m
[33m2018-04-28 19:01:56,667 WARN [org.apereo.cas.util.cipher.BaseBinaryCipherExecutor] - <Generated signing key [ipQwXq7uuXYeGJMZef92X7TGWV302VZGET5-iQBC74EuhnyDjYL63kPRlAlnMNkwevTKwi6mhfG_rATCT0C0Fg] of size [512]. The generated key MUST be added to CAS settings under setting [cas.webflow.crypto.signing.key].>[m
[33m2018-04-28 19:01:56,668 WARN [org.apereo.cas.util.cipher.BaseBinaryCipherExecutor] - <Secret key for encryption is not defined under [cas.webflow.crypto.encryption.key]. CAS will attempt to auto-generate the encryption key>[m
[33m2018-04-28 19:01:56,705 WARN [org.apereo.cas.util.cipher.BaseBinaryCipherExecutor] - <Generated encryption key [2o4nqmlOq6nM-2hpoNnzWw] of size [16]. The generated key MUST be added to CAS settings under setting [cas.webflow.crypto.encryption.key].>[m
[32m2018-04-28 19:01:58,110 INFO [org.apereo.cas.support.events.listener.DefaultCasEventListener] - <[36m>[m
[32m2018-04-28 19:01:58,117 INFO [org.apereo.cas.support.events.listener.DefaultCasEventListener] - <

  ____    _____      _      ____   __   __
 |  _ \  | ____|    / \    |  _ \  \ \ / /
 | |_) | |  _|     / _ \   | | | |  \ V / 
 |  _ <  | |___   / ___ \  | |_| |   | |  
 |_| \_\ |_____| /_/   \_\ |____/    |_|  
                                          
>[m
[32m2018-04-28 19:01:58,118 INFO [org.apereo.cas.support.events.listener.DefaultCasEventListener] - <[0m>[m
[32m2018-04-28 19:01:58,119 INFO [org.apereo.cas.support.events.listener.DefaultCasEventListener] - <Ready to process requests @ [2018-04-28T17:01:58.109Z]>[m
[32m2018-04-28 19:01:58,124 INFO [org.apereo.cas.web.CasWebApplication] - <Started CasWebApplication in 73.848 seconds (JVM running for 80.841)>[m
[32m2018-04-28 19:02:17,162 INFO [org.apereo.cas.services.AbstractServicesManager] - <Loaded [2] service(s) from [JsonServiceRegistryDao].>[m
[32m2018-04-28 19:02:27,220 INFO [org.apereo.cas.ticket.registry.DefaultTicketRegistryCleaner] - <[0] expired tickets removed.>[m
[32m2018-04-28 19:02:56,749 INFO [org.apereo.cas.web.flow.InitialFlowSetupAction] - <Setting path for cookies for warn cookie generator to: [/cas/] >[m
[32m2018-04-28 19:02:56,749 INFO [org.apereo.cas.web.flow.InitialFlowSetupAction] - <Setting path for cookies for warn cookie generator to: [/cas/] >[m
[32m2018-04-28 19:02:56,850 INFO [org.apereo.inspektr.audit.support.Slf4jLoggingAuditTrailManager] - <Audit trail record BEGIN
=============================================================
WHO: audit:unknown
WHAT: [event=success,timestamp=Sat Apr 28 19:02:56 CEST 2018,source=RankedAuthenticationProviderWebflowEventResolver]
ACTION: AUTHENTICATION_EVENT_TRIGGERED
APPLICATION: CAS
WHEN: Sat Apr 28 19:02:56 CEST 2018
CLIENT IP ADDRESS: 0:0:0:0:0:0:0:1
SERVER IP ADDRESS: 0:0:0:0:0:0:0:1
=============================================================

>[m
[32m2018-04-28 19:02:56,850 INFO [org.apereo.inspektr.audit.support.Slf4jLoggingAuditTrailManager] - <Audit trail record BEGIN
=============================================================
WHO: audit:unknown
WHAT: [event=success,timestamp=Sat Apr 28 19:02:56 CEST 2018,source=RankedAuthenticationProviderWebflowEventResolver]
ACTION: AUTHENTICATION_EVENT_TRIGGERED
APPLICATION: CAS
WHEN: Sat Apr 28 19:02:56 CEST 2018
CLIENT IP ADDRESS: 0:0:0:0:0:0:0:1
SERVER IP ADDRESS: 0:0:0:0:0:0:0:1
=============================================================

>[m
[33m2018-04-28 19:02:56,913 WARN [org.apereo.cas.web.flow.ServiceAuthorizationCheck] - <Service Management: missing service. Service [http://localhost:9000/login/cas] is not found in service registry.>[m
[33m2018-04-28 19:02:56,913 WARN [org.apereo.cas.web.flow.ServiceAuthorizationCheck] - <Service Management: missing service. Service [http://localhost:9000/login/cas] is not found in service registry.>[m
[33m2018-04-28 19:02:56,932 WARN [org.apereo.cas.services.web.ServiceThemeResolver] - <No registered service is found to match [org.apereo.cas.authentication.principal.SimpleWebApplicationServiceImpl@1c6dd7c6[id=http://localhost:9000/login/cas,originalUrl=http://localhost:9000/login/cas,artifactId=<null>,principal=<null>,loggedOutAlready=false,format=XML]] or service access is disallowed. Using default theme [cas-theme-default]>[m
[33m2018-04-28 19:02:59,178 WARN [org.apereo.cas.services.web.ServiceThemeResolver] - <No registered service is found to match [org.apereo.cas.authentication.principal.SimpleWebApplicationServiceImpl@1c6dd7c6[id=http://localhost:9000/login/cas,originalUrl=http://localhost:9000/login/cas,artifactId=<null>,principal=<null>,loggedOutAlready=false,format=XML]] or service access is disallowed. Using default theme [cas-theme-default]>[m
[32m2018-04-28 19:03:17,170 INFO [org.apereo.cas.services.AbstractServicesManager] - <Loaded [2] service(s) from [JsonServiceRegistryDao].>[m
[32m2018-04-28 19:04:17,216 INFO [org.apereo.cas.services.AbstractServicesManager] - <Loaded [2] service(s) from [JsonServiceRegistryDao].>[m
[32m2018-04-28 19:04:27,230 INFO [org.apereo.cas.ticket.registry.DefaultTicketRegistryCleaner] - <[0] expired tickets removed.>[m
[32m2018-04-28 19:05:17,235 INFO [org.apereo.cas.services.AbstractServicesManager] - <Loaded [2] service(s) from [JsonServiceRegistryDao].>[m
[32m2018-04-28 19:06:17,245 INFO [org.apereo.cas.services.AbstractServicesManager] - <Loaded [2] service(s) from [JsonServiceRegistryDao].>[m
[32m2018-04-28 19:06:27,232 INFO [org.apereo.cas.ticket.registry.DefaultTicketRegistryCleaner] - <[0] expired tickets removed.>[m
[32m2018-04-28 19:06:44,760 INFO [org.apereo.cas.support.events.listener.CasConfigurationEventListener] - <Received event [org.apereo.cas.support.events.config.CasConfigurationModifiedEvent@76851d9e[],/etc/cas/config/cas.properties,false]. Refreshing CAS configuration...>[m
[32m2018-04-28 19:06:48,064 INFO [org.apereo.cas.configuration.config.CasCoreBootstrapStandaloneConfiguration] - <Configuration files found at [/etc/cas/config] are [[/etc/cas/config/application.yml, /etc/cas/config/cas.properties]]>[m
[32m2018-04-28 19:06:48,067 INFO [org.apereo.cas.configuration.config.CasCoreBootstrapStandaloneConfiguration] - <Found and loaded [5] setting(s) from [/etc/cas/config]>[m
[32m2018-04-28 19:06:48,068 INFO [org.springframework.cloud.bootstrap.config.PropertySourceBootstrapConfiguration] - <Located property source: PropertiesPropertySource {name='standaloneCasConfigService'}>[m
[32m2018-04-28 19:06:48,220 INFO [org.apereo.cas.support.events.listener.CasConfigurationEventListener] - <Refreshing CAS configuration. Stand by...>[m
[32m2018-04-28 19:06:49,003 INFO [org.apereo.cas.support.events.listener.CasConfigurationEventListener] - <Refreshing CAS configuration. Stand by...>[m
[32m2018-04-28 19:06:49,033 INFO [org.apereo.cas.support.events.listener.CasConfigurationEventListener] - <CAS finished rebinding configuration with new settings [[cas.serviceRegistry.config.location]]>[m
[32m2018-04-28 19:06:54,727 INFO [org.apereo.cas.support.events.listener.CasConfigurationEventListener] - <Received event [org.apereo.cas.support.events.config.CasConfigurationModifiedEvent@4c0d5deb[],/etc/cas/config/application.yml,false]. Refreshing CAS configuration...>[m
[32m2018-04-28 19:06:56,433 INFO [org.apereo.cas.configuration.config.CasCoreBootstrapStandaloneConfiguration] - <Configuration files found at [/etc/cas/config] are [[/etc/cas/config/application.yml, /etc/cas/config/cas.properties]]>[m
[32m2018-04-28 19:06:56,478 INFO [org.apereo.cas.configuration.config.CasCoreBootstrapStandaloneConfiguration] - <Found and loaded [6] setting(s) from [/etc/cas/config]>[m
[32m2018-04-28 19:06:56,479 INFO [org.springframework.cloud.bootstrap.config.PropertySourceBootstrapConfiguration] - <Located property source: PropertiesPropertySource {name='standaloneCasConfigService'}>[m
[32m2018-04-28 19:06:56,657 INFO [org.apereo.cas.support.events.listener.CasConfigurationEventListener] - <Refreshing CAS configuration. Stand by...>[m
[32m2018-04-28 19:06:57,298 INFO [org.apereo.cas.support.events.listener.CasConfigurationEventListener] - <Refreshing CAS configuration. Stand by...>[m
[32m2018-04-28 19:06:57,381 INFO [org.apereo.cas.support.events.listener.CasConfigurationEventListener] - <CAS finished rebinding configuration with new settings [[info.description]]>[m
[32m2018-04-28 19:07:17,278 INFO [org.apereo.cas.services.AbstractServicesManager] - <Loaded [2] service(s) from [JsonServiceRegistryDao].>[m
[32m2018-04-28 19:07:54,731 INFO [org.apereo.cas.support.events.listener.CasConfigurationEventListener] - <Received event [org.apereo.cas.support.events.config.CasConfigurationModifiedEvent@1612834[],/etc/cas/config/cas.properties,false]. Refreshing CAS configuration...>[m
[32m2018-04-28 19:07:56,141 INFO [org.apereo.cas.configuration.config.CasCoreBootstrapStandaloneConfiguration] - <Configuration files found at [/etc/cas/config] are [[/etc/cas/config/application.yml, /etc/cas/config/cas.properties]]>[m
[32m2018-04-28 19:07:56,144 INFO [org.apereo.cas.configuration.config.CasCoreBootstrapStandaloneConfiguration] - <Found and loaded [6] setting(s) from [/etc/cas/config]>[m
[32m2018-04-28 19:07:56,145 INFO [org.springframework.cloud.bootstrap.config.PropertySourceBootstrapConfiguration] - <Located property source: PropertiesPropertySource {name='standaloneCasConfigService'}>[m
[32m2018-04-28 19:07:56,317 INFO [org.apereo.cas.support.events.listener.CasConfigurationEventListener] - <Refreshing CAS configuration. Stand by...>[m
[32m2018-04-28 19:07:56,736 INFO [org.apereo.cas.support.events.listener.CasConfigurationEventListener] - <Refreshing CAS configuration. Stand by...>[m
[32m2018-04-28 19:07:56,752 INFO [org.apereo.cas.support.events.listener.CasConfigurationEventListener] - <CAS finished rebinding configuration with new settings [[cas.serviceRegistry.config.location]]>[m
[32m2018-04-28 19:08:17,286 INFO [org.apereo.cas.services.AbstractServicesManager] - <Loaded [2] service(s) from [JsonServiceRegistryDao].>[m
[32m2018-04-28 19:08:24,728 INFO [org.apereo.cas.support.events.listener.CasConfigurationEventListener] - <Received event [org.apereo.cas.support.events.config.CasConfigurationModifiedEvent@298eeaff[],/etc/cas/config/cas.properties,false]. Refreshing CAS configuration...>[m
[32m2018-04-28 19:08:25,685 INFO [org.apereo.cas.configuration.config.CasCoreBootstrapStandaloneConfiguration] - <Configuration files found at [/etc/cas/config] are [[/etc/cas/config/application.yml, /etc/cas/config/cas.properties]]>[m
[32m2018-04-28 19:08:25,689 INFO [org.apereo.cas.configuration.config.CasCoreBootstrapStandaloneConfiguration] - <Found and loaded [6] setting(s) from [/etc/cas/config]>[m
[32m2018-04-28 19:08:25,689 INFO [org.springframework.cloud.bootstrap.config.PropertySourceBootstrapConfiguration] - <Located property source: PropertiesPropertySource {name='standaloneCasConfigService'}>[m
[32m2018-04-28 19:08:25,792 INFO [org.apereo.cas.support.events.listener.CasConfigurationEventListener] - <Refreshing CAS configuration. Stand by...>[m
[32m2018-04-28 19:08:26,290 INFO [org.apereo.cas.support.events.listener.CasConfigurationEventListener] - <Refreshing CAS configuration. Stand by...>[m
[32m2018-04-28 19:08:26,301 INFO [org.apereo.cas.support.events.listener.CasConfigurationEventListener] - <CAS finished rebinding configuration with new settings [[cas.serviceRegistry.config.location]]>[m
[32m2018-04-28 19:09:17,292 INFO [org.apereo.cas.services.AbstractServicesManager] - <Loaded [2] service(s) from [JsonServiceRegistryDao].>[m
[32m2018-04-28 19:09:44,726 INFO [org.apereo.cas.support.events.listener.CasConfigurationEventListener] - <Received event [org.apereo.cas.support.events.config.CasConfigurationModifiedEvent@11c69787[],/etc/cas/config/cas.properties,false]. Refreshing CAS configuration...>[m
[32m2018-04-28 19:09:46,475 INFO [org.apereo.cas.configuration.config.CasCoreBootstrapStandaloneConfiguration] - <Configuration files found at [/etc/cas/config] are [[/etc/cas/config/application.yml, /etc/cas/config/cas.properties]]>[m
[32m2018-04-28 19:09:46,478 INFO [org.apereo.cas.configuration.config.CasCoreBootstrapStandaloneConfiguration] - <Found and loaded [6] setting(s) from [/etc/cas/config]>[m
[32m2018-04-28 19:09:46,478 INFO [org.springframework.cloud.bootstrap.config.PropertySourceBootstrapConfiguration] - <Located property source: PropertiesPropertySource {name='standaloneCasConfigService'}>[m
[32m2018-04-28 19:09:46,558 INFO [org.apereo.cas.support.events.listener.CasConfigurationEventListener] - <Refreshing CAS configuration. Stand by...>[m
[32m2018-04-28 19:09:46,840 INFO [org.apereo.cas.support.events.listener.CasConfigurationEventListener] - <Refreshing CAS configuration. Stand by...>[m
[32m2018-04-28 19:09:46,851 INFO [org.apereo.cas.support.events.listener.CasConfigurationEventListener] - <CAS finished rebinding configuration with new settings [[]]>[m
[32m2018-04-28 19:10:17,309 INFO [org.apereo.cas.services.AbstractServicesManager] - <Loaded [2] service(s) from [JsonServiceRegistryDao].>[m
[32m2018-04-28 19:11:17,321 INFO [org.apereo.cas.services.AbstractServicesManager] - <Loaded [2] service(s) from [JsonServiceRegistryDao].>[m
[32m2018-04-28 19:12:17,334 INFO [org.apereo.cas.services.AbstractServicesManager] - <Loaded [2] service(s) from [JsonServiceRegistryDao].>[m
[32m2018-04-28 19:12:54,729 INFO [org.apereo.cas.support.events.listener.CasConfigurationEventListener] - <Received event [org.apereo.cas.support.events.config.CasConfigurationModifiedEvent@6ae31834[],/etc/cas/config/cas.properties,false]. Refreshing CAS configuration...>[m
[32m2018-04-28 19:12:56,669 INFO [org.apereo.cas.configuration.config.CasCoreBootstrapStandaloneConfiguration] - <Configuration files found at [/etc/cas/config] are [[/etc/cas/config/application.yml, /etc/cas/config/cas.properties]]>[m
[32m2018-04-28 19:12:56,673 INFO [org.apereo.cas.configuration.config.CasCoreBootstrapStandaloneConfiguration] - <Found and loaded [5] setting(s) from [/etc/cas/config]>[m
[32m2018-04-28 19:12:56,673 INFO [org.springframework.cloud.bootstrap.config.PropertySourceBootstrapConfiguration] - <Located property source: PropertiesPropertySource {name='standaloneCasConfigService'}>[m
[32m2018-04-28 19:12:56,759 INFO [org.apereo.cas.support.events.listener.CasConfigurationEventListener] - <Refreshing CAS configuration. Stand by...>[m
[32m2018-04-28 19:12:57,154 INFO [org.apereo.cas.support.events.listener.CasConfigurationEventListener] - <Refreshing CAS configuration. Stand by...>[m
[32m2018-04-28 19:12:57,164 INFO [org.apereo.cas.support.events.listener.CasConfigurationEventListener] - <CAS finished rebinding configuration with new settings [[cas.serviceRegistry.json.location, cas.serviceRegistry.config.location, cas.serviceRegistry.initFromJson]]>[m
[32m2018-04-28 19:13:17,349 INFO [org.apereo.cas.services.AbstractServicesManager] - <Loaded [2] service(s) from [JsonServiceRegistryDao].>[m
[32m2018-04-28 19:14:14,713 INFO [org.apereo.cas.support.events.listener.CasConfigurationEventListener] - <Received event [org.apereo.cas.support.events.config.CasConfigurationModifiedEvent@13dec097[],/etc/cas/config/cas.properties,false]. Refreshing CAS configuration...>[m
[32m2018-04-28 19:14:17,354 INFO [org.apereo.cas.services.AbstractServicesManager] - <Loaded [2] service(s) from [JsonServiceRegistryDao].>[m
[32m2018-04-28 19:14:17,570 INFO [org.apereo.cas.configuration.config.CasCoreBootstrapStandaloneConfiguration] - <Configuration files found at [/etc/cas/config] are [[/etc/cas/config/application.yml, /etc/cas/config/cas.properties]]>[m
[32m2018-04-28 19:14:17,574 INFO [org.apereo.cas.configuration.config.CasCoreBootstrapStandaloneConfiguration] - <Found and loaded [3] setting(s) from [/etc/cas/config]>[m
[32m2018-04-28 19:14:17,575 INFO [org.springframework.cloud.bootstrap.config.PropertySourceBootstrapConfiguration] - <Located property source: PropertiesPropertySource {name='standaloneCasConfigService'}>[m
[32m2018-04-28 19:14:17,689 INFO [org.apereo.cas.support.events.listener.CasConfigurationEventListener] - <Refreshing CAS configuration. Stand by...>[m
[32m2018-04-28 19:14:18,097 INFO [org.apereo.cas.support.events.listener.CasConfigurationEventListener] - <Refreshing CAS configuration. Stand by...>[m
[32m2018-04-28 19:14:18,143 INFO [org.apereo.cas.support.events.listener.CasConfigurationEventListener] - <CAS finished rebinding configuration with new settings [[cas.server.name, cas.server.prefix]]>[m
[32m2018-04-28 19:15:17,362 INFO [org.apereo.cas.services.AbstractServicesManager] - <Loaded [2] service(s) from [JsonServiceRegistryDao].>[m
[32m2018-04-28 19:15:24,711 INFO [org.apereo.cas.support.events.listener.CasConfigurationEventListener] - <Received event [org.apereo.cas.support.events.config.CasConfigurationModifiedEvent@310d074a[],/etc/cas/config/cas.properties,false]. Refreshing CAS configuration...>[m
[32m2018-04-28 19:15:25,849 INFO [org.apereo.cas.configuration.config.CasCoreBootstrapStandaloneConfiguration] - <Configuration files found at [/etc/cas/config] are [[/etc/cas/config/application.yml, /etc/cas/config/cas.properties]]>[m
[32m2018-04-28 19:15:25,851 INFO [org.apereo.cas.configuration.config.CasCoreBootstrapStandaloneConfiguration] - <Found and loaded [2] setting(s) from [/etc/cas/config]>[m
[32m2018-04-28 19:15:25,852 INFO [org.springframework.cloud.bootstrap.config.PropertySourceBootstrapConfiguration] - <Located property source: PropertiesPropertySource {name='standaloneCasConfigService'}>[m
[32m2018-04-28 19:15:25,934 INFO [org.apereo.cas.support.events.listener.CasConfigurationEventListener] - <Refreshing CAS configuration. Stand by...>[m
[32m2018-04-28 19:15:26,246 INFO [org.apereo.cas.support.events.listener.CasConfigurationEventListener] - <Refreshing CAS configuration. Stand by...>[m
[32m2018-04-28 19:15:26,254 INFO [org.apereo.cas.support.events.listener.CasConfigurationEventListener] - <CAS finished rebinding configuration with new settings [[cas.adminPagesSecurity.ip]]>[m
[32m2018-04-28 19:16:17,395 INFO [org.apereo.cas.services.AbstractServicesManager] - <Loaded [2] service(s) from [JsonServiceRegistryDao].>[m
[32m2018-04-28 19:16:34,831 INFO [org.apereo.cas.web.flow.InitialFlowSetupAction] - <Setting path for cookies for warn cookie generator to: [/cas/] >[m
[32m2018-04-28 19:16:34,831 INFO [org.apereo.cas.web.flow.InitialFlowSetupAction] - <Setting path for cookies for warn cookie generator to: [/cas/] >[m
[32m2018-04-28 19:16:34,851 INFO [org.apereo.inspektr.audit.support.Slf4jLoggingAuditTrailManager] - <Audit trail record BEGIN
=============================================================
WHO: audit:unknown
WHAT: [event=success,timestamp=Sat Apr 28 19:16:34 CEST 2018,source=RankedAuthenticationProviderWebflowEventResolver]
ACTION: AUTHENTICATION_EVENT_TRIGGERED
APPLICATION: CAS
WHEN: Sat Apr 28 19:16:34 CEST 2018
CLIENT IP ADDRESS: 0:0:0:0:0:0:0:1
SERVER IP ADDRESS: 0:0:0:0:0:0:0:1
=============================================================

>[m
[32m2018-04-28 19:16:34,851 INFO [org.apereo.inspektr.audit.support.Slf4jLoggingAuditTrailManager] - <Audit trail record BEGIN
=============================================================
WHO: audit:unknown
WHAT: [event=success,timestamp=Sat Apr 28 19:16:34 CEST 2018,source=RankedAuthenticationProviderWebflowEventResolver]
ACTION: AUTHENTICATION_EVENT_TRIGGERED
APPLICATION: CAS
WHEN: Sat Apr 28 19:16:34 CEST 2018
CLIENT IP ADDRESS: 0:0:0:0:0:0:0:1
SERVER IP ADDRESS: 0:0:0:0:0:0:0:1
=============================================================

>[m
[33m2018-04-28 19:16:34,914 WARN [org.apereo.cas.util.cipher.BaseBinaryCipherExecutor] - <Secret key for signing is not defined under [cas.webflow.crypto.signing.key]. CAS will attempt to auto-generate the signing key>[m
[33m2018-04-28 19:16:34,918 WARN [org.apereo.cas.util.cipher.BaseBinaryCipherExecutor] - <Generated signing key [qPMf6P6BTA8ao78xYoyKSGgxE2vv00K50HecYiXrkVph66yBEn1lOMH5tUk8pPZC7mBJbmyeawH0jncCrCJ8gg] of size [512]. The generated key MUST be added to CAS settings under setting [cas.webflow.crypto.signing.key].>[m
[33m2018-04-28 19:16:34,922 WARN [org.apereo.cas.util.cipher.BaseBinaryCipherExecutor] - <Secret key for encryption is not defined under [cas.webflow.crypto.encryption.key]. CAS will attempt to auto-generate the encryption key>[m
[33m2018-04-28 19:16:34,927 WARN [org.apereo.cas.util.cipher.BaseBinaryCipherExecutor] - <Generated encryption key [jeqg_AocO80hKqxZR-5ocQ] of size [16]. The generated key MUST be added to CAS settings under setting [cas.webflow.crypto.encryption.key].>[m
[32m2018-04-28 19:16:45,063 INFO [org.apereo.cas.services.AbstractServicesManager] - <Loaded [2] service(s) from [JsonServiceRegistryDao].>[m
[32m2018-04-28 19:16:45,068 INFO [org.apereo.inspektr.audit.support.Slf4jLoggingAuditTrailManager] - <Audit trail record BEGIN
=============================================================
WHO: audit:unknown
WHAT: [event=success,timestamp=Sat Apr 28 19:16:45 CEST 2018,source=RankedAuthenticationProviderWebflowEventResolver]
ACTION: AUTHENTICATION_EVENT_TRIGGERED
APPLICATION: CAS
WHEN: Sat Apr 28 19:16:45 CEST 2018
CLIENT IP ADDRESS: 0:0:0:0:0:0:0:1
SERVER IP ADDRESS: 0:0:0:0:0:0:0:1
=============================================================

>[m
[32m2018-04-28 19:16:45,068 INFO [org.apereo.inspektr.audit.support.Slf4jLoggingAuditTrailManager] - <Audit trail record BEGIN
=============================================================
WHO: audit:unknown
WHAT: [event=success,timestamp=Sat Apr 28 19:16:45 CEST 2018,source=RankedAuthenticationProviderWebflowEventResolver]
ACTION: AUTHENTICATION_EVENT_TRIGGERED
APPLICATION: CAS
WHEN: Sat Apr 28 19:16:45 CEST 2018
CLIENT IP ADDRESS: 0:0:0:0:0:0:0:1
SERVER IP ADDRESS: 0:0:0:0:0:0:0:1
=============================================================

>[m
[33m2018-04-28 19:16:45,070 WARN [org.apereo.cas.web.flow.ServiceAuthorizationCheck] - <Service Management: missing service. Service [http://localhost:9000/login/cas] is not found in service registry.>[m
[33m2018-04-28 19:16:45,070 WARN [org.apereo.cas.web.flow.ServiceAuthorizationCheck] - <Service Management: missing service. Service [http://localhost:9000/login/cas] is not found in service registry.>[m
[33m2018-04-28 19:16:45,072 WARN [org.apereo.cas.services.web.ServiceThemeResolver] - <No registered service is found to match [org.apereo.cas.authentication.principal.SimpleWebApplicationServiceImpl@234ebeee[id=http://localhost:9000/login/cas,originalUrl=http://localhost:9000/login/cas,artifactId=<null>,principal=<null>,loggedOutAlready=false,format=XML]] or service access is disallowed. Using default theme [cas-theme-default]>[m
[33m2018-04-28 19:16:45,092 WARN [org.apereo.cas.services.web.ServiceThemeResolver] - <No registered service is found to match [org.apereo.cas.authentication.principal.SimpleWebApplicationServiceImpl@234ebeee[id=http://localhost:9000/login/cas,originalUrl=http://localhost:9000/login/cas,artifactId=<null>,principal=<null>,loggedOutAlready=false,format=XML]] or service access is disallowed. Using default theme [cas-theme-default]>[m
[32m2018-04-28 19:16:52,268 INFO [org.apereo.inspektr.audit.support.Slf4jLoggingAuditTrailManager] - <Audit trail record BEGIN
=============================================================
WHO: audit:unknown
WHAT: [event=success,timestamp=Sat Apr 28 19:16:52 CEST 2018,source=RankedAuthenticationProviderWebflowEventResolver]
ACTION: AUTHENTICATION_EVENT_TRIGGERED
APPLICATION: CAS
WHEN: Sat Apr 28 19:16:52 CEST 2018
CLIENT IP ADDRESS: 0:0:0:0:0:0:0:1
SERVER IP ADDRESS: 0:0:0:0:0:0:0:1
=============================================================

>[m
[32m2018-04-28 19:16:52,268 INFO [org.apereo.inspektr.audit.support.Slf4jLoggingAuditTrailManager] - <Audit trail record BEGIN
=============================================================
WHO: audit:unknown
WHAT: [event=success,timestamp=Sat Apr 28 19:16:52 CEST 2018,source=RankedAuthenticationProviderWebflowEventResolver]
ACTION: AUTHENTICATION_EVENT_TRIGGERED
APPLICATION: CAS
WHEN: Sat Apr 28 19:16:52 CEST 2018
CLIENT IP ADDRESS: 0:0:0:0:0:0:0:1
SERVER IP ADDRESS: 0:0:0:0:0:0:0:1
=============================================================

>[m
[33m2018-04-28 19:16:52,269 WARN [org.apereo.cas.web.flow.ServiceAuthorizationCheck] - <Service Management: missing service. Service [http://localhost:9000/login/cas] is not found in service registry.>[m
[33m2018-04-28 19:16:52,269 WARN [org.apereo.cas.web.flow.ServiceAuthorizationCheck] - <Service Management: missing service. Service [http://localhost:9000/login/cas] is not found in service registry.>[m
[33m2018-04-28 19:16:52,270 WARN [org.apereo.cas.services.web.ServiceThemeResolver] - <No registered service is found to match [org.apereo.cas.authentication.principal.SimpleWebApplicationServiceImpl@1cf8a0f3[id=http://localhost:9000/login/cas,originalUrl=http://localhost:9000/login/cas,artifactId=<null>,principal=<null>,loggedOutAlready=false,format=XML]] or service access is disallowed. Using default theme [cas-theme-default]>[m
[33m2018-04-28 19:16:52,295 WARN [org.apereo.cas.services.web.ServiceThemeResolver] - <No registered service is found to match [org.apereo.cas.authentication.principal.SimpleWebApplicationServiceImpl@1cf8a0f3[id=http://localhost:9000/login/cas,originalUrl=http://localhost:9000/login/cas,artifactId=<null>,principal=<null>,loggedOutAlready=false,format=XML]] or service access is disallowed. Using default theme [cas-theme-default]>[m
[32m2018-04-28 19:17:05,073 INFO [org.apereo.cas.services.AbstractServicesManager] - <Loaded [2] service(s) from [JsonServiceRegistryDao].>[m
[32m2018-04-28 19:17:17,402 INFO [org.apereo.cas.services.AbstractServicesManager] - <Loaded [2] service(s) from [JsonServiceRegistryDao].>[m
[32m2018-04-28 19:18:04,716 INFO [org.apereo.cas.support.events.listener.CasConfigurationEventListener] - <Received event [org.apereo.cas.support.events.config.CasConfigurationModifiedEvent@24db6a72[],/etc/cas/config/cas.properties,false]. Refreshing CAS configuration...>[m
[32m2018-04-28 19:18:06,474 INFO [org.apereo.cas.configuration.config.CasCoreBootstrapStandaloneConfiguration] - <Configuration files found at [/etc/cas/config] are [[/etc/cas/config/application.yml, /etc/cas/config/cas.properties]]>[m
[32m2018-04-28 19:18:06,477 INFO [org.apereo.cas.configuration.config.CasCoreBootstrapStandaloneConfiguration] - <Found and loaded [3] setting(s) from [/etc/cas/config]>[m
[32m2018-04-28 19:18:06,477 INFO [org.springframework.cloud.bootstrap.config.PropertySourceBootstrapConfiguration] - <Located property source: PropertiesPropertySource {name='standaloneCasConfigService'}>[m
[32m2018-04-28 19:18:06,637 INFO [org.apereo.cas.support.events.listener.CasConfigurationEventListener] - <Refreshing CAS configuration. Stand by...>[m
[32m2018-04-28 19:18:07,046 INFO [org.apereo.cas.support.events.listener.CasConfigurationEventListener] - <Refreshing CAS configuration. Stand by...>[m
[32m2018-04-28 19:18:07,059 INFO [org.apereo.cas.support.events.listener.CasConfigurationEventListener] - <CAS finished rebinding configuration with new settings [[cas.serviceRegistry.initFromJson]]>[m
[32m2018-04-28 19:18:17,411 INFO [org.apereo.cas.services.AbstractServicesManager] - <Loaded [2] service(s) from [JsonServiceRegistryDao].>[m
[32m2018-04-28 19:19:05,094 INFO [org.apereo.cas.services.AbstractServicesManager] - <Loaded [2] service(s) from [JsonServiceRegistryDao].>[m
[32m2018-04-28 19:19:14,704 INFO [org.apereo.cas.support.events.listener.CasConfigurationEventListener] - <Received event [org.apereo.cas.support.events.config.CasConfigurationModifiedEvent@6b47012d[],/etc/cas/config/cas.properties,false]. Refreshing CAS configuration...>[m
[32m2018-04-28 19:19:15,442 INFO [org.apereo.cas.configuration.config.CasCoreBootstrapStandaloneConfiguration] - <Configuration files found at [/etc/cas/config] are [[/etc/cas/config/application.yml, /etc/cas/config/cas.properties]]>[m
[32m2018-04-28 19:19:15,445 INFO [org.apereo.cas.configuration.config.CasCoreBootstrapStandaloneConfiguration] - <Found and loaded [3] setting(s) from [/etc/cas/config]>[m
[32m2018-04-28 19:19:15,445 INFO [org.springframework.cloud.bootstrap.config.PropertySourceBootstrapConfiguration] - <Located property source: PropertiesPropertySource {name='standaloneCasConfigService'}>[m
[32m2018-04-28 19:19:15,528 INFO [org.apereo.cas.support.events.listener.CasConfigurationEventListener] - <Refreshing CAS configuration. Stand by...>[m
[32m2018-04-28 19:19:15,804 INFO [org.apereo.cas.support.events.listener.CasConfigurationEventListener] - <Refreshing CAS configuration. Stand by...>[m
[32m2018-04-28 19:19:15,814 INFO [org.apereo.cas.support.events.listener.CasConfigurationEventListener] - <CAS finished rebinding configuration with new settings [[]]>[m
[32m2018-04-28 19:19:17,420 INFO [org.apereo.cas.services.AbstractServicesManager] - <Loaded [2] service(s) from [JsonServiceRegistryDao].>[m
[32m2018-04-28 19:19:25,484 INFO [org.apereo.cas.web.flow.InitialFlowSetupAction] - <Setting path for cookies for warn cookie generator to: [/cas/] >[m
[32m2018-04-28 19:19:25,484 INFO [org.apereo.cas.web.flow.InitialFlowSetupAction] - <Setting path for cookies for warn cookie generator to: [/cas/] >[m
[32m2018-04-28 19:19:25,490 INFO [org.apereo.cas.services.AbstractServicesManager] - <Loaded [2] service(s) from [JsonServiceRegistryDao].>[m
[32m2018-04-28 19:19:25,502 INFO [org.apereo.inspektr.audit.support.Slf4jLoggingAuditTrailManager] - <Audit trail record BEGIN
=============================================================
WHO: audit:unknown
WHAT: [event=success,timestamp=Sat Apr 28 19:19:25 CEST 2018,source=RankedAuthenticationProviderWebflowEventResolver]
ACTION: AUTHENTICATION_EVENT_TRIGGERED
APPLICATION: CAS
WHEN: Sat Apr 28 19:19:25 CEST 2018
CLIENT IP ADDRESS: 0:0:0:0:0:0:0:1
SERVER IP ADDRESS: 0:0:0:0:0:0:0:1
=============================================================

>[m
[32m2018-04-28 19:19:25,502 INFO [org.apereo.inspektr.audit.support.Slf4jLoggingAuditTrailManager] - <Audit trail record BEGIN
=============================================================
WHO: audit:unknown
WHAT: [event=success,timestamp=Sat Apr 28 19:19:25 CEST 2018,source=RankedAuthenticationProviderWebflowEventResolver]
ACTION: AUTHENTICATION_EVENT_TRIGGERED
APPLICATION: CAS
WHEN: Sat Apr 28 19:19:25 CEST 2018
CLIENT IP ADDRESS: 0:0:0:0:0:0:0:1
SERVER IP ADDRESS: 0:0:0:0:0:0:0:1
=============================================================

>[m
[33m2018-04-28 19:19:25,508 WARN [org.apereo.cas.web.flow.ServiceAuthorizationCheck] - <Service Management: missing service. Service [http://localhost:9000/login/cas] is not found in service registry.>[m
[33m2018-04-28 19:19:25,508 WARN [org.apereo.cas.web.flow.ServiceAuthorizationCheck] - <Service Management: missing service. Service [http://localhost:9000/login/cas] is not found in service registry.>[m
[33m2018-04-28 19:19:25,511 WARN [org.apereo.cas.services.web.ServiceThemeResolver] - <No registered service is found to match [org.apereo.cas.authentication.principal.SimpleWebApplicationServiceImpl@7d0291e9[id=http://localhost:9000/login/cas,originalUrl=http://localhost:9000/login/cas,artifactId=<null>,principal=<null>,loggedOutAlready=false,format=XML]] or service access is disallowed. Using default theme [cas-theme-default]>[m
[33m2018-04-28 19:19:25,581 WARN [org.apereo.cas.services.web.ServiceThemeResolver] - <No registered service is found to match [org.apereo.cas.authentication.principal.SimpleWebApplicationServiceImpl@7d0291e9[id=http://localhost:9000/login/cas,originalUrl=http://localhost:9000/login/cas,artifactId=<null>,principal=<null>,loggedOutAlready=false,format=XML]] or service access is disallowed. Using default theme [cas-theme-default]>[m
[32m2018-04-28 19:19:34,513 INFO [org.apereo.inspektr.audit.support.Slf4jLoggingAuditTrailManager] - <Audit trail record BEGIN
=============================================================
WHO: audit:unknown
WHAT: [event=success,timestamp=Sat Apr 28 19:19:34 CEST 2018,source=RankedAuthenticationProviderWebflowEventResolver]
ACTION: AUTHENTICATION_EVENT_TRIGGERED
APPLICATION: CAS
WHEN: Sat Apr 28 19:19:34 CEST 2018
CLIENT IP ADDRESS: 0:0:0:0:0:0:0:1
SERVER IP ADDRESS: 0:0:0:0:0:0:0:1
=============================================================

>[m
[32m2018-04-28 19:19:34,513 INFO [org.apereo.inspektr.audit.support.Slf4jLoggingAuditTrailManager] - <Audit trail record BEGIN
=============================================================
WHO: audit:unknown
WHAT: [event=success,timestamp=Sat Apr 28 19:19:34 CEST 2018,source=RankedAuthenticationProviderWebflowEventResolver]
ACTION: AUTHENTICATION_EVENT_TRIGGERED
APPLICATION: CAS
WHEN: Sat Apr 28 19:19:34 CEST 2018
CLIENT IP ADDRESS: 0:0:0:0:0:0:0:1
SERVER IP ADDRESS: 0:0:0:0:0:0:0:1
=============================================================

>[m
[33m2018-04-28 19:19:34,514 WARN [org.apereo.cas.web.flow.ServiceAuthorizationCheck] - <Service Management: missing service. Service [http://localhost:9000/login/cas] is not found in service registry.>[m
[33m2018-04-28 19:19:34,514 WARN [org.apereo.cas.web.flow.ServiceAuthorizationCheck] - <Service Management: missing service. Service [http://localhost:9000/login/cas] is not found in service registry.>[m
[33m2018-04-28 19:19:34,516 WARN [org.apereo.cas.services.web.ServiceThemeResolver] - <No registered service is found to match [org.apereo.cas.authentication.principal.SimpleWebApplicationServiceImpl@12cfca08[id=http://localhost:9000/login/cas,originalUrl=http://localhost:9000/login/cas,artifactId=<null>,principal=<null>,loggedOutAlready=false,format=XML]] or service access is disallowed. Using default theme [cas-theme-default]>[m
[33m2018-04-28 19:19:34,533 WARN [org.apereo.cas.services.web.ServiceThemeResolver] - <No registered service is found to match [org.apereo.cas.authentication.principal.SimpleWebApplicationServiceImpl@12cfca08[id=http://localhost:9000/login/cas,originalUrl=http://localhost:9000/login/cas,artifactId=<null>,principal=<null>,loggedOutAlready=false,format=XML]] or service access is disallowed. Using default theme [cas-theme-default]>[m
[32m2018-04-28 19:19:45,505 INFO [org.apereo.cas.services.AbstractServicesManager] - <Loaded [2] service(s) from [JsonServiceRegistryDao].>[m
[32m2018-04-28 19:20:05,101 INFO [org.apereo.cas.services.AbstractServicesManager] - <Loaded [2] service(s) from [JsonServiceRegistryDao].>[m
[32m2018-04-28 19:20:17,430 INFO [org.apereo.cas.services.AbstractServicesManager] - <Loaded [2] service(s) from [JsonServiceRegistryDao].>[m
[32m2018-04-28 19:20:24,702 INFO [org.apereo.cas.support.events.listener.CasConfigurationEventListener] - <Received event [org.apereo.cas.support.events.config.CasConfigurationModifiedEvent@37913b00[],/etc/cas/config/cas.properties,false]. Refreshing CAS configuration...>[m
[32m2018-04-28 19:20:26,071 INFO [org.apereo.cas.configuration.config.CasCoreBootstrapStandaloneConfiguration] - <Configuration files found at [/etc/cas/config] are [[/etc/cas/config/application.yml, /etc/cas/config/cas.properties]]>[m
[32m2018-04-28 19:20:26,073 INFO [org.apereo.cas.configuration.config.CasCoreBootstrapStandaloneConfiguration] - <Found and loaded [2] setting(s) from [/etc/cas/config]>[m
[32m2018-04-28 19:20:26,074 INFO [org.springframework.cloud.bootstrap.config.PropertySourceBootstrapConfiguration] - <Located property source: PropertiesPropertySource {name='standaloneCasConfigService'}>[m
[32m2018-04-28 19:20:26,158 INFO [org.apereo.cas.support.events.listener.CasConfigurationEventListener] - <Refreshing CAS configuration. Stand by...>[m
[32m2018-04-28 19:20:27,492 INFO [org.apereo.cas.support.events.listener.CasConfigurationEventListener] - <Refreshing CAS configuration. Stand by...>[m
[32m2018-04-28 19:20:27,500 INFO [org.apereo.cas.support.events.listener.CasConfigurationEventListener] - <CAS finished rebinding configuration with new settings [[cas.serviceRegistry.initFromJson]]>[m
[32m2018-04-28 19:20:45,523 INFO [org.apereo.cas.services.AbstractServicesManager] - <Loaded [2] service(s) from [JsonServiceRegistryDao].>[m
[32m2018-04-28 19:21:05,152 INFO [org.apereo.cas.services.AbstractServicesManager] - <Loaded [2] service(s) from [JsonServiceRegistryDao].>[m
[32m2018-04-28 19:21:17,441 INFO [org.apereo.cas.services.AbstractServicesManager] - <Loaded [2] service(s) from [JsonServiceRegistryDao].>[m
[32m2018-04-28 19:21:23,729 INFO [org.apereo.cas.web.CasWebApplicationContext] - <Closing CasWebApplicationContext>[m
[33m2018-04-28 19:21:23,824 WARN [org.apereo.cas.util.io.PathWatcherService] - <Directory key is no longer valid. Quitting watcher service>[m
