[32m2018-04-28 16:28:29,622 INFO [org.apereo.cas.configuration.config.CasCoreBootstrapStandaloneConfiguration] - <Configuration files found at [/etc/cas/config] are [[/etc/cas/config/application.yml, /etc/cas/config/cas.properties]]>[m
[32m2018-04-28 16:28:29,665 INFO [org.apereo.cas.configuration.config.CasCoreBootstrapStandaloneConfiguration] - <Found and loaded [0] setting(s) from [/etc/cas/config]>[m
[32m2018-04-28 16:28:29,667 INFO [org.springframework.cloud.bootstrap.config.PropertySourceBootstrapConfiguration] - <Located property source: PropertiesPropertySource {name='standaloneCasConfigService'}>[m
[32m2018-04-28 16:28:29,682 INFO [org.apereo.cas.web.CasWebApplication] - <The following profiles are active: standalone>[m
[32m2018-04-28 16:28:29,778 INFO [org.apereo.cas.web.CasWebApplicationContext] - <Refreshing CasWebApplicationContext>[m
[33m2018-04-28 16:28:36,082 WARN [org.apereo.cas.config.CasCoreTicketsConfiguration] - <Runtime memory is used as the persistence storage for retrieving and managing tickets. Tickets that are issued during runtime will be LOST upon container restarts. This MAY impact SSO functionality.>[m
[32m2018-04-28 16:28:36,087 INFO [org.apereo.cas.configuration.support.Beans] - <Ticket registry encryption/signing is turned off. This MAY NOT be safe in a clustered production environment. Consider using other choices to handle encryption, signing and verification of ticket registry tickets, and verify the chosen ticket registry does support this behavior.>[m
[33m2018-04-28 16:29:00,464 WARN [org.apereo.cas.config.support.authentication.AcceptUsersAuthenticationEventExecutionPlanConfiguration] - <[36m>[m
[33m2018-04-28 16:29:00,472 WARN [org.apereo.cas.config.support.authentication.AcceptUsersAuthenticationEventExecutionPlanConfiguration] - <

  ____    _____    ___    ____    _ 
 / ___|  |_   _|  / _ \  |  _ \  | |
 \___ \    | |   | | | | | |_) | | |
  ___) |   | |   | |_| | |  __/  |_|
 |____/    |_|    \___/  |_|     (_)
                                    

CAS is configured to accept a static list of credentials for authentication. While this is generally useful for demo purposes, it is STRONGLY recommended that you DISABLE this authentication method (by setting 'cas.authn.accept.users' to a blank value) and switch to a mode that is more suitable for production.>[m
[33m2018-04-28 16:29:00,473 WARN [org.apereo.cas.config.support.authentication.AcceptUsersAuthenticationEventExecutionPlanConfiguration] - <[0m>[m
[32m2018-04-28 16:29:39,004 INFO [org.apereo.cas.support.events.listener.CasConfigurationEventListener] - <Refreshing CAS configuration. Stand by...>[m
[33m2018-04-28 16:29:41,018 WARN [org.apereo.cas.config.CasCoreServicesConfiguration] - <Runtime memory is used as the persistence storage for retrieving and persisting service definitions. Changes that are made to service definitions during runtime WILL be LOST upon container restarts. Ideally for production, you need to choose a storage option (JDBC, etc) to store and track service definitions.>[m
[32m2018-04-28 16:29:41,128 INFO [org.apereo.cas.services.AbstractServicesManager] - <Loaded [0] service(s) from [InMemoryServiceRegistry].>[m
[32m2018-04-28 16:29:41,909 INFO [org.apereo.cas.services.ServiceRegistryInitializer] - <The service registry database backed by [InMemoryServiceRegistry] will not be initialized from JSON services. If the service registry database ends up empty, CAS will refuse to authenticate services until service definitions are added to the registry. To auto-initialize the service registry, set 'cas.serviceRegistry.initFromJson=true' in your CAS settings.>[m
[33m2018-04-28 16:29:42,800 WARN [org.apereo.cas.util.cipher.BaseStringCipherExecutor] - <Secret key for encryption is not defined for [Ticket-granting Cookie]; CAS will attempt to auto-generate the encryption key>[m
[33m2018-04-28 16:29:42,833 WARN [org.apereo.cas.util.cipher.BaseStringCipherExecutor] - <Generated encryption key [b1Wml4hGHot_K0JB_IKSgvqaDBkbdozkxBoeINd51UY] of size [256] for [Ticket-granting Cookie]. The generated key MUST be added to CAS settings under setting [cas.tgc.crypto.encryption.key].>[m
[33m2018-04-28 16:29:42,842 WARN [org.apereo.cas.util.cipher.BaseStringCipherExecutor] - <Secret key for signing is not defined for [Ticket-granting Cookie]. CAS will attempt to auto-generate the signing key>[m
[33m2018-04-28 16:29:42,843 WARN [org.apereo.cas.util.cipher.BaseStringCipherExecutor] - <Generated signing key [VM5dAo7WbgTj2KBP9qSMsVKDgtM6dvBO-Zj9vcVB8SP6o0Xb-t0WjW6EIYWJNxGb7RFX0kxe8KHVWNrGv88HHA] of size [512] for [Ticket-granting Cookie]. The generated key MUST be added to CAS settings under setting [cas.tgc.crypto.signing.key].>[m
[33m2018-04-28 16:29:44,614 WARN [org.apereo.cas.util.cipher.BaseBinaryCipherExecutor] - <Secret key for signing is not defined under [cas.webflow.crypto.signing.key]. CAS will attempt to auto-generate the signing key>[m
[33m2018-04-28 16:29:44,616 WARN [org.apereo.cas.util.cipher.BaseBinaryCipherExecutor] - <Generated signing key [jp2X1LMDHyqnh0tXVGDpjz-dpsbcPddIYtuJw8d5VulVFHwVrlICa3P-4VjE0kCIUNqisHAi8R36mSbQkA9drQ] of size [512]. The generated key MUST be added to CAS settings under setting [cas.webflow.crypto.signing.key].>[m
[33m2018-04-28 16:29:44,618 WARN [org.apereo.cas.util.cipher.BaseBinaryCipherExecutor] - <Secret key for encryption is not defined under [cas.webflow.crypto.encryption.key]. CAS will attempt to auto-generate the encryption key>[m
[33m2018-04-28 16:29:44,663 WARN [org.apereo.cas.util.cipher.BaseBinaryCipherExecutor] - <Generated encryption key [WWNSrkvV0GigvozTBXZXqQ] of size [16]. The generated key MUST be added to CAS settings under setting [cas.webflow.crypto.encryption.key].>[m
[32m2018-04-28 16:29:45,641 INFO [org.apereo.cas.support.events.listener.DefaultCasEventListener] - <[36m>[m
[32m2018-04-28 16:29:45,647 INFO [org.apereo.cas.support.events.listener.DefaultCasEventListener] - <

  ____    _____      _      ____   __   __
 |  _ \  | ____|    / \    |  _ \  \ \ / /
 | |_) | |  _|     / _ \   | | | |  \ V / 
 |  _ <  | |___   / ___ \  | |_| |   | |  
 |_| \_\ |_____| /_/   \_\ |____/    |_|  
                                          
>[m
[32m2018-04-28 16:29:45,648 INFO [org.apereo.cas.support.events.listener.DefaultCasEventListener] - <[0m>[m
[32m2018-04-28 16:29:45,649 INFO [org.apereo.cas.support.events.listener.DefaultCasEventListener] - <Ready to process requests @ [2018-04-28T14:29:45.641Z]>[m
[32m2018-04-28 16:29:45,654 INFO [org.apereo.cas.web.CasWebApplication] - <Started CasWebApplication in 80.977 seconds (JVM running for 87.518)>[m
[32m2018-04-28 16:30:05,279 INFO [org.apereo.cas.services.AbstractServicesManager] - <Loaded [0] service(s) from [InMemoryServiceRegistry].>[m
[32m2018-04-28 16:30:15,196 INFO [org.apereo.cas.ticket.registry.DefaultTicketRegistryCleaner] - <[0] expired tickets removed.>[m
[32m2018-04-28 16:31:05,307 INFO [org.apereo.cas.services.AbstractServicesManager] - <Loaded [0] service(s) from [InMemoryServiceRegistry].>[m
[32m2018-04-28 16:32:05,326 INFO [org.apereo.cas.services.AbstractServicesManager] - <Loaded [0] service(s) from [InMemoryServiceRegistry].>[m
[32m2018-04-28 16:32:15,219 INFO [org.apereo.cas.ticket.registry.DefaultTicketRegistryCleaner] - <[0] expired tickets removed.>[m
[32m2018-04-28 16:33:05,328 INFO [org.apereo.cas.services.AbstractServicesManager] - <Loaded [0] service(s) from [InMemoryServiceRegistry].>[m
[32m2018-04-28 16:34:05,331 INFO [org.apereo.cas.services.AbstractServicesManager] - <Loaded [0] service(s) from [InMemoryServiceRegistry].>[m
[32m2018-04-28 16:34:15,214 INFO [org.apereo.cas.ticket.registry.DefaultTicketRegistryCleaner] - <[0] expired tickets removed.>[m
[32m2018-04-28 16:35:05,334 INFO [org.apereo.cas.services.AbstractServicesManager] - <Loaded [0] service(s) from [InMemoryServiceRegistry].>[m
[32m2018-04-28 16:36:05,334 INFO [org.apereo.cas.services.AbstractServicesManager] - <Loaded [0] service(s) from [InMemoryServiceRegistry].>[m
[32m2018-04-28 16:36:15,216 INFO [org.apereo.cas.ticket.registry.DefaultTicketRegistryCleaner] - <[0] expired tickets removed.>[m
[32m2018-04-28 16:37:05,338 INFO [org.apereo.cas.services.AbstractServicesManager] - <Loaded [0] service(s) from [InMemoryServiceRegistry].>[m
[32m2018-04-28 16:38:05,347 INFO [org.apereo.cas.services.AbstractServicesManager] - <Loaded [0] service(s) from [InMemoryServiceRegistry].>[m
[32m2018-04-28 16:38:15,217 INFO [org.apereo.cas.ticket.registry.DefaultTicketRegistryCleaner] - <[0] expired tickets removed.>[m
[32m2018-04-28 16:38:17,617 INFO [org.apereo.cas.web.CasWebApplicationContext] - <Closing CasWebApplicationContext>[m
