[32m2018-04-28 19:39:55,215 INFO [org.apereo.cas.configuration.config.CasCoreBootstrapStandaloneConfiguration] - <Configuration files found at [/etc/cas/config] are [[/etc/cas/config/application.yml, /etc/cas/config/cas.properties]]>[m
[32m2018-04-28 19:39:55,295 INFO [org.apereo.cas.configuration.config.CasCoreBootstrapStandaloneConfiguration] - <Found and loaded [2] setting(s) from [/etc/cas/config]>[m
[32m2018-04-28 19:39:55,297 INFO [org.springframework.cloud.bootstrap.config.PropertySourceBootstrapConfiguration] - <Located property source: PropertiesPropertySource {name='standaloneCasConfigService'}>[m
[32m2018-04-28 19:39:55,315 INFO [org.apereo.cas.web.CasWebApplication] - <The following profiles are active: standalone>[m
[32m2018-04-28 19:39:55,410 INFO [org.apereo.cas.web.CasWebApplicationContext] - <Refreshing CasWebApplicationContext>[m
[33m2018-04-28 19:40:02,520 WARN [org.apereo.cas.config.CasCoreTicketsConfiguration] - <Runtime memory is used as the persistence storage for retrieving and managing tickets. Tickets that are issued during runtime will be LOST upon container restarts. This MAY impact SSO functionality.>[m
[32m2018-04-28 19:40:02,526 INFO [org.apereo.cas.configuration.support.Beans] - <Ticket registry encryption/signing is turned off. This MAY NOT be safe in a clustered production environment. Consider using other choices to handle encryption, signing and verification of ticket registry tickets, and verify the chosen ticket registry does support this behavior.>[m
[33m2018-04-28 19:40:27,503 WARN [org.apereo.cas.config.support.authentication.AcceptUsersAuthenticationEventExecutionPlanConfiguration] - <[36m>[m
[33m2018-04-28 19:40:27,516 WARN [org.apereo.cas.config.support.authentication.AcceptUsersAuthenticationEventExecutionPlanConfiguration] - <

  ____    _____    ___    ____    _ 
 / ___|  |_   _|  / _ \  |  _ \  | |
 \___ \    | |   | | | | | |_) | | |
  ___) |   | |   | |_| | |  __/  |_|
 |____/    |_|    \___/  |_|     (_)
                                    

CAS is configured to accept a static list of credentials for authentication. While this is generally useful for demo purposes, it is STRONGLY recommended that you DISABLE this authentication method (by setting 'cas.authn.accept.users' to a blank value) and switch to a mode that is more suitable for production.>[m
[33m2018-04-28 19:40:27,517 WARN [org.apereo.cas.config.support.authentication.AcceptUsersAuthenticationEventExecutionPlanConfiguration] - <[0m>[m
[32m2018-04-28 19:40:41,001 INFO [org.apereo.cas.services.AbstractResourceBasedServiceRegistryDao] - <Setting up a watch for service registry directory at [/Users/Rodrigo/Desarrollos/SandBox/SSO/cas/cas-server/cas-overlay-server/etc/cas/services]>[m
[32m2018-04-28 19:41:01,064 INFO [org.apereo.cas.support.events.listener.CasConfigurationEventListener] - <Refreshing CAS configuration. Stand by...>[m
[33m2018-04-28 19:41:02,446 WARN [org.apereo.cas.services.AbstractResourceBasedServiceRegistryDao] - <[casSecuredApp.json] does not match the recommended pattern [\w+-\d+\.json]. While CAS tries to be forgiving as much as possible, it's recommended that you rename the file to match the request pattern to avoid issues with duplicate service loading. Future CAS versions may try to strictly force the naming syntax, refusing to load the file.>[m
[32m2018-04-28 19:41:02,937 INFO [org.apereo.cas.services.AbstractServicesManager] - <Loaded [1] service(s) from [JsonServiceRegistryDao].>[m
[33m2018-04-28 19:41:03,959 WARN [org.apereo.cas.util.cipher.BaseStringCipherExecutor] - <Secret key for encryption is not defined for [Ticket-granting Cookie]; CAS will attempt to auto-generate the encryption key>[m
[33m2018-04-28 19:41:03,980 WARN [org.apereo.cas.util.cipher.BaseStringCipherExecutor] - <Generated encryption key [lVrvF6p7-96WwhSlJBlGP1471Wf77VXk2Aokq6XRj-k] of size [256] for [Ticket-granting Cookie]. The generated key MUST be added to CAS settings under setting [cas.tgc.crypto.encryption.key].>[m
[33m2018-04-28 19:41:03,990 WARN [org.apereo.cas.util.cipher.BaseStringCipherExecutor] - <Secret key for signing is not defined for [Ticket-granting Cookie]. CAS will attempt to auto-generate the signing key>[m
[33m2018-04-28 19:41:03,991 WARN [org.apereo.cas.util.cipher.BaseStringCipherExecutor] - <Generated signing key [FUbs6UoYWW8ItoxBRxMBokEvjFPiK01UxtwWQZ1gS4XRyvyuLcKv6fsE67SjUZAw-X48wpeWXwBI2k6pvdPnmA] of size [512] for [Ticket-granting Cookie]. The generated key MUST be added to CAS settings under setting [cas.tgc.crypto.signing.key].>[m
[33m2018-04-28 19:41:05,276 WARN [org.apereo.cas.util.cipher.BaseBinaryCipherExecutor] - <Secret key for signing is not defined under [cas.webflow.crypto.signing.key]. CAS will attempt to auto-generate the signing key>[m
[33m2018-04-28 19:41:05,278 WARN [org.apereo.cas.util.cipher.BaseBinaryCipherExecutor] - <Generated signing key [YqUsAX1hY5Mi9vDGBw2Y5fImwjsPDiUCrbQsa9SXb9zG7mHGJj7E4ijjRteKGRjlEJjVZHPFVFcNwU1WeudBPg] of size [512]. The generated key MUST be added to CAS settings under setting [cas.webflow.crypto.signing.key].>[m
[33m2018-04-28 19:41:05,278 WARN [org.apereo.cas.util.cipher.BaseBinaryCipherExecutor] - <Secret key for encryption is not defined under [cas.webflow.crypto.encryption.key]. CAS will attempt to auto-generate the encryption key>[m
[33m2018-04-28 19:41:05,301 WARN [org.apereo.cas.util.cipher.BaseBinaryCipherExecutor] - <Generated encryption key [JCqDMTdadvGczJ_SdgxCnw] of size [16]. The generated key MUST be added to CAS settings under setting [cas.webflow.crypto.encryption.key].>[m
[32m2018-04-28 19:41:06,081 INFO [org.apereo.cas.support.events.listener.DefaultCasEventListener] - <[36m>[m
[32m2018-04-28 19:41:06,087 INFO [org.apereo.cas.support.events.listener.DefaultCasEventListener] - <

  ____    _____      _      ____   __   __
 |  _ \  | ____|    / \    |  _ \  \ \ / /
 | |_) | |  _|     / _ \   | | | |  \ V / 
 |  _ <  | |___   / ___ \  | |_| |   | |  
 |_| \_\ |_____| /_/   \_\ |____/    |_|  
                                          
>[m
[32m2018-04-28 19:41:06,088 INFO [org.apereo.cas.support.events.listener.DefaultCasEventListener] - <[0m>[m
[32m2018-04-28 19:41:06,088 INFO [org.apereo.cas.support.events.listener.DefaultCasEventListener] - <Ready to process requests @ [2018-04-28T17:41:06.080Z]>[m
[32m2018-04-28 19:41:06,092 INFO [org.apereo.cas.web.CasWebApplication] - <Started CasWebApplication in 76.356 seconds (JVM running for 84.048)>[m
[32m2018-04-28 19:41:16,930 INFO [org.apereo.cas.web.flow.InitialFlowSetupAction] - <Setting path for cookies for warn cookie generator to: [/cas/] >[m
[32m2018-04-28 19:41:16,930 INFO [org.apereo.cas.web.flow.InitialFlowSetupAction] - <Setting path for cookies for warn cookie generator to: [/cas/] >[m
[32m2018-04-28 19:41:17,022 INFO [org.apereo.inspektr.audit.support.Slf4jLoggingAuditTrailManager] - <Audit trail record BEGIN
=============================================================
WHO: audit:unknown
WHAT: [event=success,timestamp=Sat Apr 28 19:41:16 CEST 2018,source=RankedAuthenticationProviderWebflowEventResolver]
ACTION: AUTHENTICATION_EVENT_TRIGGERED
APPLICATION: CAS
WHEN: Sat Apr 28 19:41:17 CEST 2018
CLIENT IP ADDRESS: 0:0:0:0:0:0:0:1
SERVER IP ADDRESS: 0:0:0:0:0:0:0:1
=============================================================

>[m
[32m2018-04-28 19:41:17,022 INFO [org.apereo.inspektr.audit.support.Slf4jLoggingAuditTrailManager] - <Audit trail record BEGIN
=============================================================
WHO: audit:unknown
WHAT: [event=success,timestamp=Sat Apr 28 19:41:16 CEST 2018,source=RankedAuthenticationProviderWebflowEventResolver]
ACTION: AUTHENTICATION_EVENT_TRIGGERED
APPLICATION: CAS
WHEN: Sat Apr 28 19:41:17 CEST 2018
CLIENT IP ADDRESS: 0:0:0:0:0:0:0:1
SERVER IP ADDRESS: 0:0:0:0:0:0:0:1
=============================================================

>[m
[33m2018-04-28 19:41:25,584 WARN [org.apereo.cas.services.AbstractResourceBasedServiceRegistryDao] - <[casSecuredApp.json] does not match the recommended pattern [\w+-\d+\.json]. While CAS tries to be forgiving as much as possible, it's recommended that you rename the file to match the request pattern to avoid issues with duplicate service loading. Future CAS versions may try to strictly force the naming syntax, refusing to load the file.>[m
[32m2018-04-28 19:41:25,597 INFO [org.apereo.cas.services.AbstractServicesManager] - <Loaded [1] service(s) from [JsonServiceRegistryDao].>[m
[32m2018-04-28 19:41:35,612 INFO [org.apereo.cas.ticket.registry.DefaultTicketRegistryCleaner] - <[0] expired tickets removed.>[m
[32m2018-04-28 19:42:00,026 INFO [org.apereo.inspektr.audit.support.Slf4jLoggingAuditTrailManager] - <Audit trail record BEGIN
=============================================================
WHO: audit:unknown
WHAT: [event=success,timestamp=Sat Apr 28 19:42:00 CEST 2018,source=RankedAuthenticationProviderWebflowEventResolver]
ACTION: AUTHENTICATION_EVENT_TRIGGERED
APPLICATION: CAS
WHEN: Sat Apr 28 19:42:00 CEST 2018
CLIENT IP ADDRESS: 0:0:0:0:0:0:0:1
SERVER IP ADDRESS: 0:0:0:0:0:0:0:1
=============================================================

>[m
[32m2018-04-28 19:42:00,026 INFO [org.apereo.inspektr.audit.support.Slf4jLoggingAuditTrailManager] - <Audit trail record BEGIN
=============================================================
WHO: audit:unknown
WHAT: [event=success,timestamp=Sat Apr 28 19:42:00 CEST 2018,source=RankedAuthenticationProviderWebflowEventResolver]
ACTION: AUTHENTICATION_EVENT_TRIGGERED
APPLICATION: CAS
WHEN: Sat Apr 28 19:42:00 CEST 2018
CLIENT IP ADDRESS: 0:0:0:0:0:0:0:1
SERVER IP ADDRESS: 0:0:0:0:0:0:0:1
=============================================================

>[m
[1;31m2018-04-28 19:42:10,434 ERROR [org.apereo.cas.authentication.PolicyBasedAuthenticationManager] - <Authentication has failed. Credentials may be incorrect or CAS cannot find authentication handler that supports [casuer] of type [UsernamePasswordCredential]. Examine the configuration to ensure a method of authentication is defined and analyze CAS logs at DEBUG level to trace the authentication event.>[m
[32m2018-04-28 19:42:10,439 INFO [org.apereo.inspektr.audit.support.Slf4jLoggingAuditTrailManager] - <Audit trail record BEGIN
=============================================================
WHO: casuer
WHAT: Supplied credentials: [casuer]
ACTION: AUTHENTICATION_SUCCESS
APPLICATION: CAS
WHEN: Sat Apr 28 19:42:10 CEST 2018
CLIENT IP ADDRESS: 0:0:0:0:0:0:0:1
SERVER IP ADDRESS: 0:0:0:0:0:0:0:1
=============================================================

>[m
[32m2018-04-28 19:42:10,439 INFO [org.apereo.inspektr.audit.support.Slf4jLoggingAuditTrailManager] - <Audit trail record BEGIN
=============================================================
WHO: casuer
WHAT: Supplied credentials: [casuer]
ACTION: AUTHENTICATION_SUCCESS
APPLICATION: CAS
WHEN: Sat Apr 28 19:42:10 CEST 2018
CLIENT IP ADDRESS: 0:0:0:0:0:0:0:1
SERVER IP ADDRESS: 0:0:0:0:0:0:0:1
=============================================================

>[m
[32m2018-04-28 19:42:16,481 INFO [org.apereo.cas.authentication.PolicyBasedAuthenticationManager] - <Authenticated principal [casuser] with attributes [{}] via credentials [[casuser]].>[m
[32m2018-04-28 19:42:16,482 INFO [org.apereo.inspektr.audit.support.Slf4jLoggingAuditTrailManager] - <Audit trail record BEGIN
=============================================================
WHO: casuser
WHAT: Supplied credentials: [casuser]
ACTION: AUTHENTICATION_SUCCESS
APPLICATION: CAS
WHEN: Sat Apr 28 19:42:16 CEST 2018
CLIENT IP ADDRESS: 0:0:0:0:0:0:0:1
SERVER IP ADDRESS: 0:0:0:0:0:0:0:1
=============================================================

>[m
[32m2018-04-28 19:42:16,482 INFO [org.apereo.inspektr.audit.support.Slf4jLoggingAuditTrailManager] - <Audit trail record BEGIN
=============================================================
WHO: casuser
WHAT: Supplied credentials: [casuser]
ACTION: AUTHENTICATION_SUCCESS
APPLICATION: CAS
WHEN: Sat Apr 28 19:42:16 CEST 2018
CLIENT IP ADDRESS: 0:0:0:0:0:0:0:1
SERVER IP ADDRESS: 0:0:0:0:0:0:0:1
=============================================================

>[m
[32m2018-04-28 19:42:16,696 INFO [org.apereo.inspektr.audit.support.Slf4jLoggingAuditTrailManager] - <Audit trail record BEGIN
=============================================================
WHO: casuser
WHAT: TGT-**************************************************HPn9BL13AU-weXtBeBdXkb8-MacBook-Air-de-Rodrigo
ACTION: TICKET_GRANTING_TICKET_CREATED
APPLICATION: CAS
WHEN: Sat Apr 28 19:42:16 CEST 2018
CLIENT IP ADDRESS: 0:0:0:0:0:0:0:1
SERVER IP ADDRESS: 0:0:0:0:0:0:0:1
=============================================================

>[m
[32m2018-04-28 19:42:16,696 INFO [org.apereo.inspektr.audit.support.Slf4jLoggingAuditTrailManager] - <Audit trail record BEGIN
=============================================================
WHO: casuser
WHAT: TGT-**************************************************HPn9BL13AU-weXtBeBdXkb8-MacBook-Air-de-Rodrigo
ACTION: TICKET_GRANTING_TICKET_CREATED
APPLICATION: CAS
WHEN: Sat Apr 28 19:42:16 CEST 2018
CLIENT IP ADDRESS: 0:0:0:0:0:0:0:1
SERVER IP ADDRESS: 0:0:0:0:0:0:0:1
=============================================================

>[m
[32m2018-04-28 19:42:16,759 INFO [org.apereo.cas.DefaultCentralAuthenticationService] - <Granted ticket [ST-1-RyzpVQJlRGRBpfMViFUCmF9HqMU-MacBook-Air-de-Rodrigo] for service [http://localhost:9000/login/cas] and principal [casuser]>[m
[32m2018-04-28 19:42:16,761 INFO [org.apereo.inspektr.audit.support.Slf4jLoggingAuditTrailManager] - <Audit trail record BEGIN
=============================================================
WHO: casuser
WHAT: ST-1-RyzpVQJlRGRBpfMViFUCmF9HqMU-MacBook-Air-de-Rodrigo for http://localhost:9000/login/cas
ACTION: SERVICE_TICKET_CREATED
APPLICATION: CAS
WHEN: Sat Apr 28 19:42:16 CEST 2018
CLIENT IP ADDRESS: 0:0:0:0:0:0:0:1
SERVER IP ADDRESS: 0:0:0:0:0:0:0:1
=============================================================

>[m
[32m2018-04-28 19:42:16,761 INFO [org.apereo.inspektr.audit.support.Slf4jLoggingAuditTrailManager] - <Audit trail record BEGIN
=============================================================
WHO: casuser
WHAT: ST-1-RyzpVQJlRGRBpfMViFUCmF9HqMU-MacBook-Air-de-Rodrigo for http://localhost:9000/login/cas
ACTION: SERVICE_TICKET_CREATED
APPLICATION: CAS
WHEN: Sat Apr 28 19:42:16 CEST 2018
CLIENT IP ADDRESS: 0:0:0:0:0:0:0:1
SERVER IP ADDRESS: 0:0:0:0:0:0:0:1
=============================================================

>[m
[32m2018-04-28 19:42:17,374 INFO [org.apereo.inspektr.audit.support.Slf4jLoggingAuditTrailManager] - <Audit trail record BEGIN
=============================================================
WHO: casuser
WHAT: ST-1-RyzpVQJlRGRBpfMViFUCmF9HqMU-MacBook-Air-de-Rodrigo
ACTION: SERVICE_TICKET_VALIDATED
APPLICATION: CAS
WHEN: Sat Apr 28 19:42:17 CEST 2018
CLIENT IP ADDRESS: 127.0.0.1
SERVER IP ADDRESS: 127.0.0.1
=============================================================

>[m
[32m2018-04-28 19:42:17,374 INFO [org.apereo.inspektr.audit.support.Slf4jLoggingAuditTrailManager] - <Audit trail record BEGIN
=============================================================
WHO: casuser
WHAT: ST-1-RyzpVQJlRGRBpfMViFUCmF9HqMU-MacBook-Air-de-Rodrigo
ACTION: SERVICE_TICKET_VALIDATED
APPLICATION: CAS
WHEN: Sat Apr 28 19:42:17 CEST 2018
CLIENT IP ADDRESS: 127.0.0.1
SERVER IP ADDRESS: 127.0.0.1
=============================================================

>[m
[32m2018-04-28 19:42:23,405 INFO [org.apereo.cas.logout.DefaultLogoutManager] - <Performing logout operations for [TGT-**************************************************HPn9BL13AU-weXtBeBdXkb8-MacBook-Air-de-Rodrigo]>[m
[32m2018-04-28 19:42:23,416 INFO [org.apereo.cas.logout.DefaultLogoutManager] - <[0] logout requests were processed>[m
[32m2018-04-28 19:42:23,420 INFO [org.apereo.inspektr.audit.support.Slf4jLoggingAuditTrailManager] - <Audit trail record BEGIN
=============================================================
WHO: casuser
WHAT: TGT-**************************************************HPn9BL13AU-weXtBeBdXkb8-MacBook-Air-de-Rodrigo
ACTION: TICKET_GRANTING_TICKET_DESTROYED
APPLICATION: CAS
WHEN: Sat Apr 28 19:42:23 CEST 2018
CLIENT IP ADDRESS: 0:0:0:0:0:0:0:1
SERVER IP ADDRESS: 0:0:0:0:0:0:0:1
=============================================================

>[m
[32m2018-04-28 19:42:23,420 INFO [org.apereo.inspektr.audit.support.Slf4jLoggingAuditTrailManager] - <Audit trail record BEGIN
=============================================================
WHO: casuser
WHAT: TGT-**************************************************HPn9BL13AU-weXtBeBdXkb8-MacBook-Air-de-Rodrigo
ACTION: TICKET_GRANTING_TICKET_DESTROYED
APPLICATION: CAS
WHEN: Sat Apr 28 19:42:23 CEST 2018
CLIENT IP ADDRESS: 0:0:0:0:0:0:0:1
SERVER IP ADDRESS: 0:0:0:0:0:0:0:1
=============================================================

>[m
[33m2018-04-28 19:42:25,602 WARN [org.apereo.cas.services.AbstractResourceBasedServiceRegistryDao] - <[casSecuredApp.json] does not match the recommended pattern [\w+-\d+\.json]. While CAS tries to be forgiving as much as possible, it's recommended that you rename the file to match the request pattern to avoid issues with duplicate service loading. Future CAS versions may try to strictly force the naming syntax, refusing to load the file.>[m
[32m2018-04-28 19:42:25,611 INFO [org.apereo.cas.services.AbstractServicesManager] - <Loaded [1] service(s) from [JsonServiceRegistryDao].>[m
[33m2018-04-28 19:43:25,616 WARN [org.apereo.cas.services.AbstractResourceBasedServiceRegistryDao] - <[casSecuredApp.json] does not match the recommended pattern [\w+-\d+\.json]. While CAS tries to be forgiving as much as possible, it's recommended that you rename the file to match the request pattern to avoid issues with duplicate service loading. Future CAS versions may try to strictly force the naming syntax, refusing to load the file.>[m
[32m2018-04-28 19:43:25,623 INFO [org.apereo.cas.services.AbstractServicesManager] - <Loaded [1] service(s) from [JsonServiceRegistryDao].>[m
[32m2018-04-28 19:43:35,616 INFO [org.apereo.cas.ticket.registry.DefaultTicketRegistryCleaner] - <[0] expired tickets removed.>[m
[33m2018-04-28 19:44:25,625 WARN [org.apereo.cas.services.AbstractResourceBasedServiceRegistryDao] - <[casSecuredApp.json] does not match the recommended pattern [\w+-\d+\.json]. While CAS tries to be forgiving as much as possible, it's recommended that you rename the file to match the request pattern to avoid issues with duplicate service loading. Future CAS versions may try to strictly force the naming syntax, refusing to load the file.>[m
[32m2018-04-28 19:44:25,631 INFO [org.apereo.cas.services.AbstractServicesManager] - <Loaded [1] service(s) from [JsonServiceRegistryDao].>[m
[33m2018-04-28 19:45:25,632 WARN [org.apereo.cas.services.AbstractResourceBasedServiceRegistryDao] - <[casSecuredApp.json] does not match the recommended pattern [\w+-\d+\.json]. While CAS tries to be forgiving as much as possible, it's recommended that you rename the file to match the request pattern to avoid issues with duplicate service loading. Future CAS versions may try to strictly force the naming syntax, refusing to load the file.>[m
[32m2018-04-28 19:45:25,635 INFO [org.apereo.cas.services.AbstractServicesManager] - <Loaded [1] service(s) from [JsonServiceRegistryDao].>[m
[32m2018-04-28 19:45:35,621 INFO [org.apereo.cas.ticket.registry.DefaultTicketRegistryCleaner] - <[0] expired tickets removed.>[m
[33m2018-04-28 19:46:25,638 WARN [org.apereo.cas.services.AbstractResourceBasedServiceRegistryDao] - <[casSecuredApp.json] does not match the recommended pattern [\w+-\d+\.json]. While CAS tries to be forgiving as much as possible, it's recommended that you rename the file to match the request pattern to avoid issues with duplicate service loading. Future CAS versions may try to strictly force the naming syntax, refusing to load the file.>[m
[32m2018-04-28 19:46:25,644 INFO [org.apereo.cas.services.AbstractServicesManager] - <Loaded [1] service(s) from [JsonServiceRegistryDao].>[m
[33m2018-04-28 19:47:11,039 WARN [org.apereo.cas.services.AbstractResourceBasedServiceRegistryDao] - <[casSecuredApp.json] does not match the recommended pattern [\w+-\d+\.json]. While CAS tries to be forgiving as much as possible, it's recommended that you rename the file to match the request pattern to avoid issues with duplicate service loading. Future CAS versions may try to strictly force the naming syntax, refusing to load the file.>[m
[32m2018-04-28 19:47:15,777 INFO [org.apereo.cas.support.events.listener.CasConfigurationEventListener] - <Received event [org.apereo.cas.support.events.config.CasConfigurationModifiedEvent@41c88555[],/etc/cas/config/cas.properties,false]. Refreshing CAS configuration...>[m
[32m2018-04-28 19:47:17,827 INFO [org.apereo.cas.configuration.config.CasCoreBootstrapStandaloneConfiguration] - <Configuration files found at [/etc/cas/config] are [[/etc/cas/config/application.yml, /etc/cas/config/cas.properties]]>[m
[32m2018-04-28 19:47:17,831 INFO [org.apereo.cas.configuration.config.CasCoreBootstrapStandaloneConfiguration] - <Found and loaded [2] setting(s) from [/etc/cas/config]>[m
[32m2018-04-28 19:47:17,832 INFO [org.springframework.cloud.bootstrap.config.PropertySourceBootstrapConfiguration] - <Located property source: PropertiesPropertySource {name='standaloneCasConfigService'}>[m
[32m2018-04-28 19:47:18,008 INFO [org.apereo.cas.support.events.listener.CasConfigurationEventListener] - <Refreshing CAS configuration. Stand by...>[m
[32m2018-04-28 19:47:18,627 INFO [org.apereo.cas.support.events.listener.CasConfigurationEventListener] - <Refreshing CAS configuration. Stand by...>[m
[32m2018-04-28 19:47:18,640 INFO [org.apereo.cas.support.events.listener.CasConfigurationEventListener] - <CAS finished rebinding configuration with new settings [[]]>[m
[33m2018-04-28 19:47:21,027 WARN [org.apereo.cas.services.AbstractResourceBasedServiceRegistryDao] - <Found a service definition [^http://localhost:9000/login/cas] with a duplicate id [19991]. This will overwrite previous service definitions and is likely a configuration problem. Make sure all services have a unique id and try again.>[m
[32m2018-04-28 19:47:25,662 INFO [org.apereo.cas.services.AbstractServicesManager] - <Loaded [1] service(s) from [JsonServiceRegistryDao].>[m
[32m2018-04-28 19:48:25,667 INFO [org.apereo.cas.services.AbstractServicesManager] - <Loaded [1] service(s) from [JsonServiceRegistryDao].>[m
[32m2018-04-28 19:48:45,715 INFO [org.apereo.cas.web.CasWebApplicationContext] - <Closing CasWebApplicationContext>[m
[33m2018-04-28 19:48:45,818 WARN [org.apereo.cas.util.io.PathWatcherService] - <Directory key is no longer valid. Quitting watcher service>[m
