[32m2018-04-28 20:00:46,535 INFO [org.apereo.cas.configuration.config.CasCoreBootstrapStandaloneConfiguration] - <Configuration files found at [/etc/cas/config] are [[/etc/cas/config/application.yml, /etc/cas/config/cas.properties]]>[m
[32m2018-04-28 20:00:46,604 INFO [org.apereo.cas.configuration.config.CasCoreBootstrapStandaloneConfiguration] - <Found and loaded [2] setting(s) from [/etc/cas/config]>[m
[32m2018-04-28 20:00:46,607 INFO [org.springframework.cloud.bootstrap.config.PropertySourceBootstrapConfiguration] - <Located property source: PropertiesPropertySource {name='standaloneCasConfigService'}>[m
[32m2018-04-28 20:00:46,626 INFO [org.apereo.cas.web.CasWebApplicationServletInitializer] - <The following profiles are active: standalone>[m
[33m2018-04-28 20:00:53,551 WARN [org.apereo.cas.config.CasCoreTicketsConfiguration] - <Runtime memory is used as the persistence storage for retrieving and managing tickets. Tickets that are issued during runtime will be LOST upon container restarts. This MAY impact SSO functionality.>[m
[32m2018-04-28 20:00:53,556 INFO [org.apereo.cas.configuration.support.Beans] - <Ticket registry encryption/signing is turned off. This MAY NOT be safe in a clustered production environment. Consider using other choices to handle encryption, signing and verification of ticket registry tickets, and verify the chosen ticket registry does support this behavior.>[m
[33m2018-04-28 20:01:00,797 WARN [org.apereo.cas.config.support.authentication.AcceptUsersAuthenticationEventExecutionPlanConfiguration] - <[36m>[m
[33m2018-04-28 20:01:00,807 WARN [org.apereo.cas.config.support.authentication.AcceptUsersAuthenticationEventExecutionPlanConfiguration] - <

  ____    _____    ___    ____    _ 
 / ___|  |_   _|  / _ \  |  _ \  | |
 \___ \    | |   | | | | | |_) | | |
  ___) |   | |   | |_| | |  __/  |_|
 |____/    |_|    \___/  |_|     (_)
                                    

CAS is configured to accept a static list of credentials for authentication. While this is generally useful for demo purposes, it is STRONGLY recommended that you DISABLE this authentication method (by setting 'cas.authn.accept.users' to a blank value) and switch to a mode that is more suitable for production.>[m
[33m2018-04-28 20:01:00,808 WARN [org.apereo.cas.config.support.authentication.AcceptUsersAuthenticationEventExecutionPlanConfiguration] - <[0m>[m
[32m2018-04-28 20:01:12,194 INFO [org.apereo.cas.services.AbstractResourceBasedServiceRegistryDao] - <Setting up a watch for service registry directory at [/Users/Rodrigo/Desarrollos/SandBox/SSO/cas/cas-server/cas-overlay-server/etc/cas/services]>[m
[32m2018-04-28 20:01:26,099 INFO [org.apereo.cas.support.events.listener.CasConfigurationEventListener] - <Refreshing CAS configuration. Stand by...>[m
[32m2018-04-28 20:01:30,401 INFO [org.apereo.cas.services.AbstractServicesManager] - <Loaded [1] service(s) from [JsonServiceRegistryDao].>[m
[33m2018-04-28 20:01:31,332 WARN [org.apereo.cas.util.cipher.BaseStringCipherExecutor] - <Secret key for encryption is not defined for [Ticket-granting Cookie]; CAS will attempt to auto-generate the encryption key>[m
[33m2018-04-28 20:01:31,370 WARN [org.apereo.cas.util.cipher.BaseStringCipherExecutor] - <Generated encryption key [ntPfUwFsNnIGiZ_Vf8c_luWp2mmbdvcb3EYCUuOR4l0] of size [256] for [Ticket-granting Cookie]. The generated key MUST be added to CAS settings under setting [cas.tgc.crypto.encryption.key].>[m
[33m2018-04-28 20:01:31,381 WARN [org.apereo.cas.util.cipher.BaseStringCipherExecutor] - <Secret key for signing is not defined for [Ticket-granting Cookie]. CAS will attempt to auto-generate the signing key>[m
[33m2018-04-28 20:01:31,381 WARN [org.apereo.cas.util.cipher.BaseStringCipherExecutor] - <Generated signing key [kOt77DhgaPwkeP6LMuVa-_Nsj3k27Tf80ae83pcrSDfj3D2L-7fT8SE_2qcnEXdNm8V5d8AeaGgQNvlRq-apEQ] of size [512] for [Ticket-granting Cookie]. The generated key MUST be added to CAS settings under setting [cas.tgc.crypto.signing.key].>[m
[33m2018-04-28 20:01:32,476 WARN [org.apereo.cas.util.cipher.BaseBinaryCipherExecutor] - <Secret key for signing is not defined under [cas.webflow.crypto.signing.key]. CAS will attempt to auto-generate the signing key>[m
[33m2018-04-28 20:01:32,476 WARN [org.apereo.cas.util.cipher.BaseBinaryCipherExecutor] - <Generated signing key [2q5gAqUZzngfzCbytkSRlRE1mQy4bjaPHzVXnBXq9saRrRDcrSvCa0hohfZt5UOHE2vBN8vbVzl_LTEj-cvUBg] of size [512]. The generated key MUST be added to CAS settings under setting [cas.webflow.crypto.signing.key].>[m
[33m2018-04-28 20:01:32,476 WARN [org.apereo.cas.util.cipher.BaseBinaryCipherExecutor] - <Secret key for encryption is not defined under [cas.webflow.crypto.encryption.key]. CAS will attempt to auto-generate the encryption key>[m
[33m2018-04-28 20:01:32,502 WARN [org.apereo.cas.util.cipher.BaseBinaryCipherExecutor] - <Generated encryption key [7hFO0-47W4pRWZ9R7pdoAg] of size [16]. The generated key MUST be added to CAS settings under setting [cas.webflow.crypto.encryption.key].>[m
[32m2018-04-28 20:01:32,734 INFO [org.apereo.cas.support.events.listener.DefaultCasEventListener] - <[36m>[m
[32m2018-04-28 20:01:32,742 INFO [org.apereo.cas.support.events.listener.DefaultCasEventListener] - <

  ____    _____      _      ____   __   __
 |  _ \  | ____|    / \    |  _ \  \ \ / /
 | |_) | |  _|     / _ \   | | | |  \ V / 
 |  _ <  | |___   / ___ \  | |_| |   | |  
 |_| \_\ |_____| /_/   \_\ |____/    |_|  
                                          
>[m
[32m2018-04-28 20:01:32,742 INFO [org.apereo.cas.support.events.listener.DefaultCasEventListener] - <[0m>[m
[32m2018-04-28 20:01:32,743 INFO [org.apereo.cas.support.events.listener.DefaultCasEventListener] - <Ready to process requests @ [2018-04-28T18:01:32.733Z]>[m
[32m2018-04-28 20:01:32,749 INFO [org.apereo.cas.web.CasWebApplicationServletInitializer] - <Started CasWebApplicationServletInitializer in 52.129 seconds (JVM running for 80.487)>[m
[32m2018-04-28 20:01:52,797 INFO [org.apereo.cas.services.AbstractServicesManager] - <Loaded [1] service(s) from [JsonServiceRegistryDao].>[m
[32m2018-04-28 20:02:02,869 INFO [org.apereo.cas.ticket.registry.DefaultTicketRegistryCleaner] - <[0] expired tickets removed.>[m
[32m2018-04-28 20:02:48,021 INFO [org.apereo.cas.web.flow.InitialFlowSetupAction] - <Setting path for cookies for warn cookie generator to: [/cas/] >[m
[32m2018-04-28 20:02:48,021 INFO [org.apereo.cas.web.flow.InitialFlowSetupAction] - <Setting path for cookies for warn cookie generator to: [/cas/] >[m
[32m2018-04-28 20:02:48,183 INFO [org.apereo.inspektr.audit.support.Slf4jLoggingAuditTrailManager] - <Audit trail record BEGIN
=============================================================
WHO: audit:unknown
WHAT: [event=success,timestamp=Sat Apr 28 20:02:48 CEST 2018,source=RankedAuthenticationProviderWebflowEventResolver]
ACTION: AUTHENTICATION_EVENT_TRIGGERED
APPLICATION: CAS
WHEN: Sat Apr 28 20:02:48 CEST 2018
CLIENT IP ADDRESS: 0:0:0:0:0:0:0:1
SERVER IP ADDRESS: 0:0:0:0:0:0:0:1
=============================================================

>[m
[32m2018-04-28 20:02:48,183 INFO [org.apereo.inspektr.audit.support.Slf4jLoggingAuditTrailManager] - <Audit trail record BEGIN
=============================================================
WHO: audit:unknown
WHAT: [event=success,timestamp=Sat Apr 28 20:02:48 CEST 2018,source=RankedAuthenticationProviderWebflowEventResolver]
ACTION: AUTHENTICATION_EVENT_TRIGGERED
APPLICATION: CAS
WHEN: Sat Apr 28 20:02:48 CEST 2018
CLIENT IP ADDRESS: 0:0:0:0:0:0:0:1
SERVER IP ADDRESS: 0:0:0:0:0:0:0:1
=============================================================

>[m
[32m2018-04-28 20:02:52,809 INFO [org.apereo.cas.services.AbstractServicesManager] - <Loaded [1] service(s) from [JsonServiceRegistryDao].>[m
[32m2018-04-28 20:03:33,921 INFO [org.apereo.inspektr.audit.support.Slf4jLoggingAuditTrailManager] - <Audit trail record BEGIN
=============================================================
WHO: audit:unknown
WHAT: [event=success,timestamp=Sat Apr 28 20:03:33 CEST 2018,source=RankedAuthenticationProviderWebflowEventResolver]
ACTION: AUTHENTICATION_EVENT_TRIGGERED
APPLICATION: CAS
WHEN: Sat Apr 28 20:03:33 CEST 2018
CLIENT IP ADDRESS: 0:0:0:0:0:0:0:1
SERVER IP ADDRESS: 0:0:0:0:0:0:0:1
=============================================================

>[m
[32m2018-04-28 20:03:33,921 INFO [org.apereo.inspektr.audit.support.Slf4jLoggingAuditTrailManager] - <Audit trail record BEGIN
=============================================================
WHO: audit:unknown
WHAT: [event=success,timestamp=Sat Apr 28 20:03:33 CEST 2018,source=RankedAuthenticationProviderWebflowEventResolver]
ACTION: AUTHENTICATION_EVENT_TRIGGERED
APPLICATION: CAS
WHEN: Sat Apr 28 20:03:33 CEST 2018
CLIENT IP ADDRESS: 0:0:0:0:0:0:0:1
SERVER IP ADDRESS: 0:0:0:0:0:0:0:1
=============================================================

>[m
[32m2018-04-28 20:03:41,230 INFO [org.apereo.cas.authentication.PolicyBasedAuthenticationManager] - <Authenticated principal [casuser] with attributes [{}] via credentials [[casuser]].>[m
[32m2018-04-28 20:03:41,233 INFO [org.apereo.inspektr.audit.support.Slf4jLoggingAuditTrailManager] - <Audit trail record BEGIN
=============================================================
WHO: casuser
WHAT: Supplied credentials: [casuser]
ACTION: AUTHENTICATION_SUCCESS
APPLICATION: CAS
WHEN: Sat Apr 28 20:03:41 CEST 2018
CLIENT IP ADDRESS: 0:0:0:0:0:0:0:1
SERVER IP ADDRESS: 0:0:0:0:0:0:0:1
=============================================================

>[m
[32m2018-04-28 20:03:41,233 INFO [org.apereo.inspektr.audit.support.Slf4jLoggingAuditTrailManager] - <Audit trail record BEGIN
=============================================================
WHO: casuser
WHAT: Supplied credentials: [casuser]
ACTION: AUTHENTICATION_SUCCESS
APPLICATION: CAS
WHEN: Sat Apr 28 20:03:41 CEST 2018
CLIENT IP ADDRESS: 0:0:0:0:0:0:0:1
SERVER IP ADDRESS: 0:0:0:0:0:0:0:1
=============================================================

>[m
[32m2018-04-28 20:03:41,545 INFO [org.apereo.inspektr.audit.support.Slf4jLoggingAuditTrailManager] - <Audit trail record BEGIN
=============================================================
WHO: casuser
WHAT: TGT-***************************************************************YpxraNFUIo-MacBook-Air-de-Rodrigo
ACTION: TICKET_GRANTING_TICKET_CREATED
APPLICATION: CAS
WHEN: Sat Apr 28 20:03:41 CEST 2018
CLIENT IP ADDRESS: 0:0:0:0:0:0:0:1
SERVER IP ADDRESS: 0:0:0:0:0:0:0:1
=============================================================

>[m
[32m2018-04-28 20:03:41,545 INFO [org.apereo.inspektr.audit.support.Slf4jLoggingAuditTrailManager] - <Audit trail record BEGIN
=============================================================
WHO: casuser
WHAT: TGT-***************************************************************YpxraNFUIo-MacBook-Air-de-Rodrigo
ACTION: TICKET_GRANTING_TICKET_CREATED
APPLICATION: CAS
WHEN: Sat Apr 28 20:03:41 CEST 2018
CLIENT IP ADDRESS: 0:0:0:0:0:0:0:1
SERVER IP ADDRESS: 0:0:0:0:0:0:0:1
=============================================================

>[m
[32m2018-04-28 20:03:41,614 INFO [org.apereo.cas.DefaultCentralAuthenticationService] - <Granted ticket [ST-1-kWBmwqpd2MGKgY4Wrnb0aJUXEe0-MacBook-Air-de-Rodrigo] for service [http://localhost:9000/login/cas] and principal [casuser]>[m
[32m2018-04-28 20:03:41,616 INFO [org.apereo.inspektr.audit.support.Slf4jLoggingAuditTrailManager] - <Audit trail record BEGIN
=============================================================
WHO: casuser
WHAT: ST-1-kWBmwqpd2MGKgY4Wrnb0aJUXEe0-MacBook-Air-de-Rodrigo for http://localhost:9000/login/cas
ACTION: SERVICE_TICKET_CREATED
APPLICATION: CAS
WHEN: Sat Apr 28 20:03:41 CEST 2018
CLIENT IP ADDRESS: 0:0:0:0:0:0:0:1
SERVER IP ADDRESS: 0:0:0:0:0:0:0:1
=============================================================

>[m
[32m2018-04-28 20:03:41,616 INFO [org.apereo.inspektr.audit.support.Slf4jLoggingAuditTrailManager] - <Audit trail record BEGIN
=============================================================
WHO: casuser
WHAT: ST-1-kWBmwqpd2MGKgY4Wrnb0aJUXEe0-MacBook-Air-de-Rodrigo for http://localhost:9000/login/cas
ACTION: SERVICE_TICKET_CREATED
APPLICATION: CAS
WHEN: Sat Apr 28 20:03:41 CEST 2018
CLIENT IP ADDRESS: 0:0:0:0:0:0:0:1
SERVER IP ADDRESS: 0:0:0:0:0:0:0:1
=============================================================

>[m
[32m2018-04-28 20:03:42,534 INFO [org.apereo.inspektr.audit.support.Slf4jLoggingAuditTrailManager] - <Audit trail record BEGIN
=============================================================
WHO: casuser
WHAT: ST-1-kWBmwqpd2MGKgY4Wrnb0aJUXEe0-MacBook-Air-de-Rodrigo
ACTION: SERVICE_TICKET_VALIDATED
APPLICATION: CAS
WHEN: Sat Apr 28 20:03:42 CEST 2018
CLIENT IP ADDRESS: 127.0.0.1
SERVER IP ADDRESS: 127.0.0.1
=============================================================

>[m
[32m2018-04-28 20:03:42,534 INFO [org.apereo.inspektr.audit.support.Slf4jLoggingAuditTrailManager] - <Audit trail record BEGIN
=============================================================
WHO: casuser
WHAT: ST-1-kWBmwqpd2MGKgY4Wrnb0aJUXEe0-MacBook-Air-de-Rodrigo
ACTION: SERVICE_TICKET_VALIDATED
APPLICATION: CAS
WHEN: Sat Apr 28 20:03:42 CEST 2018
CLIENT IP ADDRESS: 127.0.0.1
SERVER IP ADDRESS: 127.0.0.1
=============================================================

>[m
[32m2018-04-28 20:03:52,815 INFO [org.apereo.cas.services.AbstractServicesManager] - <Loaded [1] service(s) from [JsonServiceRegistryDao].>[m
[32m2018-04-28 20:04:02,891 INFO [org.apereo.cas.ticket.registry.DefaultTicketRegistryCleaner] - <[0] expired tickets removed.>[m
[32m2018-04-28 20:04:52,825 INFO [org.apereo.cas.services.AbstractServicesManager] - <Loaded [1] service(s) from [JsonServiceRegistryDao].>[m
[32m2018-04-28 20:05:52,850 INFO [org.apereo.cas.services.AbstractServicesManager] - <Loaded [1] service(s) from [JsonServiceRegistryDao].>[m
[32m2018-04-28 20:06:02,892 INFO [org.apereo.cas.ticket.registry.DefaultTicketRegistryCleaner] - <[0] expired tickets removed.>[m
[32m2018-04-28 20:06:52,866 INFO [org.apereo.cas.services.AbstractServicesManager] - <Loaded [1] service(s) from [JsonServiceRegistryDao].>[m
[32m2018-04-28 20:07:52,878 INFO [org.apereo.cas.services.AbstractServicesManager] - <Loaded [1] service(s) from [JsonServiceRegistryDao].>[m
[32m2018-04-28 20:14:44,556 INFO [org.apereo.cas.ticket.registry.DefaultTicketRegistryCleaner] - <[0] expired tickets removed.>[m
[32m2018-04-28 20:15:38,886 INFO [org.apereo.cas.services.AbstractServicesManager] - <Loaded [1] service(s) from [JsonServiceRegistryDao].>[m
[32m2018-04-28 20:16:39,013 INFO [org.apereo.cas.services.AbstractServicesManager] - <Loaded [1] service(s) from [JsonServiceRegistryDao].>[m
[32m2018-04-28 20:16:48,926 INFO [org.apereo.cas.ticket.registry.DefaultTicketRegistryCleaner] - <[0] expired tickets removed.>[m
[32m2018-04-28 20:17:39,031 INFO [org.apereo.cas.services.AbstractServicesManager] - <Loaded [1] service(s) from [JsonServiceRegistryDao].>[m
[32m2018-04-28 20:18:39,082 INFO [org.apereo.cas.services.AbstractServicesManager] - <Loaded [1] service(s) from [JsonServiceRegistryDao].>[m
[32m2018-04-28 20:18:48,930 INFO [org.apereo.cas.ticket.registry.DefaultTicketRegistryCleaner] - <[0] expired tickets removed.>[m
[32m2018-04-28 20:19:39,099 INFO [org.apereo.cas.services.AbstractServicesManager] - <Loaded [1] service(s) from [JsonServiceRegistryDao].>[m
[32m2018-04-28 20:20:39,112 INFO [org.apereo.cas.services.AbstractServicesManager] - <Loaded [1] service(s) from [JsonServiceRegistryDao].>[m
[32m2018-04-28 20:20:48,936 INFO [org.apereo.cas.ticket.registry.DefaultTicketRegistryCleaner] - <[0] expired tickets removed.>[m
[32m2018-04-28 20:21:39,130 INFO [org.apereo.cas.services.AbstractServicesManager] - <Loaded [1] service(s) from [JsonServiceRegistryDao].>[m
[32m2018-04-28 20:22:39,163 INFO [org.apereo.cas.services.AbstractServicesManager] - <Loaded [1] service(s) from [JsonServiceRegistryDao].>[m
[32m2018-04-28 20:22:48,940 INFO [org.apereo.cas.ticket.registry.DefaultTicketRegistryCleaner] - <[0] expired tickets removed.>[m
[32m2018-04-28 20:23:39,167 INFO [org.apereo.cas.services.AbstractServicesManager] - <Loaded [1] service(s) from [JsonServiceRegistryDao].>[m
[32m2018-04-28 20:24:39,172 INFO [org.apereo.cas.services.AbstractServicesManager] - <Loaded [1] service(s) from [JsonServiceRegistryDao].>[m
[32m2018-04-28 20:24:48,940 INFO [org.apereo.cas.ticket.registry.DefaultTicketRegistryCleaner] - <[0] expired tickets removed.>[m
[32m2018-04-28 20:25:39,198 INFO [org.apereo.cas.services.AbstractServicesManager] - <Loaded [1] service(s) from [JsonServiceRegistryDao].>[m
[32m2018-04-28 20:26:39,212 INFO [org.apereo.cas.services.AbstractServicesManager] - <Loaded [1] service(s) from [JsonServiceRegistryDao].>[m
[32m2018-04-28 20:26:48,941 INFO [org.apereo.cas.ticket.registry.DefaultTicketRegistryCleaner] - <[0] expired tickets removed.>[m
[32m2018-04-28 20:27:39,234 INFO [org.apereo.cas.services.AbstractServicesManager] - <Loaded [1] service(s) from [JsonServiceRegistryDao].>[m
[32m2018-04-28 20:28:39,238 INFO [org.apereo.cas.services.AbstractServicesManager] - <Loaded [1] service(s) from [JsonServiceRegistryDao].>[m
[32m2018-04-28 20:28:48,946 INFO [org.apereo.cas.ticket.registry.DefaultTicketRegistryCleaner] - <[0] expired tickets removed.>[m
[32m2018-04-28 20:29:39,254 INFO [org.apereo.cas.services.AbstractServicesManager] - <Loaded [1] service(s) from [JsonServiceRegistryDao].>[m
[32m2018-04-28 20:30:39,277 INFO [org.apereo.cas.services.AbstractServicesManager] - <Loaded [1] service(s) from [JsonServiceRegistryDao].>[m
[32m2018-04-28 20:30:48,958 INFO [org.apereo.cas.ticket.registry.DefaultTicketRegistryCleaner] - <[0] expired tickets removed.>[m
[32m2018-04-28 20:31:39,305 INFO [org.apereo.cas.services.AbstractServicesManager] - <Loaded [1] service(s) from [JsonServiceRegistryDao].>[m
[33m2018-04-28 20:32:35,762 WARN [org.apereo.cas.util.io.PathWatcherService] - <Directory key is no longer valid. Quitting watcher service>[m
