[32m2018-04-28 16:20:34,062 INFO [org.apereo.cas.configuration.config.CasCoreBootstrapStandaloneConfiguration] - <Configuration files found at [/etc/cas/config] are [[/etc/cas/config/application.yml, /etc/cas/config/cas.properties]]>[m
[32m2018-04-28 16:20:34,108 INFO [org.apereo.cas.configuration.config.CasCoreBootstrapStandaloneConfiguration] - <Found and loaded [0] setting(s) from [/etc/cas/config]>[m
[32m2018-04-28 16:20:34,110 INFO [org.springframework.cloud.bootstrap.config.PropertySourceBootstrapConfiguration] - <Located property source: PropertiesPropertySource {name='standaloneCasConfigService'}>[m
[32m2018-04-28 16:20:34,124 INFO [org.apereo.cas.web.CasWebApplicationServletInitializer] - <The following profiles are active: standalone>[m
[33m2018-04-28 16:20:41,641 WARN [org.apereo.cas.config.CasCoreTicketsConfiguration] - <Runtime memory is used as the persistence storage for retrieving and managing tickets. Tickets that are issued during runtime will be LOST upon container restarts. This MAY impact SSO functionality.>[m
[32m2018-04-28 16:20:41,647 INFO [org.apereo.cas.configuration.support.Beans] - <Ticket registry encryption/signing is turned off. This MAY NOT be safe in a clustered production environment. Consider using other choices to handle encryption, signing and verification of ticket registry tickets, and verify the chosen ticket registry does support this behavior.>[m
[33m2018-04-28 16:20:49,335 WARN [org.apereo.cas.config.support.authentication.AcceptUsersAuthenticationEventExecutionPlanConfiguration] - <[36m>[m
[33m2018-04-28 16:20:49,344 WARN [org.apereo.cas.config.support.authentication.AcceptUsersAuthenticationEventExecutionPlanConfiguration] - <

  ____    _____    ___    ____    _ 
 / ___|  |_   _|  / _ \  |  _ \  | |
 \___ \    | |   | | | | | |_) | | |
  ___) |   | |   | |_| | |  __/  |_|
 |____/    |_|    \___/  |_|     (_)
                                    

CAS is configured to accept a static list of credentials for authentication. While this is generally useful for demo purposes, it is STRONGLY recommended that you DISABLE this authentication method (by setting 'cas.authn.accept.users' to a blank value) and switch to a mode that is more suitable for production.>[m
[33m2018-04-28 16:20:49,346 WARN [org.apereo.cas.config.support.authentication.AcceptUsersAuthenticationEventExecutionPlanConfiguration] - <[0m>[m
[32m2018-04-28 16:21:21,520 INFO [org.apereo.cas.support.events.listener.CasConfigurationEventListener] - <Refreshing CAS configuration. Stand by...>[m
[33m2018-04-28 16:21:25,107 WARN [org.apereo.cas.config.CasCoreServicesConfiguration] - <Runtime memory is used as the persistence storage for retrieving and persisting service definitions. Changes that are made to service definitions during runtime WILL be LOST upon container restarts. Ideally for production, you need to choose a storage option (JDBC, etc) to store and track service definitions.>[m
[32m2018-04-28 16:21:25,174 INFO [org.apereo.cas.services.AbstractServicesManager] - <Loaded [0] service(s) from [InMemoryServiceRegistry].>[m
[32m2018-04-28 16:21:25,605 INFO [org.apereo.cas.services.ServiceRegistryInitializer] - <The service registry database backed by [InMemoryServiceRegistry] will not be initialized from JSON services. If the service registry database ends up empty, CAS will refuse to authenticate services until service definitions are added to the registry. To auto-initialize the service registry, set 'cas.serviceRegistry.initFromJson=true' in your CAS settings.>[m
[33m2018-04-28 16:21:26,216 WARN [org.apereo.cas.util.cipher.BaseStringCipherExecutor] - <Secret key for encryption is not defined for [Ticket-granting Cookie]; CAS will attempt to auto-generate the encryption key>[m
[33m2018-04-28 16:21:26,254 WARN [org.apereo.cas.util.cipher.BaseStringCipherExecutor] - <Generated encryption key [5lmb1VK7hf_nS6HyA03otHId1e2LURICm6eJWVT4xjw] of size [256] for [Ticket-granting Cookie]. The generated key MUST be added to CAS settings under setting [cas.tgc.crypto.encryption.key].>[m
[33m2018-04-28 16:21:26,265 WARN [org.apereo.cas.util.cipher.BaseStringCipherExecutor] - <Secret key for signing is not defined for [Ticket-granting Cookie]. CAS will attempt to auto-generate the signing key>[m
[33m2018-04-28 16:21:26,271 WARN [org.apereo.cas.util.cipher.BaseStringCipherExecutor] - <Generated signing key [r87rPLNimEF_sHaYPjftRiE0V1J9i6n48zjnbo7mpuDeneUrWqueto7LSWDtR6rLQ91REmdZ6fE4_sSD6UUfMg] of size [512] for [Ticket-granting Cookie]. The generated key MUST be added to CAS settings under setting [cas.tgc.crypto.signing.key].>[m
[33m2018-04-28 16:21:28,600 WARN [org.apereo.cas.util.cipher.BaseBinaryCipherExecutor] - <Secret key for signing is not defined under [cas.webflow.crypto.signing.key]. CAS will attempt to auto-generate the signing key>[m
[33m2018-04-28 16:21:28,603 WARN [org.apereo.cas.util.cipher.BaseBinaryCipherExecutor] - <Generated signing key [C2E2obyoAS1H4tTQYBJ67LAFPAZnhrCeWd6MRS2TjaPr16_7AdFEeooQ8DOocsa0AumdMVCCIJiT70jqgpEGfw] of size [512]. The generated key MUST be added to CAS settings under setting [cas.webflow.crypto.signing.key].>[m
[33m2018-04-28 16:21:28,604 WARN [org.apereo.cas.util.cipher.BaseBinaryCipherExecutor] - <Secret key for encryption is not defined under [cas.webflow.crypto.encryption.key]. CAS will attempt to auto-generate the encryption key>[m
[33m2018-04-28 16:21:28,634 WARN [org.apereo.cas.util.cipher.BaseBinaryCipherExecutor] - <Generated encryption key [U13Os8Q-efYmBz3HFN5W8Q] of size [16]. The generated key MUST be added to CAS settings under setting [cas.webflow.crypto.encryption.key].>[m
[32m2018-04-28 16:21:28,931 INFO [org.apereo.cas.support.events.listener.DefaultCasEventListener] - <[36m>[m
[32m2018-04-28 16:21:28,937 INFO [org.apereo.cas.support.events.listener.DefaultCasEventListener] - <

  ____    _____      _      ____   __   __
 |  _ \  | ____|    / \    |  _ \  \ \ / /
 | |_) | |  _|     / _ \   | | | |  \ V / 
 |  _ <  | |___   / ___ \  | |_| |   | |  
 |_| \_\ |_____| /_/   \_\ |____/    |_|  
                                          
>[m
[32m2018-04-28 16:21:28,938 INFO [org.apereo.cas.support.events.listener.DefaultCasEventListener] - <[0m>[m
[32m2018-04-28 16:21:28,938 INFO [org.apereo.cas.support.events.listener.DefaultCasEventListener] - <Ready to process requests @ [2018-04-28T14:21:28.929Z]>[m
[32m2018-04-28 16:21:28,944 INFO [org.apereo.cas.web.CasWebApplicationServletInitializer] - <Started CasWebApplicationServletInitializer in 60.181 seconds (JVM running for 88.895)>[m
[32m2018-04-28 16:21:48,939 INFO [org.apereo.cas.services.AbstractServicesManager] - <Loaded [0] service(s) from [InMemoryServiceRegistry].>[m
[32m2018-04-28 16:21:59,093 INFO [org.apereo.cas.ticket.registry.DefaultTicketRegistryCleaner] - <[0] expired tickets removed.>[m
[32m2018-04-28 16:22:48,943 INFO [org.apereo.cas.services.AbstractServicesManager] - <Loaded [0] service(s) from [InMemoryServiceRegistry].>[m
[32m2018-04-28 16:23:48,946 INFO [org.apereo.cas.services.AbstractServicesManager] - <Loaded [0] service(s) from [InMemoryServiceRegistry].>[m
[32m2018-04-28 16:23:59,125 INFO [org.apereo.cas.ticket.registry.DefaultTicketRegistryCleaner] - <[0] expired tickets removed.>[m
[32m2018-04-28 16:24:48,952 INFO [org.apereo.cas.services.AbstractServicesManager] - <Loaded [0] service(s) from [InMemoryServiceRegistry].>[m
[32m2018-04-28 16:25:12,020 INFO [org.apereo.cas.web.flow.InitialFlowSetupAction] - <Setting path for cookies for warn cookie generator to: [/cas/] >[m
[32m2018-04-28 16:25:12,020 INFO [org.apereo.cas.web.flow.InitialFlowSetupAction] - <Setting path for cookies for warn cookie generator to: [/cas/] >[m
[32m2018-04-28 16:25:12,704 INFO [org.apereo.inspektr.audit.support.Slf4jLoggingAuditTrailManager] - <Audit trail record BEGIN
=============================================================
WHO: audit:unknown
WHAT: [event=success,timestamp=Sat Apr 28 16:25:12 CEST 2018,source=RankedAuthenticationProviderWebflowEventResolver]
ACTION: AUTHENTICATION_EVENT_TRIGGERED
APPLICATION: CAS
WHEN: Sat Apr 28 16:25:12 CEST 2018
CLIENT IP ADDRESS: 0:0:0:0:0:0:0:1
SERVER IP ADDRESS: 0:0:0:0:0:0:0:1
=============================================================

>[m
[32m2018-04-28 16:25:12,704 INFO [org.apereo.inspektr.audit.support.Slf4jLoggingAuditTrailManager] - <Audit trail record BEGIN
=============================================================
WHO: audit:unknown
WHAT: [event=success,timestamp=Sat Apr 28 16:25:12 CEST 2018,source=RankedAuthenticationProviderWebflowEventResolver]
ACTION: AUTHENTICATION_EVENT_TRIGGERED
APPLICATION: CAS
WHEN: Sat Apr 28 16:25:12 CEST 2018
CLIENT IP ADDRESS: 0:0:0:0:0:0:0:1
SERVER IP ADDRESS: 0:0:0:0:0:0:0:1
=============================================================

>[m
[32m2018-04-28 16:25:25,042 INFO [org.apereo.inspektr.audit.support.Slf4jLoggingAuditTrailManager] - <Audit trail record BEGIN
=============================================================
WHO: audit:unknown
WHAT: [event=success,timestamp=Sat Apr 28 16:25:25 CEST 2018,source=RankedAuthenticationProviderWebflowEventResolver]
ACTION: AUTHENTICATION_EVENT_TRIGGERED
APPLICATION: CAS
WHEN: Sat Apr 28 16:25:25 CEST 2018
CLIENT IP ADDRESS: 0:0:0:0:0:0:0:1
SERVER IP ADDRESS: 0:0:0:0:0:0:0:1
=============================================================

>[m
[32m2018-04-28 16:25:25,042 INFO [org.apereo.inspektr.audit.support.Slf4jLoggingAuditTrailManager] - <Audit trail record BEGIN
=============================================================
WHO: audit:unknown
WHAT: [event=success,timestamp=Sat Apr 28 16:25:25 CEST 2018,source=RankedAuthenticationProviderWebflowEventResolver]
ACTION: AUTHENTICATION_EVENT_TRIGGERED
APPLICATION: CAS
WHEN: Sat Apr 28 16:25:25 CEST 2018
CLIENT IP ADDRESS: 0:0:0:0:0:0:0:1
SERVER IP ADDRESS: 0:0:0:0:0:0:0:1
=============================================================

>[m
[32m2018-04-28 16:25:43,175 INFO [org.apereo.cas.authentication.PolicyBasedAuthenticationManager] - <Authenticated principal [casuser] with attributes [{}] via credentials [[casuser]].>[m
[32m2018-04-28 16:25:43,180 INFO [org.apereo.inspektr.audit.support.Slf4jLoggingAuditTrailManager] - <Audit trail record BEGIN
=============================================================
WHO: casuser
WHAT: Supplied credentials: [casuser]
ACTION: AUTHENTICATION_SUCCESS
APPLICATION: CAS
WHEN: Sat Apr 28 16:25:43 CEST 2018
CLIENT IP ADDRESS: 0:0:0:0:0:0:0:1
SERVER IP ADDRESS: 0:0:0:0:0:0:0:1
=============================================================

>[m
[32m2018-04-28 16:25:43,180 INFO [org.apereo.inspektr.audit.support.Slf4jLoggingAuditTrailManager] - <Audit trail record BEGIN
=============================================================
WHO: casuser
WHAT: Supplied credentials: [casuser]
ACTION: AUTHENTICATION_SUCCESS
APPLICATION: CAS
WHEN: Sat Apr 28 16:25:43 CEST 2018
CLIENT IP ADDRESS: 0:0:0:0:0:0:0:1
SERVER IP ADDRESS: 0:0:0:0:0:0:0:1
=============================================================

>[m
[32m2018-04-28 16:25:43,457 INFO [org.apereo.inspektr.audit.support.Slf4jLoggingAuditTrailManager] - <Audit trail record BEGIN
=============================================================
WHO: casuser
WHAT: TGT-*********BAZSgziD5R-pUPFOYEyv-nqFRoWQd7fOESCkK6FQXBY-dT10DxSwOd2ficLQ111o-MacBook-Air-de-Rodrigo
ACTION: TICKET_GRANTING_TICKET_CREATED
APPLICATION: CAS
WHEN: Sat Apr 28 16:25:43 CEST 2018
CLIENT IP ADDRESS: 0:0:0:0:0:0:0:1
SERVER IP ADDRESS: 0:0:0:0:0:0:0:1
=============================================================

>[m
[32m2018-04-28 16:25:43,457 INFO [org.apereo.inspektr.audit.support.Slf4jLoggingAuditTrailManager] - <Audit trail record BEGIN
=============================================================
WHO: casuser
WHAT: TGT-*********BAZSgziD5R-pUPFOYEyv-nqFRoWQd7fOESCkK6FQXBY-dT10DxSwOd2ficLQ111o-MacBook-Air-de-Rodrigo
ACTION: TICKET_GRANTING_TICKET_CREATED
APPLICATION: CAS
WHEN: Sat Apr 28 16:25:43 CEST 2018
CLIENT IP ADDRESS: 0:0:0:0:0:0:0:1
SERVER IP ADDRESS: 0:0:0:0:0:0:0:1
=============================================================

>[m
[32m2018-04-28 16:25:48,952 INFO [org.apereo.cas.services.AbstractServicesManager] - <Loaded [0] service(s) from [InMemoryServiceRegistry].>[m
[32m2018-04-28 16:25:57,960 INFO [org.apereo.inspektr.audit.support.Slf4jLoggingAuditTrailManager] - <Audit trail record BEGIN
=============================================================
WHO: audit:unknown
WHAT: [event=success,timestamp=Sat Apr 28 16:25:57 CEST 2018,source=RankedAuthenticationProviderWebflowEventResolver]
ACTION: AUTHENTICATION_EVENT_TRIGGERED
APPLICATION: CAS
WHEN: Sat Apr 28 16:25:57 CEST 2018
CLIENT IP ADDRESS: 0:0:0:0:0:0:0:1
SERVER IP ADDRESS: 0:0:0:0:0:0:0:1
=============================================================

>[m
[32m2018-04-28 16:25:57,960 INFO [org.apereo.inspektr.audit.support.Slf4jLoggingAuditTrailManager] - <Audit trail record BEGIN
=============================================================
WHO: audit:unknown
WHAT: [event=success,timestamp=Sat Apr 28 16:25:57 CEST 2018,source=RankedAuthenticationProviderWebflowEventResolver]
ACTION: AUTHENTICATION_EVENT_TRIGGERED
APPLICATION: CAS
WHEN: Sat Apr 28 16:25:57 CEST 2018
CLIENT IP ADDRESS: 0:0:0:0:0:0:0:1
SERVER IP ADDRESS: 0:0:0:0:0:0:0:1
=============================================================

>[m
[32m2018-04-28 16:25:59,127 INFO [org.apereo.cas.ticket.registry.DefaultTicketRegistryCleaner] - <[0] expired tickets removed.>[m
[32m2018-04-28 16:26:04,005 INFO [org.apereo.cas.logout.DefaultLogoutManager] - <Performing logout operations for [TGT-*********BAZSgziD5R-pUPFOYEyv-nqFRoWQd7fOESCkK6FQXBY-dT10DxSwOd2ficLQ111o-MacBook-Air-de-Rodrigo]>[m
[32m2018-04-28 16:26:04,017 INFO [org.apereo.cas.logout.DefaultLogoutManager] - <[0] logout requests were processed>[m
[32m2018-04-28 16:26:04,022 INFO [org.apereo.inspektr.audit.support.Slf4jLoggingAuditTrailManager] - <Audit trail record BEGIN
=============================================================
WHO: casuser
WHAT: TGT-*********BAZSgziD5R-pUPFOYEyv-nqFRoWQd7fOESCkK6FQXBY-dT10DxSwOd2ficLQ111o-MacBook-Air-de-Rodrigo
ACTION: TICKET_GRANTING_TICKET_DESTROYED
APPLICATION: CAS
WHEN: Sat Apr 28 16:26:04 CEST 2018
CLIENT IP ADDRESS: 0:0:0:0:0:0:0:1
SERVER IP ADDRESS: 0:0:0:0:0:0:0:1
=============================================================

>[m
[32m2018-04-28 16:26:04,022 INFO [org.apereo.inspektr.audit.support.Slf4jLoggingAuditTrailManager] - <Audit trail record BEGIN
=============================================================
WHO: casuser
WHAT: TGT-*********BAZSgziD5R-pUPFOYEyv-nqFRoWQd7fOESCkK6FQXBY-dT10DxSwOd2ficLQ111o-MacBook-Air-de-Rodrigo
ACTION: TICKET_GRANTING_TICKET_DESTROYED
APPLICATION: CAS
WHEN: Sat Apr 28 16:26:04 CEST 2018
CLIENT IP ADDRESS: 0:0:0:0:0:0:0:1
SERVER IP ADDRESS: 0:0:0:0:0:0:0:1
=============================================================

>[m
[32m2018-04-28 16:26:48,957 INFO [org.apereo.cas.services.AbstractServicesManager] - <Loaded [0] service(s) from [InMemoryServiceRegistry].>[m
