[32m2018-04-28 21:27:35,067 INFO [org.apereo.cas.configuration.config.CasCoreBootstrapStandaloneConfiguration] - <Configuration files found at [/etc/cas/config] are [[/etc/cas/config/application.yml, /etc/cas/config/cas.properties]]>[m
[32m2018-04-28 21:27:35,156 INFO [org.apereo.cas.configuration.config.CasCoreBootstrapStandaloneConfiguration] - <Found and loaded [2] setting(s) from [/etc/cas/config]>[m
[32m2018-04-28 21:27:35,159 INFO [org.springframework.cloud.bootstrap.config.PropertySourceBootstrapConfiguration] - <Located property source: PropertiesPropertySource {name='standaloneCasConfigService'}>[m
[32m2018-04-28 21:27:35,178 INFO [org.apereo.cas.web.CasWebApplicationServletInitializer] - <The following profiles are active: standalone>[m
[33m2018-04-28 21:27:43,198 WARN [org.apereo.cas.config.CasCoreTicketsConfiguration] - <Runtime memory is used as the persistence storage for retrieving and managing tickets. Tickets that are issued during runtime will be LOST upon container restarts. This MAY impact SSO functionality.>[m
[32m2018-04-28 21:27:43,204 INFO [org.apereo.cas.configuration.support.Beans] - <Ticket registry encryption/signing is turned off. This MAY NOT be safe in a clustered production environment. Consider using other choices to handle encryption, signing and verification of ticket registry tickets, and verify the chosen ticket registry does support this behavior.>[m
[33m2018-04-28 21:27:51,469 WARN [org.apereo.cas.config.support.authentication.AcceptUsersAuthenticationEventExecutionPlanConfiguration] - <[36m>[m
[33m2018-04-28 21:27:51,479 WARN [org.apereo.cas.config.support.authentication.AcceptUsersAuthenticationEventExecutionPlanConfiguration] - <

  ____    _____    ___    ____    _ 
 / ___|  |_   _|  / _ \  |  _ \  | |
 \___ \    | |   | | | | | |_) | | |
  ___) |   | |   | |_| | |  __/  |_|
 |____/    |_|    \___/  |_|     (_)
                                    

CAS is configured to accept a static list of credentials for authentication. While this is generally useful for demo purposes, it is STRONGLY recommended that you DISABLE this authentication method (by setting 'cas.authn.accept.users' to a blank value) and switch to a mode that is more suitable for production.>[m
[33m2018-04-28 21:27:51,480 WARN [org.apereo.cas.config.support.authentication.AcceptUsersAuthenticationEventExecutionPlanConfiguration] - <[0m>[m
[32m2018-04-28 21:28:05,504 INFO [org.apereo.cas.services.AbstractResourceBasedServiceRegistryDao] - <Setting up a watch for service registry directory at [/Users/Rodrigo/Desarrollos/SandBox/SSO/cas/cas-server/cas-overlay-server/etc/cas/services]>[m
[32m2018-04-28 21:28:20,357 INFO [org.apereo.cas.support.events.listener.CasConfigurationEventListener] - <Refreshing CAS configuration. Stand by...>[m
[32m2018-04-28 21:28:25,372 INFO [org.apereo.cas.services.AbstractServicesManager] - <Loaded [1] service(s) from [JsonServiceRegistryDao].>[m
[33m2018-04-28 21:28:26,263 WARN [org.apereo.cas.util.cipher.BaseStringCipherExecutor] - <Secret key for encryption is not defined for [Ticket-granting Cookie]; CAS will attempt to auto-generate the encryption key>[m
[33m2018-04-28 21:28:26,291 WARN [org.apereo.cas.util.cipher.BaseStringCipherExecutor] - <Generated encryption key [MYL1sGRo-ds2YCGu4ICQ4gUcFtKLFP2THQGDuODKB9U] of size [256] for [Ticket-granting Cookie]. The generated key MUST be added to CAS settings under setting [cas.tgc.crypto.encryption.key].>[m
[33m2018-04-28 21:28:26,297 WARN [org.apereo.cas.util.cipher.BaseStringCipherExecutor] - <Secret key for signing is not defined for [Ticket-granting Cookie]. CAS will attempt to auto-generate the signing key>[m
[33m2018-04-28 21:28:26,298 WARN [org.apereo.cas.util.cipher.BaseStringCipherExecutor] - <Generated signing key [rzaAV4_1FVQozsqPUWlWDBBuLMstNvKCBxBeJCXjRNfcECqX4f4We_9SnLjdn7FW6QxSKrffhMn4K3qjqWg-ZQ] of size [512] for [Ticket-granting Cookie]. The generated key MUST be added to CAS settings under setting [cas.tgc.crypto.signing.key].>[m
[33m2018-04-28 21:28:27,469 WARN [org.apereo.cas.util.cipher.BaseBinaryCipherExecutor] - <Secret key for signing is not defined under [cas.webflow.crypto.signing.key]. CAS will attempt to auto-generate the signing key>[m
[33m2018-04-28 21:28:27,470 WARN [org.apereo.cas.util.cipher.BaseBinaryCipherExecutor] - <Generated signing key [ySUWYUDvzDrMNXplGoYiGVl3I9jkLMaVzhch-NaRi90J7ATd5GegfaXjVNKuF4rbmNwK1rvjVc9kuD6vfEH_WQ] of size [512]. The generated key MUST be added to CAS settings under setting [cas.webflow.crypto.signing.key].>[m
[33m2018-04-28 21:28:27,470 WARN [org.apereo.cas.util.cipher.BaseBinaryCipherExecutor] - <Secret key for encryption is not defined under [cas.webflow.crypto.encryption.key]. CAS will attempt to auto-generate the encryption key>[m
[33m2018-04-28 21:28:27,492 WARN [org.apereo.cas.util.cipher.BaseBinaryCipherExecutor] - <Generated encryption key [34QPXgGjpKLQA2WmaS1qAw] of size [16]. The generated key MUST be added to CAS settings under setting [cas.webflow.crypto.encryption.key].>[m
[32m2018-04-28 21:28:27,741 INFO [org.apereo.cas.support.events.listener.DefaultCasEventListener] - <[36m>[m
[32m2018-04-28 21:28:27,767 INFO [org.apereo.cas.support.events.listener.DefaultCasEventListener] - <

  ____    _____      _      ____   __   __
 |  _ \  | ____|    / \    |  _ \  \ \ / /
 | |_) | |  _|     / _ \   | | | |  \ V / 
 |  _ <  | |___   / ___ \  | |_| |   | |  
 |_| \_\ |_____| /_/   \_\ |____/    |_|  
                                          
>[m
[32m2018-04-28 21:28:27,768 INFO [org.apereo.cas.support.events.listener.DefaultCasEventListener] - <[0m>[m
[32m2018-04-28 21:28:27,773 INFO [org.apereo.cas.support.events.listener.DefaultCasEventListener] - <Ready to process requests @ [2018-04-28T19:28:27.738Z]>[m
[32m2018-04-28 21:28:27,777 INFO [org.apereo.cas.web.CasWebApplicationServletInitializer] - <Started CasWebApplicationServletInitializer in 58.306 seconds (JVM running for 89.089)>[m
[32m2018-04-28 21:28:47,762 INFO [org.apereo.cas.services.AbstractServicesManager] - <Loaded [1] service(s) from [JsonServiceRegistryDao].>[m
[32m2018-04-28 21:28:57,783 INFO [org.apereo.cas.ticket.registry.DefaultTicketRegistryCleaner] - <[0] expired tickets removed.>[m
[32m2018-04-28 21:29:25,556 INFO [org.apereo.cas.web.flow.InitialFlowSetupAction] - <Setting path for cookies for warn cookie generator to: [/cas/] >[m
[32m2018-04-28 21:29:25,556 INFO [org.apereo.cas.web.flow.InitialFlowSetupAction] - <Setting path for cookies for warn cookie generator to: [/cas/] >[m
[32m2018-04-28 21:29:25,656 INFO [org.apereo.inspektr.audit.support.Slf4jLoggingAuditTrailManager] - <Audit trail record BEGIN
=============================================================
WHO: audit:unknown
WHAT: [event=success,timestamp=Sat Apr 28 21:29:25 CEST 2018,source=RankedAuthenticationProviderWebflowEventResolver]
ACTION: AUTHENTICATION_EVENT_TRIGGERED
APPLICATION: CAS
WHEN: Sat Apr 28 21:29:25 CEST 2018
CLIENT IP ADDRESS: 0:0:0:0:0:0:0:1
SERVER IP ADDRESS: 0:0:0:0:0:0:0:1
=============================================================

>[m
[32m2018-04-28 21:29:25,656 INFO [org.apereo.inspektr.audit.support.Slf4jLoggingAuditTrailManager] - <Audit trail record BEGIN
=============================================================
WHO: audit:unknown
WHAT: [event=success,timestamp=Sat Apr 28 21:29:25 CEST 2018,source=RankedAuthenticationProviderWebflowEventResolver]
ACTION: AUTHENTICATION_EVENT_TRIGGERED
APPLICATION: CAS
WHEN: Sat Apr 28 21:29:25 CEST 2018
CLIENT IP ADDRESS: 0:0:0:0:0:0:0:1
SERVER IP ADDRESS: 0:0:0:0:0:0:0:1
=============================================================

>[m
[32m2018-04-28 21:29:47,771 INFO [org.apereo.cas.services.AbstractServicesManager] - <Loaded [1] service(s) from [JsonServiceRegistryDao].>[m
[32m2018-04-28 21:30:47,811 INFO [org.apereo.cas.services.AbstractServicesManager] - <Loaded [1] service(s) from [JsonServiceRegistryDao].>[m
[32m2018-04-28 21:30:57,795 INFO [org.apereo.cas.ticket.registry.DefaultTicketRegistryCleaner] - <[0] expired tickets removed.>[m
[32m2018-04-28 21:31:47,826 INFO [org.apereo.cas.services.AbstractServicesManager] - <Loaded [1] service(s) from [JsonServiceRegistryDao].>[m
[32m2018-04-28 21:32:47,840 INFO [org.apereo.cas.services.AbstractServicesManager] - <Loaded [1] service(s) from [JsonServiceRegistryDao].>[m
[32m2018-04-28 21:32:57,803 INFO [org.apereo.cas.ticket.registry.DefaultTicketRegistryCleaner] - <[0] expired tickets removed.>[m
[32m2018-04-28 21:33:47,854 INFO [org.apereo.cas.services.AbstractServicesManager] - <Loaded [1] service(s) from [JsonServiceRegistryDao].>[m
[32m2018-04-28 21:33:52,180 INFO [org.apereo.inspektr.audit.support.Slf4jLoggingAuditTrailManager] - <Audit trail record BEGIN
=============================================================
WHO: audit:unknown
WHAT: [event=success,timestamp=Sat Apr 28 21:33:52 CEST 2018,source=RankedAuthenticationProviderWebflowEventResolver]
ACTION: AUTHENTICATION_EVENT_TRIGGERED
APPLICATION: CAS
WHEN: Sat Apr 28 21:33:52 CEST 2018
CLIENT IP ADDRESS: 0:0:0:0:0:0:0:1
SERVER IP ADDRESS: 0:0:0:0:0:0:0:1
=============================================================

>[m
[32m2018-04-28 21:33:52,180 INFO [org.apereo.inspektr.audit.support.Slf4jLoggingAuditTrailManager] - <Audit trail record BEGIN
=============================================================
WHO: audit:unknown
WHAT: [event=success,timestamp=Sat Apr 28 21:33:52 CEST 2018,source=RankedAuthenticationProviderWebflowEventResolver]
ACTION: AUTHENTICATION_EVENT_TRIGGERED
APPLICATION: CAS
WHEN: Sat Apr 28 21:33:52 CEST 2018
CLIENT IP ADDRESS: 0:0:0:0:0:0:0:1
SERVER IP ADDRESS: 0:0:0:0:0:0:0:1
=============================================================

>[m
[32m2018-04-28 21:33:52,354 INFO [org.apereo.inspektr.audit.support.Slf4jLoggingAuditTrailManager] - <Audit trail record BEGIN
=============================================================
WHO: audit:unknown
WHAT: [event=success,timestamp=Sat Apr 28 21:33:52 CEST 2018,source=RankedAuthenticationProviderWebflowEventResolver]
ACTION: AUTHENTICATION_EVENT_TRIGGERED
APPLICATION: CAS
WHEN: Sat Apr 28 21:33:52 CEST 2018
CLIENT IP ADDRESS: 0:0:0:0:0:0:0:1
SERVER IP ADDRESS: 0:0:0:0:0:0:0:1
=============================================================

>[m
[32m2018-04-28 21:33:52,354 INFO [org.apereo.inspektr.audit.support.Slf4jLoggingAuditTrailManager] - <Audit trail record BEGIN
=============================================================
WHO: audit:unknown
WHAT: [event=success,timestamp=Sat Apr 28 21:33:52 CEST 2018,source=RankedAuthenticationProviderWebflowEventResolver]
ACTION: AUTHENTICATION_EVENT_TRIGGERED
APPLICATION: CAS
WHEN: Sat Apr 28 21:33:52 CEST 2018
CLIENT IP ADDRESS: 0:0:0:0:0:0:0:1
SERVER IP ADDRESS: 0:0:0:0:0:0:0:1
=============================================================

>[m
[32m2018-04-28 21:34:00,388 INFO [org.apereo.cas.authentication.PolicyBasedAuthenticationManager] - <Authenticated principal [casuser] with attributes [{}] via credentials [[casuser]].>[m
[32m2018-04-28 21:34:00,398 INFO [org.apereo.inspektr.audit.support.Slf4jLoggingAuditTrailManager] - <Audit trail record BEGIN
=============================================================
WHO: casuser
WHAT: Supplied credentials: [casuser]
ACTION: AUTHENTICATION_SUCCESS
APPLICATION: CAS
WHEN: Sat Apr 28 21:34:00 CEST 2018
CLIENT IP ADDRESS: 0:0:0:0:0:0:0:1
SERVER IP ADDRESS: 0:0:0:0:0:0:0:1
=============================================================

>[m
[32m2018-04-28 21:34:00,398 INFO [org.apereo.inspektr.audit.support.Slf4jLoggingAuditTrailManager] - <Audit trail record BEGIN
=============================================================
WHO: casuser
WHAT: Supplied credentials: [casuser]
ACTION: AUTHENTICATION_SUCCESS
APPLICATION: CAS
WHEN: Sat Apr 28 21:34:00 CEST 2018
CLIENT IP ADDRESS: 0:0:0:0:0:0:0:1
SERVER IP ADDRESS: 0:0:0:0:0:0:0:1
=============================================================

>[m
[32m2018-04-28 21:34:00,748 INFO [org.apereo.inspektr.audit.support.Slf4jLoggingAuditTrailManager] - <Audit trail record BEGIN
=============================================================
WHO: casuser
WHAT: TGT-******************iui1SpFk8b-xI7sES6v0jEvUfCAYPCPxhq8dZe6TDQiwXN-jyyPOWNI-MacBook-Air-de-Rodrigo
ACTION: TICKET_GRANTING_TICKET_CREATED
APPLICATION: CAS
WHEN: Sat Apr 28 21:34:00 CEST 2018
CLIENT IP ADDRESS: 0:0:0:0:0:0:0:1
SERVER IP ADDRESS: 0:0:0:0:0:0:0:1
=============================================================

>[m
[32m2018-04-28 21:34:00,748 INFO [org.apereo.inspektr.audit.support.Slf4jLoggingAuditTrailManager] - <Audit trail record BEGIN
=============================================================
WHO: casuser
WHAT: TGT-******************iui1SpFk8b-xI7sES6v0jEvUfCAYPCPxhq8dZe6TDQiwXN-jyyPOWNI-MacBook-Air-de-Rodrigo
ACTION: TICKET_GRANTING_TICKET_CREATED
APPLICATION: CAS
WHEN: Sat Apr 28 21:34:00 CEST 2018
CLIENT IP ADDRESS: 0:0:0:0:0:0:0:1
SERVER IP ADDRESS: 0:0:0:0:0:0:0:1
=============================================================

>[m
[32m2018-04-28 21:34:00,873 INFO [org.apereo.cas.DefaultCentralAuthenticationService] - <Granted ticket [ST-1-8OHyx2Zbew2kbmFYVyjQAEHnjbU-MacBook-Air-de-Rodrigo] for service [http://localhost:9000/login/cas] and principal [casuser]>[m
[32m2018-04-28 21:34:00,878 INFO [org.apereo.inspektr.audit.support.Slf4jLoggingAuditTrailManager] - <Audit trail record BEGIN
=============================================================
WHO: casuser
WHAT: ST-1-8OHyx2Zbew2kbmFYVyjQAEHnjbU-MacBook-Air-de-Rodrigo for http://localhost:9000/login/cas
ACTION: SERVICE_TICKET_CREATED
APPLICATION: CAS
WHEN: Sat Apr 28 21:34:00 CEST 2018
CLIENT IP ADDRESS: 0:0:0:0:0:0:0:1
SERVER IP ADDRESS: 0:0:0:0:0:0:0:1
=============================================================

>[m
[32m2018-04-28 21:34:00,878 INFO [org.apereo.inspektr.audit.support.Slf4jLoggingAuditTrailManager] - <Audit trail record BEGIN
=============================================================
WHO: casuser
WHAT: ST-1-8OHyx2Zbew2kbmFYVyjQAEHnjbU-MacBook-Air-de-Rodrigo for http://localhost:9000/login/cas
ACTION: SERVICE_TICKET_CREATED
APPLICATION: CAS
WHEN: Sat Apr 28 21:34:00 CEST 2018
CLIENT IP ADDRESS: 0:0:0:0:0:0:0:1
SERVER IP ADDRESS: 0:0:0:0:0:0:0:1
=============================================================

>[m
[32m2018-04-28 21:34:27,938 INFO [org.apereo.inspektr.audit.support.Slf4jLoggingAuditTrailManager] - <Audit trail record BEGIN
=============================================================
WHO: audit:unknown
WHAT: [event=success,timestamp=Sat Apr 28 21:34:27 CEST 2018,source=InitialAuthenticationAttemptWebflowEventResolver]
ACTION: AUTHENTICATION_EVENT_TRIGGERED
APPLICATION: CAS
WHEN: Sat Apr 28 21:34:27 CEST 2018
CLIENT IP ADDRESS: 0:0:0:0:0:0:0:1
SERVER IP ADDRESS: 0:0:0:0:0:0:0:1
=============================================================

>[m
[32m2018-04-28 21:34:27,938 INFO [org.apereo.inspektr.audit.support.Slf4jLoggingAuditTrailManager] - <Audit trail record BEGIN
=============================================================
WHO: audit:unknown
WHAT: [event=success,timestamp=Sat Apr 28 21:34:27 CEST 2018,source=InitialAuthenticationAttemptWebflowEventResolver]
ACTION: AUTHENTICATION_EVENT_TRIGGERED
APPLICATION: CAS
WHEN: Sat Apr 28 21:34:27 CEST 2018
CLIENT IP ADDRESS: 0:0:0:0:0:0:0:1
SERVER IP ADDRESS: 0:0:0:0:0:0:0:1
=============================================================

>[m
[32m2018-04-28 21:34:27,988 INFO [org.apereo.cas.DefaultCentralAuthenticationService] - <Granted ticket [ST-2-LPs-2vri86yEt6d32YHoMnjA9w8-MacBook-Air-de-Rodrigo] for service [http://localhost:9000/login/cas] and principal [casuser]>[m
[32m2018-04-28 21:34:27,990 INFO [org.apereo.inspektr.audit.support.Slf4jLoggingAuditTrailManager] - <Audit trail record BEGIN
=============================================================
WHO: casuser
WHAT: ST-2-LPs-2vri86yEt6d32YHoMnjA9w8-MacBook-Air-de-Rodrigo for http://localhost:9000/login/cas
ACTION: SERVICE_TICKET_CREATED
APPLICATION: CAS
WHEN: Sat Apr 28 21:34:27 CEST 2018
CLIENT IP ADDRESS: 0:0:0:0:0:0:0:1
SERVER IP ADDRESS: 0:0:0:0:0:0:0:1
=============================================================

>[m
[32m2018-04-28 21:34:27,990 INFO [org.apereo.inspektr.audit.support.Slf4jLoggingAuditTrailManager] - <Audit trail record BEGIN
=============================================================
WHO: casuser
WHAT: ST-2-LPs-2vri86yEt6d32YHoMnjA9w8-MacBook-Air-de-Rodrigo for http://localhost:9000/login/cas
ACTION: SERVICE_TICKET_CREATED
APPLICATION: CAS
WHEN: Sat Apr 28 21:34:27 CEST 2018
CLIENT IP ADDRESS: 0:0:0:0:0:0:0:1
SERVER IP ADDRESS: 0:0:0:0:0:0:0:1
=============================================================

>[m
[32m2018-04-28 21:34:34,140 INFO [org.apereo.inspektr.audit.support.Slf4jLoggingAuditTrailManager] - <Audit trail record BEGIN
=============================================================
WHO: audit:unknown
WHAT: [event=success,timestamp=Sat Apr 28 21:34:34 CEST 2018,source=RankedAuthenticationProviderWebflowEventResolver]
ACTION: AUTHENTICATION_EVENT_TRIGGERED
APPLICATION: CAS
WHEN: Sat Apr 28 21:34:34 CEST 2018
CLIENT IP ADDRESS: 0:0:0:0:0:0:0:1
SERVER IP ADDRESS: 0:0:0:0:0:0:0:1
=============================================================

>[m
[32m2018-04-28 21:34:34,140 INFO [org.apereo.inspektr.audit.support.Slf4jLoggingAuditTrailManager] - <Audit trail record BEGIN
=============================================================
WHO: audit:unknown
WHAT: [event=success,timestamp=Sat Apr 28 21:34:34 CEST 2018,source=RankedAuthenticationProviderWebflowEventResolver]
ACTION: AUTHENTICATION_EVENT_TRIGGERED
APPLICATION: CAS
WHEN: Sat Apr 28 21:34:34 CEST 2018
CLIENT IP ADDRESS: 0:0:0:0:0:0:0:1
SERVER IP ADDRESS: 0:0:0:0:0:0:0:1
=============================================================

>[m
[33m2018-04-28 21:34:34,149 WARN [org.apereo.cas.services.RegisteredServiceAccessStrategyUtils] - <Unauthorized Service Access. Service [http://localhost:9001/login/cas] is not found in service registry.>[m
[32m2018-04-28 21:34:34,151 INFO [org.apereo.inspektr.audit.support.Slf4jLoggingAuditTrailManager] - <Audit trail record BEGIN
=============================================================
WHO: audit:unknown
WHAT: org.apereo.cas.services.UnauthorizedServiceException: Unauthorized Service Access. Service [http://localhost:9001/login/cas] is not found in service registry. for http://localhost:9001/login/cas
ACTION: SERVICE_TICKET_CREATED
APPLICATION: CAS
WHEN: Sat Apr 28 21:34:34 CEST 2018
CLIENT IP ADDRESS: 0:0:0:0:0:0:0:1
SERVER IP ADDRESS: 0:0:0:0:0:0:0:1
=============================================================

>[m
[32m2018-04-28 21:34:34,151 INFO [org.apereo.inspektr.audit.support.Slf4jLoggingAuditTrailManager] - <Audit trail record BEGIN
=============================================================
WHO: audit:unknown
WHAT: org.apereo.cas.services.UnauthorizedServiceException: Unauthorized Service Access. Service [http://localhost:9001/login/cas] is not found in service registry. for http://localhost:9001/login/cas
ACTION: SERVICE_TICKET_CREATED
APPLICATION: CAS
WHEN: Sat Apr 28 21:34:34 CEST 2018
CLIENT IP ADDRESS: 0:0:0:0:0:0:0:1
SERVER IP ADDRESS: 0:0:0:0:0:0:0:1
=============================================================

>[m
[33m2018-04-28 21:34:34,264 WARN [org.apereo.cas.services.web.ServiceThemeResolver] - <No registered service is found to match [org.apereo.cas.authentication.principal.SimpleWebApplicationServiceImpl@7d05885b[id=http://localhost:9001/login/cas,originalUrl=http://localhost:9001/login/cas,artifactId=<null>,principal=<null>,loggedOutAlready=false,format=XML]] or service access is disallowed. Using default theme [cas-theme-default]>[m
[33m2018-04-28 21:34:34,454 WARN [org.apereo.cas.services.web.ServiceThemeResolver] - <No registered service is found to match [org.apereo.cas.authentication.principal.SimpleWebApplicationServiceImpl@7d05885b[id=http://localhost:9001/login/cas,originalUrl=http://localhost:9001/login/cas,artifactId=<null>,principal=<null>,loggedOutAlready=false,format=XML]] or service access is disallowed. Using default theme [cas-theme-default]>[m
[32m2018-04-28 21:34:47,865 INFO [org.apereo.cas.services.AbstractServicesManager] - <Loaded [1] service(s) from [JsonServiceRegistryDao].>[m
[32m2018-04-28 21:34:57,826 INFO [org.apereo.cas.ticket.registry.DefaultTicketRegistryCleaner] - <[0] expired tickets removed.>[m
[32m2018-04-28 21:35:20,403 INFO [org.apereo.inspektr.audit.support.Slf4jLoggingAuditTrailManager] - <Audit trail record BEGIN
=============================================================
WHO: audit:unknown
WHAT: [event=success,timestamp=Sat Apr 28 21:35:20 CEST 2018,source=RankedAuthenticationProviderWebflowEventResolver]
ACTION: AUTHENTICATION_EVENT_TRIGGERED
APPLICATION: CAS
WHEN: Sat Apr 28 21:35:20 CEST 2018
CLIENT IP ADDRESS: 0:0:0:0:0:0:0:1
SERVER IP ADDRESS: 0:0:0:0:0:0:0:1
=============================================================

>[m
[32m2018-04-28 21:35:20,403 INFO [org.apereo.inspektr.audit.support.Slf4jLoggingAuditTrailManager] - <Audit trail record BEGIN
=============================================================
WHO: audit:unknown
WHAT: [event=success,timestamp=Sat Apr 28 21:35:20 CEST 2018,source=RankedAuthenticationProviderWebflowEventResolver]
ACTION: AUTHENTICATION_EVENT_TRIGGERED
APPLICATION: CAS
WHEN: Sat Apr 28 21:35:20 CEST 2018
CLIENT IP ADDRESS: 0:0:0:0:0:0:0:1
SERVER IP ADDRESS: 0:0:0:0:0:0:0:1
=============================================================

>[m
[33m2018-04-28 21:35:20,414 WARN [org.apereo.cas.services.RegisteredServiceAccessStrategyUtils] - <Unauthorized Service Access. Service [http://localhost:9001/login/cas] is not found in service registry.>[m
[32m2018-04-28 21:35:20,416 INFO [org.apereo.inspektr.audit.support.Slf4jLoggingAuditTrailManager] - <Audit trail record BEGIN
=============================================================
WHO: audit:unknown
WHAT: org.apereo.cas.services.UnauthorizedServiceException: Unauthorized Service Access. Service [http://localhost:9001/login/cas] is not found in service registry. for http://localhost:9001/login/cas
ACTION: SERVICE_TICKET_CREATED
APPLICATION: CAS
WHEN: Sat Apr 28 21:35:20 CEST 2018
CLIENT IP ADDRESS: 0:0:0:0:0:0:0:1
SERVER IP ADDRESS: 0:0:0:0:0:0:0:1
=============================================================

>[m
[32m2018-04-28 21:35:20,416 INFO [org.apereo.inspektr.audit.support.Slf4jLoggingAuditTrailManager] - <Audit trail record BEGIN
=============================================================
WHO: audit:unknown
WHAT: org.apereo.cas.services.UnauthorizedServiceException: Unauthorized Service Access. Service [http://localhost:9001/login/cas] is not found in service registry. for http://localhost:9001/login/cas
ACTION: SERVICE_TICKET_CREATED
APPLICATION: CAS
WHEN: Sat Apr 28 21:35:20 CEST 2018
CLIENT IP ADDRESS: 0:0:0:0:0:0:0:1
SERVER IP ADDRESS: 0:0:0:0:0:0:0:1
=============================================================

>[m
[33m2018-04-28 21:35:20,418 WARN [org.apereo.cas.services.web.ServiceThemeResolver] - <No registered service is found to match [org.apereo.cas.authentication.principal.SimpleWebApplicationServiceImpl@77109b4f[id=http://localhost:9001/login/cas,originalUrl=http://localhost:9001/login/cas,artifactId=<null>,principal=<null>,loggedOutAlready=false,format=XML]] or service access is disallowed. Using default theme [cas-theme-default]>[m
[33m2018-04-28 21:35:20,461 WARN [org.apereo.cas.services.web.ServiceThemeResolver] - <No registered service is found to match [org.apereo.cas.authentication.principal.SimpleWebApplicationServiceImpl@77109b4f[id=http://localhost:9001/login/cas,originalUrl=http://localhost:9001/login/cas,artifactId=<null>,principal=<null>,loggedOutAlready=false,format=XML]] or service access is disallowed. Using default theme [cas-theme-default]>[m
[32m2018-04-28 21:35:47,885 INFO [org.apereo.cas.services.AbstractServicesManager] - <Loaded [1] service(s) from [JsonServiceRegistryDao].>[m
[32m2018-04-28 21:35:49,195 INFO [org.apereo.inspektr.audit.support.Slf4jLoggingAuditTrailManager] - <Audit trail record BEGIN
=============================================================
WHO: audit:unknown
WHAT: [event=success,timestamp=Sat Apr 28 21:35:49 CEST 2018,source=RankedAuthenticationProviderWebflowEventResolver]
ACTION: AUTHENTICATION_EVENT_TRIGGERED
APPLICATION: CAS
WHEN: Sat Apr 28 21:35:49 CEST 2018
CLIENT IP ADDRESS: 0:0:0:0:0:0:0:1
SERVER IP ADDRESS: 0:0:0:0:0:0:0:1
=============================================================

>[m
[32m2018-04-28 21:35:49,195 INFO [org.apereo.inspektr.audit.support.Slf4jLoggingAuditTrailManager] - <Audit trail record BEGIN
=============================================================
WHO: audit:unknown
WHAT: [event=success,timestamp=Sat Apr 28 21:35:49 CEST 2018,source=RankedAuthenticationProviderWebflowEventResolver]
ACTION: AUTHENTICATION_EVENT_TRIGGERED
APPLICATION: CAS
WHEN: Sat Apr 28 21:35:49 CEST 2018
CLIENT IP ADDRESS: 0:0:0:0:0:0:0:1
SERVER IP ADDRESS: 0:0:0:0:0:0:0:1
=============================================================

>[m
[32m2018-04-28 21:36:01,605 INFO [org.apereo.cas.logout.DefaultLogoutManager] - <Performing logout operations for [TGT-******************iui1SpFk8b-xI7sES6v0jEvUfCAYPCPxhq8dZe6TDQiwXN-jyyPOWNI-MacBook-Air-de-Rodrigo]>[m
[32m2018-04-28 21:36:01,617 INFO [org.apereo.cas.logout.DefaultLogoutManager] - <[0] logout requests were processed>[m
[32m2018-04-28 21:36:01,624 INFO [org.apereo.inspektr.audit.support.Slf4jLoggingAuditTrailManager] - <Audit trail record BEGIN
=============================================================
WHO: casuser
WHAT: TGT-******************iui1SpFk8b-xI7sES6v0jEvUfCAYPCPxhq8dZe6TDQiwXN-jyyPOWNI-MacBook-Air-de-Rodrigo
ACTION: TICKET_GRANTING_TICKET_DESTROYED
APPLICATION: CAS
WHEN: Sat Apr 28 21:36:01 CEST 2018
CLIENT IP ADDRESS: 0:0:0:0:0:0:0:1
SERVER IP ADDRESS: 0:0:0:0:0:0:0:1
=============================================================

>[m
[32m2018-04-28 21:36:01,624 INFO [org.apereo.inspektr.audit.support.Slf4jLoggingAuditTrailManager] - <Audit trail record BEGIN
=============================================================
WHO: casuser
WHAT: TGT-******************iui1SpFk8b-xI7sES6v0jEvUfCAYPCPxhq8dZe6TDQiwXN-jyyPOWNI-MacBook-Air-de-Rodrigo
ACTION: TICKET_GRANTING_TICKET_DESTROYED
APPLICATION: CAS
WHEN: Sat Apr 28 21:36:01 CEST 2018
CLIENT IP ADDRESS: 0:0:0:0:0:0:0:1
SERVER IP ADDRESS: 0:0:0:0:0:0:0:1
=============================================================

>[m
[32m2018-04-28 21:36:05,297 INFO [org.apereo.inspektr.audit.support.Slf4jLoggingAuditTrailManager] - <Audit trail record BEGIN
=============================================================
WHO: audit:unknown
WHAT: [event=success,timestamp=Sat Apr 28 21:36:05 CEST 2018,source=RankedAuthenticationProviderWebflowEventResolver]
ACTION: AUTHENTICATION_EVENT_TRIGGERED
APPLICATION: CAS
WHEN: Sat Apr 28 21:36:05 CEST 2018
CLIENT IP ADDRESS: 0:0:0:0:0:0:0:1
SERVER IP ADDRESS: 0:0:0:0:0:0:0:1
=============================================================

>[m
[32m2018-04-28 21:36:05,297 INFO [org.apereo.inspektr.audit.support.Slf4jLoggingAuditTrailManager] - <Audit trail record BEGIN
=============================================================
WHO: audit:unknown
WHAT: [event=success,timestamp=Sat Apr 28 21:36:05 CEST 2018,source=RankedAuthenticationProviderWebflowEventResolver]
ACTION: AUTHENTICATION_EVENT_TRIGGERED
APPLICATION: CAS
WHEN: Sat Apr 28 21:36:05 CEST 2018
CLIENT IP ADDRESS: 0:0:0:0:0:0:0:1
SERVER IP ADDRESS: 0:0:0:0:0:0:0:1
=============================================================

>[m
[32m2018-04-28 21:36:11,929 INFO [org.apereo.inspektr.audit.support.Slf4jLoggingAuditTrailManager] - <Audit trail record BEGIN
=============================================================
WHO: audit:unknown
WHAT: [event=success,timestamp=Sat Apr 28 21:36:11 CEST 2018,source=RankedAuthenticationProviderWebflowEventResolver]
ACTION: AUTHENTICATION_EVENT_TRIGGERED
APPLICATION: CAS
WHEN: Sat Apr 28 21:36:11 CEST 2018
CLIENT IP ADDRESS: 0:0:0:0:0:0:0:1
SERVER IP ADDRESS: 0:0:0:0:0:0:0:1
=============================================================

>[m
[32m2018-04-28 21:36:11,929 INFO [org.apereo.inspektr.audit.support.Slf4jLoggingAuditTrailManager] - <Audit trail record BEGIN
=============================================================
WHO: audit:unknown
WHAT: [event=success,timestamp=Sat Apr 28 21:36:11 CEST 2018,source=RankedAuthenticationProviderWebflowEventResolver]
ACTION: AUTHENTICATION_EVENT_TRIGGERED
APPLICATION: CAS
WHEN: Sat Apr 28 21:36:11 CEST 2018
CLIENT IP ADDRESS: 0:0:0:0:0:0:0:1
SERVER IP ADDRESS: 0:0:0:0:0:0:0:1
=============================================================

>[m
[32m2018-04-28 21:36:17,197 INFO [org.apereo.cas.authentication.PolicyBasedAuthenticationManager] - <Authenticated principal [casuser] with attributes [{}] via credentials [[casuser]].>[m
[32m2018-04-28 21:36:17,198 INFO [org.apereo.inspektr.audit.support.Slf4jLoggingAuditTrailManager] - <Audit trail record BEGIN
=============================================================
WHO: casuser
WHAT: Supplied credentials: [casuser]
ACTION: AUTHENTICATION_SUCCESS
APPLICATION: CAS
WHEN: Sat Apr 28 21:36:17 CEST 2018
CLIENT IP ADDRESS: 0:0:0:0:0:0:0:1
SERVER IP ADDRESS: 0:0:0:0:0:0:0:1
=============================================================

>[m
[32m2018-04-28 21:36:17,198 INFO [org.apereo.inspektr.audit.support.Slf4jLoggingAuditTrailManager] - <Audit trail record BEGIN
=============================================================
WHO: casuser
WHAT: Supplied credentials: [casuser]
ACTION: AUTHENTICATION_SUCCESS
APPLICATION: CAS
WHEN: Sat Apr 28 21:36:17 CEST 2018
CLIENT IP ADDRESS: 0:0:0:0:0:0:0:1
SERVER IP ADDRESS: 0:0:0:0:0:0:0:1
=============================================================

>[m
[32m2018-04-28 21:36:17,206 INFO [org.apereo.inspektr.audit.support.Slf4jLoggingAuditTrailManager] - <Audit trail record BEGIN
=============================================================
WHO: casuser
WHAT: TGT-***************************************************************igEL5J9GMo-MacBook-Air-de-Rodrigo
ACTION: TICKET_GRANTING_TICKET_CREATED
APPLICATION: CAS
WHEN: Sat Apr 28 21:36:17 CEST 2018
CLIENT IP ADDRESS: 0:0:0:0:0:0:0:1
SERVER IP ADDRESS: 0:0:0:0:0:0:0:1
=============================================================

>[m
[32m2018-04-28 21:36:17,206 INFO [org.apereo.inspektr.audit.support.Slf4jLoggingAuditTrailManager] - <Audit trail record BEGIN
=============================================================
WHO: casuser
WHAT: TGT-***************************************************************igEL5J9GMo-MacBook-Air-de-Rodrigo
ACTION: TICKET_GRANTING_TICKET_CREATED
APPLICATION: CAS
WHEN: Sat Apr 28 21:36:17 CEST 2018
CLIENT IP ADDRESS: 0:0:0:0:0:0:0:1
SERVER IP ADDRESS: 0:0:0:0:0:0:0:1
=============================================================

>[m
[32m2018-04-28 21:36:17,214 INFO [org.apereo.cas.DefaultCentralAuthenticationService] - <Granted ticket [ST-3-zGeB7X9-aPfD2J5HG3PC7EdVT0Q-MacBook-Air-de-Rodrigo] for service [http://localhost:9001/login/cas] and principal [casuser]>[m
[32m2018-04-28 21:36:17,216 INFO [org.apereo.inspektr.audit.support.Slf4jLoggingAuditTrailManager] - <Audit trail record BEGIN
=============================================================
WHO: casuser
WHAT: ST-3-zGeB7X9-aPfD2J5HG3PC7EdVT0Q-MacBook-Air-de-Rodrigo for http://localhost:9001/login/cas
ACTION: SERVICE_TICKET_CREATED
APPLICATION: CAS
WHEN: Sat Apr 28 21:36:17 CEST 2018
CLIENT IP ADDRESS: 0:0:0:0:0:0:0:1
SERVER IP ADDRESS: 0:0:0:0:0:0:0:1
=============================================================

>[m
[32m2018-04-28 21:36:17,216 INFO [org.apereo.inspektr.audit.support.Slf4jLoggingAuditTrailManager] - <Audit trail record BEGIN
=============================================================
WHO: casuser
WHAT: ST-3-zGeB7X9-aPfD2J5HG3PC7EdVT0Q-MacBook-Air-de-Rodrigo for http://localhost:9001/login/cas
ACTION: SERVICE_TICKET_CREATED
APPLICATION: CAS
WHEN: Sat Apr 28 21:36:17 CEST 2018
CLIENT IP ADDRESS: 0:0:0:0:0:0:0:1
SERVER IP ADDRESS: 0:0:0:0:0:0:0:1
=============================================================

>[m
[32m2018-04-28 21:36:18,114 INFO [org.apereo.inspektr.audit.support.Slf4jLoggingAuditTrailManager] - <Audit trail record BEGIN
=============================================================
WHO: casuser
WHAT: ST-3-zGeB7X9-aPfD2J5HG3PC7EdVT0Q-MacBook-Air-de-Rodrigo
ACTION: SERVICE_TICKET_VALIDATED
APPLICATION: CAS
WHEN: Sat Apr 28 21:36:18 CEST 2018
CLIENT IP ADDRESS: 127.0.0.1
SERVER IP ADDRESS: 127.0.0.1
=============================================================

>[m
[32m2018-04-28 21:36:18,114 INFO [org.apereo.inspektr.audit.support.Slf4jLoggingAuditTrailManager] - <Audit trail record BEGIN
=============================================================
WHO: casuser
WHAT: ST-3-zGeB7X9-aPfD2J5HG3PC7EdVT0Q-MacBook-Air-de-Rodrigo
ACTION: SERVICE_TICKET_VALIDATED
APPLICATION: CAS
WHEN: Sat Apr 28 21:36:18 CEST 2018
CLIENT IP ADDRESS: 127.0.0.1
SERVER IP ADDRESS: 127.0.0.1
=============================================================

>[m
[32m2018-04-28 21:36:22,666 INFO [org.apereo.cas.logout.DefaultLogoutManager] - <Performing logout operations for [TGT-***************************************************************igEL5J9GMo-MacBook-Air-de-Rodrigo]>[m
[32m2018-04-28 21:36:22,676 INFO [org.apereo.cas.logout.DefaultLogoutManager] - <[0] logout requests were processed>[m
[32m2018-04-28 21:36:22,677 INFO [org.apereo.inspektr.audit.support.Slf4jLoggingAuditTrailManager] - <Audit trail record BEGIN
=============================================================
WHO: casuser
WHAT: TGT-***************************************************************igEL5J9GMo-MacBook-Air-de-Rodrigo
ACTION: TICKET_GRANTING_TICKET_DESTROYED
APPLICATION: CAS
WHEN: Sat Apr 28 21:36:22 CEST 2018
CLIENT IP ADDRESS: 0:0:0:0:0:0:0:1
SERVER IP ADDRESS: 0:0:0:0:0:0:0:1
=============================================================

>[m
[32m2018-04-28 21:36:22,677 INFO [org.apereo.inspektr.audit.support.Slf4jLoggingAuditTrailManager] - <Audit trail record BEGIN
=============================================================
WHO: casuser
WHAT: TGT-***************************************************************igEL5J9GMo-MacBook-Air-de-Rodrigo
ACTION: TICKET_GRANTING_TICKET_DESTROYED
APPLICATION: CAS
WHEN: Sat Apr 28 21:36:22 CEST 2018
CLIENT IP ADDRESS: 0:0:0:0:0:0:0:1
SERVER IP ADDRESS: 0:0:0:0:0:0:0:1
=============================================================

>[m
[32m2018-04-28 21:36:47,907 INFO [org.apereo.cas.services.AbstractServicesManager] - <Loaded [1] service(s) from [JsonServiceRegistryDao].>[m
[32m2018-04-28 21:36:57,830 INFO [org.apereo.cas.ticket.registry.DefaultTicketRegistryCleaner] - <[0] expired tickets removed.>[m
[32m2018-04-28 21:37:47,922 INFO [org.apereo.cas.services.AbstractServicesManager] - <Loaded [1] service(s) from [JsonServiceRegistryDao].>[m
[32m2018-04-28 21:38:47,941 INFO [org.apereo.cas.services.AbstractServicesManager] - <Loaded [1] service(s) from [JsonServiceRegistryDao].>[m
[32m2018-04-28 21:38:57,833 INFO [org.apereo.cas.ticket.registry.DefaultTicketRegistryCleaner] - <[0] expired tickets removed.>[m
[32m2018-04-28 21:39:47,960 INFO [org.apereo.cas.services.AbstractServicesManager] - <Loaded [1] service(s) from [JsonServiceRegistryDao].>[m
[32m2018-04-28 21:40:47,969 INFO [org.apereo.cas.services.AbstractServicesManager] - <Loaded [1] service(s) from [JsonServiceRegistryDao].>[m
[32m2018-04-28 21:40:57,838 INFO [org.apereo.cas.ticket.registry.DefaultTicketRegistryCleaner] - <[0] expired tickets removed.>[m
[32m2018-04-28 21:41:47,987 INFO [org.apereo.cas.services.AbstractServicesManager] - <Loaded [1] service(s) from [JsonServiceRegistryDao].>[m
[32m2018-04-28 21:42:47,990 INFO [org.apereo.cas.services.AbstractServicesManager] - <Loaded [1] service(s) from [JsonServiceRegistryDao].>[m
[32m2018-04-28 21:42:57,837 INFO [org.apereo.cas.ticket.registry.DefaultTicketRegistryCleaner] - <[0] expired tickets removed.>[m
[32m2018-04-28 21:43:48,010 INFO [org.apereo.cas.services.AbstractServicesManager] - <Loaded [1] service(s) from [JsonServiceRegistryDao].>[m
[33m2018-04-28 21:44:46,045 WARN [org.apereo.cas.util.io.PathWatcherService] - <Directory key is no longer valid. Quitting watcher service>[m
