2018-04-28 16:25:12,704 INFO [org.apereo.inspektr.audit.support.Slf4jLoggingAuditTrailManager] - Audit trail record BEGIN
=============================================================
WHO: audit:unknown
WHAT: [event=success,timestamp=Sat Apr 28 16:25:12 CEST 2018,source=RankedAuthenticationProviderWebflowEventResolver]
ACTION: AUTHENTICATION_EVENT_TRIGGERED
APPLICATION: CAS
WHEN: Sat Apr 28 16:25:12 CEST 2018
CLIENT IP ADDRESS: 0:0:0:0:0:0:0:1
SERVER IP ADDRESS: 0:0:0:0:0:0:0:1
=============================================================


2018-04-28 16:25:25,042 INFO [org.apereo.inspektr.audit.support.Slf4jLoggingAuditTrailManager] - Audit trail record BEGIN
=============================================================
WHO: audit:unknown
WHAT: [event=success,timestamp=Sat Apr 28 16:25:25 CEST 2018,source=RankedAuthenticationProviderWebflowEventResolver]
ACTION: AUTHENTICATION_EVENT_TRIGGERED
APPLICATION: CAS
WHEN: Sat Apr 28 16:25:25 CEST 2018
CLIENT IP ADDRESS: 0:0:0:0:0:0:0:1
SERVER IP ADDRESS: 0:0:0:0:0:0:0:1
=============================================================


2018-04-28 16:25:43,180 INFO [org.apereo.inspektr.audit.support.Slf4jLoggingAuditTrailManager] - Audit trail record BEGIN
=============================================================
WHO: casuser
WHAT: Supplied credentials: [casuser]
ACTION: AUTHENTICATION_SUCCESS
APPLICATION: CAS
WHEN: Sat Apr 28 16:25:43 CEST 2018
CLIENT IP ADDRESS: 0:0:0:0:0:0:0:1
SERVER IP ADDRESS: 0:0:0:0:0:0:0:1
=============================================================


2018-04-28 16:25:43,457 INFO [org.apereo.inspektr.audit.support.Slf4jLoggingAuditTrailManager] - Audit trail record BEGIN
=============================================================
WHO: casuser
WHAT: TGT-*********BAZSgziD5R-pUPFOYEyv-nqFRoWQd7fOESCkK6FQXBY-dT10DxSwOd2ficLQ111o-MacBook-Air-de-Rodrigo
ACTION: TICKET_GRANTING_TICKET_CREATED
APPLICATION: CAS
WHEN: Sat Apr 28 16:25:43 CEST 2018
CLIENT IP ADDRESS: 0:0:0:0:0:0:0:1
SERVER IP ADDRESS: 0:0:0:0:0:0:0:1
=============================================================


2018-04-28 16:25:57,960 INFO [org.apereo.inspektr.audit.support.Slf4jLoggingAuditTrailManager] - Audit trail record BEGIN
=============================================================
WHO: audit:unknown
WHAT: [event=success,timestamp=Sat Apr 28 16:25:57 CEST 2018,source=RankedAuthenticationProviderWebflowEventResolver]
ACTION: AUTHENTICATION_EVENT_TRIGGERED
APPLICATION: CAS
WHEN: Sat Apr 28 16:25:57 CEST 2018
CLIENT IP ADDRESS: 0:0:0:0:0:0:0:1
SERVER IP ADDRESS: 0:0:0:0:0:0:0:1
=============================================================


2018-04-28 16:26:04,022 INFO [org.apereo.inspektr.audit.support.Slf4jLoggingAuditTrailManager] - Audit trail record BEGIN
=============================================================
WHO: casuser
WHAT: TGT-*********BAZSgziD5R-pUPFOYEyv-nqFRoWQd7fOESCkK6FQXBY-dT10DxSwOd2ficLQ111o-MacBook-Air-de-Rodrigo
ACTION: TICKET_GRANTING_TICKET_DESTROYED
APPLICATION: CAS
WHEN: Sat Apr 28 16:26:04 CEST 2018
CLIENT IP ADDRESS: 0:0:0:0:0:0:0:1
SERVER IP ADDRESS: 0:0:0:0:0:0:0:1
=============================================================


