type=GAUGE, name=jvm.fd.usage, value=0.00283203125
type=GAUGE, name=jvm.gc.PS-MarkSweep.count, value=2
type=GAUGE, name=jvm.gc.PS-MarkSweep.time, value=570
type=GAUGE, name=jvm.gc.PS-Scavenge.count, value=46
type=GAUGE, name=jvm.gc.PS-Scavenge.time, value=1305
type=GAUGE, name=jvm.memory.heap.committed, value=391643136
type=GAUGE, name=jvm.memory.heap.init, value=67108864
type=GAUGE, name=jvm.memory.heap.max, value=954728448
type=GAUGE, name=jvm.memory.heap.usage, value=0.1564138413523004
type=GAUGE, name=jvm.memory.heap.used, value=149332744
type=GAUGE, name=jvm.memory.non-heap.committed, value=80281600
type=GAUGE, name=jvm.memory.non-heap.init, value=2555904
type=GAUGE, name=jvm.memory.non-heap.max, value=-1
type=GAUGE, name=jvm.memory.non-heap.usage, value=-7.7712088E7
type=GAUGE, name=jvm.memory.non-heap.used, value=77712152
type=GAUGE, name=jvm.memory.pools.Code-Cache.committed, value=20250624
type=GAUGE, name=jvm.memory.pools.Code-Cache.init, value=2555904
type=GAUGE, name=jvm.memory.pools.Code-Cache.max, value=251658240
type=GAUGE, name=jvm.memory.pools.Code-Cache.usage, value=0.07581558227539062
type=GAUGE, name=jvm.memory.pools.Code-Cache.used, value=19079616
type=GAUGE, name=jvm.memory.pools.Compressed-Class-Space.committed, value=6815744
type=GAUGE, name=jvm.memory.pools.Compressed-Class-Space.init, value=0
type=GAUGE, name=jvm.memory.pools.Compressed-Class-Space.max, value=1073741824
type=GAUGE, name=jvm.memory.pools.Compressed-Class-Space.usage, value=0.006044819951057434
type=GAUGE, name=jvm.memory.pools.Compressed-Class-Space.used, value=6490576
type=GAUGE, name=jvm.memory.pools.Metaspace.committed, value=53215232
type=GAUGE, name=jvm.memory.pools.Metaspace.init, value=0
type=GAUGE, name=jvm.memory.pools.Metaspace.max, value=-1
type=GAUGE, name=jvm.memory.pools.Metaspace.usage, value=0.9798803470404864
type=GAUGE, name=jvm.memory.pools.Metaspace.used, value=52144560
type=GAUGE, name=jvm.memory.pools.PS-Eden-Space.committed, value=284688384
type=GAUGE, name=jvm.memory.pools.PS-Eden-Space.init, value=16777216
type=GAUGE, name=jvm.memory.pools.PS-Eden-Space.max, value=289406976
type=GAUGE, name=jvm.memory.pools.PS-Eden-Space.usage, value=0.2531034773674564
type=GAUGE, name=jvm.memory.pools.PS-Eden-Space.used, value=73249912
type=GAUGE, name=jvm.memory.pools.PS-Eden-Space.used-after-gc, value=0
type=GAUGE, name=jvm.memory.pools.PS-Old-Gen.committed, value=73400320
type=GAUGE, name=jvm.memory.pools.PS-Old-Gen.init, value=45088768
type=GAUGE, name=jvm.memory.pools.PS-Old-Gen.max, value=716177408
type=GAUGE, name=jvm.memory.pools.PS-Old-Gen.usage, value=0.07886385603495608
type=GAUGE, name=jvm.memory.pools.PS-Old-Gen.used, value=56480512
type=GAUGE, name=jvm.memory.pools.PS-Old-Gen.used-after-gc, value=23799888
type=GAUGE, name=jvm.memory.pools.PS-Survivor-Space.committed, value=33554432
type=GAUGE, name=jvm.memory.pools.PS-Survivor-Space.init, value=2621440
type=GAUGE, name=jvm.memory.pools.PS-Survivor-Space.max, value=33554432
type=GAUGE, name=jvm.memory.pools.PS-Survivor-Space.usage, value=0.5845868587493896
type=GAUGE, name=jvm.memory.pools.PS-Survivor-Space.used, value=19615480
type=GAUGE, name=jvm.memory.pools.PS-Survivor-Space.used-after-gc, value=19615480
type=GAUGE, name=jvm.memory.total.committed, value=471924736
type=GAUGE, name=jvm.memory.total.init, value=69664768
type=GAUGE, name=jvm.memory.total.max, value=954728447
type=GAUGE, name=jvm.memory.total.used, value=233227056
type=GAUGE, name=thread-states.blocked.count, value=0
type=GAUGE, name=thread-states.count, value=9
type=GAUGE, name=thread-states.daemon.count, value=8
type=GAUGE, name=thread-states.deadlock.count, value=0
type=GAUGE, name=thread-states.deadlocks, value=[]
type=GAUGE, name=thread-states.new.count, value=0
type=GAUGE, name=thread-states.runnable.count, value=3
type=GAUGE, name=thread-states.terminated.count, value=0
type=GAUGE, name=thread-states.timed_waiting.count, value=1
type=GAUGE, name=thread-states.waiting.count, value=4
